
VALIDATION:
...
                 |  F1@-1 |   F1@1 |  F1@10 |   F1@5 | NDCG@-1 | NDCG@1 | NDCG@10 | NDCG@100 | NDCG@50 | Precision@-1 | Precision@1 | Precision@10 | Precision@5 | Recall@-1 | Recall@1 | Recall@10 | Recall@20 | Recall@5 | Recall@50 | Time (s)
---------------- + ------ + ------ + ------ + ------ + ------- + ------ + ------- + -------- + ------- + ------------ + ----------- + ------------ + ----------- + --------- + -------- + --------- + --------- + -------- + --------- + --------
MostPop          | 0.0534 | 0.3291 | 0.1840 | 0.2613 |  0.6208 | 0.3725 |  0.5787 |   0.6208 |  0.6208 |       0.0277 |      0.3725 |       0.1058 |      0.1684 |    1.0000 |   0.3106 |    0.8327 |    0.9309 |   0.6677 |    1.0000 |   4.1897
MF               | 0.0534 | 0.0026 | 0.1459 | 0.1718 |  0.3810 | 0.0032 |  0.2964 |   0.3810 |  0.3810 |       0.0277 |      0.0032 |       0.0838 |      0.1102 |    1.0000 |   0.0024 |    0.6633 |    0.8426 |   0.4436 |    0.9998 |   4.4154
online_ibpr      | 0.0534 | 0.0488 | 0.0624 | 0.0582 |  0.3076 | 0.0599 |  0.1432 |   0.3076 |  0.3071 |       0.0277 |      0.0599 |       0.0361 |      0.0380 |    1.0000 |   0.0443 |    0.2748 |    0.4958 |   0.1444 |    0.9969 |   4.2334
BiVAECF          | 0.0534 | 0.2859 | 0.1828 | 0.2563 |  0.5974 | 0.3264 |  0.5549 |   0.5974 |  0.5972 |       0.0277 |      0.3264 |       0.1051 |      0.1651 |    1.0000 |   0.2688 |    0.8272 |    0.9206 |   0.6546 |    0.9991 |   4.6533
GridSearch_BPR   | 0.0534 | 0.3341 | 0.1840 | 0.2587 |  0.6236 | 0.3785 |  0.5816 |   0.6236 |  0.6236 |       0.0277 |      0.3785 |       0.1058 |      0.1667 |    1.0000 |   0.3153 |    0.8329 |    0.9301 |   0.6610 |    1.0000 |   4.5207
GridSearch_EASEᴿ | 0.0534 | 0.3268 | 0.1862 | 0.2655 |  0.6246 | 0.3711 |  0.5848 |   0.6246 |  0.6243 |       0.0277 |      0.3711 |       0.1071 |      0.1713 |    1.0000 |   0.3080 |    0.8403 |    0.9308 |   0.6773 |    0.9983 |   4.3533

TEST:
...
                 |  F1@-1 |   F1@1 |  F1@10 |   F1@5 | NDCG@-1 | NDCG@1 | NDCG@10 | NDCG@100 | NDCG@50 | Precision@-1 | Precision@1 | Precision@10 | Precision@5 | Recall@-1 | Recall@1 | Recall@10 | Recall@20 | Recall@5 | Recall@50 | Train (s) | Test (s)
---------------- + ------ + ------ + ------ + ------ + ------- + ------ + ------- + -------- + ------- + ------------ + ----------- + ------------ + ----------- + --------- + -------- + --------- + --------- + -------- + --------- + --------- + --------
MostPop          | 0.0543 | 0.3714 | 0.1869 | 0.2683 |  0.6447 | 0.4197 |  0.6051 |   0.6447 |  0.6447 |       0.0283 |      0.4197 |       0.1077 |      0.1731 |    1.0000 |   0.3508 |    0.8415 |    0.9303 |   0.6847 |    1.0000 |    0.0028 |   4.2755
MF               | 0.0543 | 0.0042 | 0.1485 | 0.1797 |  0.3865 | 0.0050 |  0.3039 |   0.3865 |  0.3865 |       0.0283 |      0.0050 |       0.0855 |      0.1154 |    1.0000 |   0.0039 |    0.6708 |    0.8453 |   0.4633 |    0.9998 |    0.0477 |   4.5261
online_ibpr      | 0.0543 | 0.0490 | 0.0630 | 0.0610 |  0.3099 | 0.0602 |  0.1453 |   0.3099 |  0.3096 |       0.0283 |      0.0602 |       0.0365 |      0.0398 |    1.0000 |   0.0444 |    0.2781 |    0.5090 |   0.1521 |    0.9982 |    5.9771 |   4.3411
BiVAECF          | 0.0543 | 0.3217 | 0.1855 | 0.2656 |  0.6202 | 0.3652 |  0.5804 |   0.6202 |  0.6201 |       0.0283 |      0.3652 |       0.1069 |      0.1716 |    1.0000 |   0.3031 |    0.8358 |    0.9199 |   0.6766 |    0.9993 |   40.2196 |   4.7480
GridSearch_BPR   | 0.0543 | 0.3794 | 0.1868 | 0.2670 |  0.6484 | 0.4289 |  0.6088 |   0.6484 |  0.6484 |       0.0283 |      0.4289 |       0.1076 |      0.1724 |    1.0000 |   0.3583 |    0.8412 |    0.9293 |   0.6805 |    1.0000 |   17.3843 |   4.4587
GridSearch_EASEᴿ | 0.0543 | 0.3755 | 0.1885 | 0.2785 |  0.6549 | 0.4253 |  0.6169 |   0.6549 |  0.6546 |       0.0283 |      0.4253 |       0.1087 |      0.1801 |    1.0000 |   0.3542 |    0.8472 |    0.9320 |   0.7076 |    0.9983 |    2.4421 |   4.6135
