
VALIDATION:
...
                 |  F1@-1 |   F1@1 |  F1@10 |   F1@5 | NDCG@-1 | NDCG@1 | NDCG@10 | NDCG@100 | NDCG@50 | Precision@-1 | Precision@1 | Precision@10 | Precision@5 | Recall@-1 | Recall@1 | Recall@10 | Recall@20 | Recall@5 | Recall@50 | Time (s)
---------------- + ------ + ------ + ------ + ------ + ------- + ------ + ------- + -------- + ------- + ------------ + ----------- + ------------ + ----------- + --------- + -------- + --------- + --------- + -------- + --------- + --------
MostPop          | 0.0534 | 0.3291 | 0.1840 | 0.2613 |  0.6208 | 0.3725 |  0.5787 |   0.6208 |  0.6208 |       0.0277 |      0.3725 |       0.1058 |      0.1684 |    1.0000 |   0.3106 |    0.8327 |    0.9309 |   0.6677 |    1.0000 |   4.9107
MF               | 0.0534 | 0.0026 | 0.1279 | 0.1306 |  0.3611 | 0.0032 |  0.2548 |   0.3611 |  0.3611 |       0.0277 |      0.0032 |       0.0735 |      0.0841 |    1.0000 |   0.0024 |    0.5794 |    0.8462 |   0.3350 |    1.0000 |   5.6807
online_ibpr      | 0.0534 | 0.0320 | 0.0632 | 0.0501 |  0.2958 | 0.0387 |  0.1340 |   0.2958 |  0.2953 |       0.0277 |      0.0387 |       0.0364 |      0.0326 |    1.0000 |   0.0293 |    0.2817 |    0.4958 |   0.1252 |    0.9969 |   4.1743
GridSearch_BPR   | 0.0534 | 0.3341 | 0.1840 | 0.2587 |  0.6236 | 0.3785 |  0.5816 |   0.6236 |  0.6236 |       0.0277 |      0.3785 |       0.1058 |      0.1667 |    1.0000 |   0.3153 |    0.8329 |    0.9301 |   0.6610 |    1.0000 |   4.4092
GridSearch_EASEᴿ | 0.0534 | 0.3268 | 0.1862 | 0.2655 |  0.6246 | 0.3711 |  0.5848 |   0.6246 |  0.6243 |       0.0277 |      0.3711 |       0.1071 |      0.1713 |    1.0000 |   0.3080 |    0.8403 |    0.9308 |   0.6773 |    0.9983 |   4.5912
BiVAECF          | 0.0534 | 0.3166 | 0.1855 | 0.2608 |  0.6158 | 0.3598 |  0.5759 |   0.6158 |  0.6158 |       0.0277 |      0.3598 |       0.1066 |      0.1680 |    1.0000 |   0.2982 |    0.8397 |    0.9319 |   0.6669 |    0.9998 |   4.8328

TEST:
...
                 |  F1@-1 |   F1@1 |  F1@10 |   F1@5 | NDCG@-1 | NDCG@1 | NDCG@10 | NDCG@100 | NDCG@50 | Precision@-1 | Precision@1 | Precision@10 | Precision@5 | Recall@-1 | Recall@1 | Recall@10 | Recall@20 | Recall@5 | Recall@50 | Train (s) | Test (s)
---------------- + ------ + ------ + ------ + ------ + ------- + ------ + ------- + -------- + ------- + ------------ + ----------- + ------------ + ----------- + --------- + -------- + --------- + --------- + -------- + --------- + --------- + --------
MostPop          | 0.0543 | 0.3714 | 0.1869 | 0.2683 |  0.6447 | 0.4197 |  0.6051 |   0.6447 |  0.6447 |       0.0283 |      0.4197 |       0.1077 |      0.1731 |    1.0000 |   0.3508 |    0.8415 |    0.9303 |   0.6847 |    1.0000 |    0.0030 |   5.2236
MF               | 0.0543 | 0.0040 | 0.1305 | 0.1376 |  0.3655 | 0.0048 |  0.2607 |   0.3655 |  0.3655 |       0.0283 |      0.0048 |       0.0753 |      0.0889 |    1.0000 |   0.0037 |    0.5854 |    0.8512 |   0.3516 |    0.9998 |    0.4027 |   5.7625
online_ibpr      | 0.0543 | 0.0298 | 0.0659 | 0.0498 |  0.2961 | 0.0361 |  0.1369 |   0.2961 |  0.2959 |       0.0283 |      0.0361 |       0.0381 |      0.0327 |    1.0000 |   0.0273 |    0.2940 |    0.4956 |   0.1225 |    0.9991 |    5.0880 |   4.6271
GridSearch_BPR   | 0.0543 | 0.3794 | 0.1868 | 0.2670 |  0.6484 | 0.4289 |  0.6088 |   0.6484 |  0.6484 |       0.0283 |      0.4289 |       0.1076 |      0.1724 |    1.0000 |   0.3583 |    0.8412 |    0.9293 |   0.6805 |    1.0000 |   17.7942 |   5.5751
GridSearch_EASEᴿ | 0.0543 | 0.3755 | 0.1885 | 0.2785 |  0.6549 | 0.4253 |  0.6169 |   0.6549 |  0.6546 |       0.0283 |      0.4253 |       0.1087 |      0.1801 |    1.0000 |   0.3542 |    0.8472 |    0.9320 |   0.7076 |    0.9983 |    2.4810 |   4.7101
BiVAECF          | 0.0543 | 0.3543 | 0.1866 | 0.2666 |  0.6375 | 0.4008 |  0.5978 |   0.6375 |  0.6374 |       0.0283 |      0.4008 |       0.1075 |      0.1723 |    1.0000 |   0.3344 |    0.8396 |    0.9293 |   0.6789 |    0.9998 |   40.1660 |   4.8312
