[restaurants] -> newyorkcity
2023-05-22 21:31:22.566554: I tensorflow/core/platform/cpu_feature_guard.cc:193] This TensorFlow binary is optimized with oneAPI Deep Neural Network Library (oneDNN) to use the following CPU instructions in performance-critical operations:  SSE3 SSE4.1 SSE4.2 AVX AVX2 FMA
To enable them in other operations, rebuild TensorFlow with the appropriate compiler flags.
/media/nas/pperez/miniconda3/envs/TAVtext/lib/python3.8/site-packages/tensorflow_addons/utils/tfa_eol_msg.py:23: UserWarning: 

TensorFlow Addons (TFA) has ended development and introduction of new features.
TFA has entered a minimal maintenance and release mode until a planned end of life in May 2024.
Please modify downstream libraries to take dependencies from other repositories in our TensorFlow community (e.g. Keras, Keras-CV, and Keras-NLP). 

For more information see: https://github.com/tensorflow/addons/issues/2807 

  warnings.warn(
[94mLoading best model: bf1ad401491f16a4b4c20361be55e9e5[0m
[nltk_data] Downloading package stopwords to /home/pperez/nltk_data...
[nltk_data]   Package stopwords is already up-to-date!
[restaurants] -> paris
/media/nas/pperez/miniconda3/envs/TAVtext/lib/python3.8/site-packages/sklearn/base.py:318: UserWarning: Trying to unpickle estimator CountVectorizer from version 1.1.0 when using version 1.2.2. This might lead to breaking code or invalid results. Use at your own risk. For more info please refer to:
https://scikit-learn.org/stable/model_persistence.html#security-maintainability-limitations
  warnings.warn(
[93m[WARNING] Model folder already exists...[0m
2023-05-22 21:31:27.351957: I tensorflow/core/platform/cpu_feature_guard.cc:193] This TensorFlow binary is optimized with oneAPI Deep Neural Network Library (oneDNN) to use the following CPU instructions in performance-critical operations:  SSE3 SSE4.1 SSE4.2 AVX AVX2 FMA
To enable them in other operations, rebuild TensorFlow with the appropriate compiler flags.
WARNING:tensorflow:From /media/nas/pperez/miniconda3/envs/TAVtext/lib/python3.8/site-packages/tensorflow/python/autograph/pyct/static_analysis/liveness.py:83: Analyzer.lamba_check (from tensorflow.python.autograph.pyct.static_analysis.liveness) is deprecated and will be removed after 2023-09-23.
Instructions for updating:
Lambda fuctions will be no more assumed to be used in the statement where they are used, or at least in the same block. https://github.com/tensorflow/tensorflow/issues/56089
WARNING:tensorflow:From /media/nas/pperez/miniconda3/envs/TAVtext/lib/python3.8/site-packages/tensorflow/python/autograph/pyct/static_analysis/liveness.py:83: Analyzer.lamba_check (from tensorflow.python.autograph.pyct.static_analysis.liveness) is deprecated and will be removed after 2023-09-23.
Instructions for updating:
Lambda fuctions will be no more assumed to be used in the statement where they are used, or at least in the same block. https://github.com/tensorflow/tensorflow/issues/56089
Model: "model"
_________________________________________________________________
 Layer (type)                Output Shape              Param #   
=================================================================
 input_1 (InputLayer)        [(None,)]                 0         
                                                                 
 USEM (KerasLayer)           (None, 512)               68927232  
                                                                 
 dropout (Dropout)           (None, 512)               0         
                                                                 
 out (Dense)                 (None, 1985)              1018305   
                                                                 
=================================================================
Total params: 69,945,537
Trainable params: 69,945,537
Non-trainable params: 0
_________________________________________________________________
None
/media/nas/pperez/miniconda3/envs/TAVtext/lib/python3.8/site-packages/tensorflow_addons/utils/tfa_eol_msg.py:23: UserWarning: 

TensorFlow Addons (TFA) has ended development and introduction of new features.
TFA has entered a minimal maintenance and release mode until a planned end of life in May 2024.
Please modify downstream libraries to take dependencies from other repositories in our TensorFlow community (e.g. Keras, Keras-CV, and Keras-NLP). 

For more information see: https://github.com/tensorflow/addons/issues/2807 

  warnings.warn(
[92m[INFO] Best epoch number: 108[0m
[92m[INFO] Model already trained. Loading weights...[0m
[94mLoading best model: f77689739fee40dfa623d0c1e5f8eb58[0m
[nltk_data] Downloading package stopwords to /home/pperez/nltk_data...
[nltk_data]   Package stopwords is already up-to-date!
[92m[INFO] There are 54939 evaluation examples.[0m
/media/nas/pperez/miniconda3/envs/TAVtext/lib/python3.8/site-packages/sklearn/base.py:318: UserWarning: Trying to unpickle estimator CountVectorizer from version 1.1.0 when using version 1.2.2. This might lead to breaking code or invalid results. Use at your own risk. For more info please refer to:
https://scikit-learn.org/stable/model_persistence.html#security-maintainability-limitations
  warnings.warn(
[93m[WARNING] Model folder already exists...[0m
WARNING:tensorflow:From /media/nas/pperez/miniconda3/envs/TAVtext/lib/python3.8/site-packages/tensorflow/python/autograph/pyct/static_analysis/liveness.py:83: Analyzer.lamba_check (from tensorflow.python.autograph.pyct.static_analysis.liveness) is deprecated and will be removed after 2023-09-23.
Instructions for updating:
Lambda fuctions will be no more assumed to be used in the statement where they are used, or at least in the same block. https://github.com/tensorflow/tensorflow/issues/56089
WARNING:tensorflow:From /media/nas/pperez/miniconda3/envs/TAVtext/lib/python3.8/site-packages/tensorflow/python/autograph/pyct/static_analysis/liveness.py:83: Analyzer.lamba_check (from tensorflow.python.autograph.pyct.static_analysis.liveness) is deprecated and will be removed after 2023-09-23.
Instructions for updating:
Lambda fuctions will be no more assumed to be used in the statement where they are used, or at least in the same block. https://github.com/tensorflow/tensorflow/issues/56089
Model: "model"
_________________________________________________________________
 Layer (type)                Output Shape              Param #   
=================================================================
 input_1 (InputLayer)        [(None,)]                 0         
                                                                 
 USEM (KerasLayer)           (None, 512)               68927232  
                                                                 
 dropout (Dropout)           (None, 512)               0         
                                                                 
 out (Dense)                 (None, 3415)              1751895   
                                                                 
=================================================================
Total params: 70,679,127
Trainable params: 70,679,127
Non-trainable params: 0
_________________________________________________________________
None
[92m[INFO] Best epoch number: 19[0m
[92m[INFO] Model already trained. Loading weights...[0m
[92m[INFO] There are 52370 evaluation examples.[0m
[92m       loss    NDCG@1   NDCG@10  ...      F1@1      F1@5     F1@10
0  3.067741  0.412749  0.537569  ...  0.412694  0.200422  0.122701

[1 rows x 13 columns][0m
[94mLoading best model: 8b74c00371d98f236fb265dd46b234c4[0m
[nltk_data] Downloading package stopwords to /home/pperez/nltk_data...
[nltk_data]   Package stopwords is already up-to-date!
/media/nas/pperez/miniconda3/envs/TAVtext/lib/python3.8/site-packages/sklearn/base.py:318: UserWarning: Trying to unpickle estimator CountVectorizer from version 1.1.0 when using version 1.2.2. This might lead to breaking code or invalid results. Use at your own risk. For more info please refer to:
https://scikit-learn.org/stable/model_persistence.html#security-maintainability-limitations
  warnings.warn(
[93m[WARNING] Model folder already exists...[0m
Model: "ATT2ITM_0"
__________________________________________________________________________________________________
 Layer (type)                   Output Shape         Param #     Connected to                     
==================================================================================================
 input_2 (InputLayer)           [(None, 200)]        0           []                               
                                                                                                  
 input_3 (InputLayer)           [(None, 1985)]       0           []                               
                                                                                                  
 embedding (Embedding)          (None, 200, 384)     4634112     ['input_2[0][0]']                
                                                                                                  
 in_rsts (Embedding)            (None, 1985, 384)    762240      ['input_3[0][0]']                
                                                                                                  
 dense (Dense)                  (None, 200, 256)     98560       ['embedding[0][0]']              
                                                                                                  
 dense_2 (Dense)                (None, 1985, 256)    98560       ['in_rsts[0][0]']                
                                                                                                  
 tf.math.not_equal (TFOpLambda)  (None, 200)         0           ['input_2[0][0]']                
                                                                                                  
 dense_1 (Dense)                (None, 200, 128)     32896       ['dense[0][0]']                  
                                                                                                  
 dense_3 (Dense)                (None, 1985, 128)    32896       ['dense_2[0][0]']                
                                                                                                  
 tf.cast (TFOpLambda)           (None, 200)          0           ['tf.math.not_equal[0][0]']      
                                                                                                  
 word_emb (Lambda)              (None, 200, 128)     0           ['dense_1[0][0]']                
                                                                                                  
 rest_emb (Lambda)              (None, 1985, 128)    0           ['dense_3[0][0]']                
                                                                                                  
 tf.expand_dims (TFOpLambda)    (None, 200, 1)       0           ['tf.cast[0][0]']                
                                                                                                  
 lambda (Lambda)                (None, 200, 1985)    0           ['word_emb[0][0]',               
                                                                  'rest_emb[0][0]']               
                                                                                                  
 tf.tile (TFOpLambda)           (None, 200, 1985)    0           ['tf.expand_dims[0][0]']         
                                                                                                  
 lambda_1 (Lambda)              (None, 200, 1985)    0           ['lambda[0][0]',                 
                                                                  'tf.tile[0][0]']                
                                                                                                  
 dotprod (Activation)           (None, 200, 1985)    0           ['lambda_1[0][0]']               
                                                                                                  
 dropout_1 (Dropout)            (None, 200, 1985)    0           ['dotprod[0][0]']                
                                                                                                  
 sum (Lambda)                   (None, 1985)         0           ['dropout_1[0][0]']              
                                                                                                  
 out (Activation)               (None, 1985)         0           ['sum[0][0]']                    
                                                                                                  
==================================================================================================
Total params: 5,659,264
Trainable params: 5,659,264
Non-trainable params: 0
__________________________________________________________________________________________________
None
[92m[INFO] Best epoch number: 1000[0m
[92m[INFO] Model already trained. Loading weights...[0m
[92m[INFO] There are 54939 evaluation examples.[0m
WARNING:tensorflow:Detecting that an object or model or tf.train.Checkpoint is being deleted with unrestored values. See the following logs for the specific values in question. To silence these warnings, use `status.expect_partial()`. See https://www.tensorflow.org/api_docs/python/tf/train/Checkpoint#restorefor details about the status object returned by the restore function.
WARNING:tensorflow:Detecting that an object or model or tf.train.Checkpoint is being deleted with unrestored values. See the following logs for the specific values in question. To silence these warnings, use `status.expect_partial()`. See https://www.tensorflow.org/api_docs/python/tf/train/Checkpoint#restorefor details about the status object returned by the restore function.
WARNING:tensorflow:Value in checkpoint could not be found in the restored object: (root).optimizer.beta_1
WARNING:tensorflow:Value in checkpoint could not be found in the restored object: (root).optimizer.beta_1
WARNING:tensorflow:Value in checkpoint could not be found in the restored object: (root).optimizer.beta_2
WARNING:tensorflow:Value in checkpoint could not be found in the restored object: (root).optimizer.beta_2
WARNING:tensorflow:Value in checkpoint could not be found in the restored object: (root).optimizer.decay
WARNING:tensorflow:Value in checkpoint could not be found in the restored object: (root).optimizer.decay
WARNING:tensorflow:Value in checkpoint could not be found in the restored object: (root).optimizer.learning_rate
WARNING:tensorflow:Value in checkpoint could not be found in the restored object: (root).optimizer.learning_rate
WARNING:tensorflow:Value in checkpoint could not be found in the restored object: (root).optimizer.iter
WARNING:tensorflow:Value in checkpoint could not be found in the restored object: (root).optimizer.iter
WARNING:tensorflow:Value in checkpoint could not be found in the restored object: (root).optimizer.loss_scale.current_loss_scale
WARNING:tensorflow:Value in checkpoint could not be found in the restored object: (root).optimizer.loss_scale.current_loss_scale
WARNING:tensorflow:Value in checkpoint could not be found in the restored object: (root).optimizer.loss_scale.good_steps
WARNING:tensorflow:Value in checkpoint could not be found in the restored object: (root).optimizer.loss_scale.good_steps
[92m       loss    NDCG@1   NDCG@10  ...      F1@1      F1@5     F1@10
0  4.640401  0.240901  0.341196  ...  0.240939  0.129973  0.083181

[1 rows x 13 columns][0m
[94mLoading best model: 93b1f31e2c35a560da30ecd7415f755e[0m
[nltk_data] Downloading package stopwords to /home/pperez/nltk_data...
[nltk_data]   Package stopwords is already up-to-date!
/media/nas/pperez/miniconda3/envs/TAVtext/lib/python3.8/site-packages/sklearn/base.py:318: UserWarning: Trying to unpickle estimator CountVectorizer from version 1.1.0 when using version 1.2.2. This might lead to breaking code or invalid results. Use at your own risk. For more info please refer to:
https://scikit-learn.org/stable/model_persistence.html#security-maintainability-limitations
  warnings.warn(
[93m[WARNING] Model folder already exists...[0m
Model: "ATT2ITM_0"
__________________________________________________________________________________________________
 Layer (type)                   Output Shape         Param #     Connected to                     
==================================================================================================
 input_2 (InputLayer)           [(None, 178)]        0           []                               
                                                                                                  
 input_3 (InputLayer)           [(None, 3415)]       0           []                               
                                                                                                  
 embedding (Embedding)          (None, 178, 384)     5538048     ['input_2[0][0]']                
                                                                                                  
 in_rsts (Embedding)            (None, 3415, 384)    1311360     ['input_3[0][0]']                
                                                                                                  
 dense (Dense)                  (None, 178, 256)     98560       ['embedding[0][0]']              
                                                                                                  
 dense_2 (Dense)                (None, 3415, 256)    98560       ['in_rsts[0][0]']                
                                                                                                  
 tf.math.not_equal (TFOpLambda)  (None, 178)         0           ['input_2[0][0]']                
                                                                                                  
 dense_1 (Dense)                (None, 178, 128)     32896       ['dense[0][0]']                  
                                                                                                  
 dense_3 (Dense)                (None, 3415, 128)    32896       ['dense_2[0][0]']                
                                                                                                  
 tf.cast (TFOpLambda)           (None, 178)          0           ['tf.math.not_equal[0][0]']      
                                                                                                  
 word_emb (Lambda)              (None, 178, 128)     0           ['dense_1[0][0]']                
                                                                                                  
 rest_emb (Lambda)              (None, 3415, 128)    0           ['dense_3[0][0]']                
                                                                                                  
 tf.expand_dims (TFOpLambda)    (None, 178, 1)       0           ['tf.cast[0][0]']                
                                                                                                  
 lambda (Lambda)                (None, 178, 3415)    0           ['word_emb[0][0]',               
                                                                  'rest_emb[0][0]']               
                                                                                                  
 tf.tile (TFOpLambda)           (None, 178, 3415)    0           ['tf.expand_dims[0][0]']         
                                                                                                  
 lambda_1 (Lambda)              (None, 178, 3415)    0           ['lambda[0][0]',                 
                                                                  'tf.tile[0][0]']                
                                                                                                  
 dotprod (Activation)           (None, 178, 3415)    0           ['lambda_1[0][0]']               
                                                                                                  
 dropout_1 (Dropout)            (None, 178, 3415)    0           ['dotprod[0][0]']                
                                                                                                  
 sum (Lambda)                   (None, 3415)         0           ['dropout_1[0][0]']              
                                                                                                  
 out (Activation)               (None, 3415)         0           ['sum[0][0]']                    
                                                                                                  
==================================================================================================
Total params: 7,112,320
Trainable params: 7,112,320
Non-trainable params: 0
__________________________________________________________________________________________________
None
[92m[INFO] Best epoch number: 984[0m
[92m[INFO] Model already trained. Loading weights...[0m
[92m[INFO] There are 52370 evaluation examples.[0m
[92m       loss    NDCG@1   NDCG@10  ...      F1@1     F1@5     F1@10
0  3.158328  0.432844  0.562279  ...  0.432844  0.20996  0.127685

[1 rows x 13 columns][0m
[94mLoading best model: 03249d447359cf2ea87d87d3de473d6c[0m
[nltk_data] Downloading package stopwords to /home/pperez/nltk_data...
[nltk_data]   Package stopwords is already up-to-date!
/media/nas/pperez/miniconda3/envs/TAVtext/lib/python3.8/site-packages/sklearn/base.py:318: UserWarning: Trying to unpickle estimator CountVectorizer from version 1.1.0 when using version 1.2.2. This might lead to breaking code or invalid results. Use at your own risk. For more info please refer to:
https://scikit-learn.org/stable/model_persistence.html#security-maintainability-limitations
  warnings.warn(
[93m[WARNING] Model folder already exists...[0m
2023-05-22 21:33:17.061340: W tensorflow/tsl/framework/cpu_allocator_impl.cc:82] Allocation of 16745368592 exceeds 10% of free system memory.
2023-05-22 21:33:24.611267: W tensorflow/tsl/framework/cpu_allocator_impl.cc:82] Allocation of 16745368592 exceeds 10% of free system memory.
[92m[INFO] Best epoch number: 33[0m
[92m[INFO] Model already trained. Loading weights...[0m
[92m[INFO] There are 54939 evaluation examples.[0m
[92m       loss   NDCG@1   NDCG@10  ...      F1@1      F1@5     F1@10
0  4.448006  0.28545  0.396037  ...  0.285469  0.149908  0.095002

[1 rows x 13 columns][0m
[94mLoading best model: 6aea4232acc6d6e60e572d5e8bd9103f[0m
[nltk_data] Downloading package stopwords to /home/pperez/nltk_data...
[nltk_data]   Package stopwords is already up-to-date!
WARNING:tensorflow:Detecting that an object or model or tf.train.Checkpoint is being deleted with unrestored values. See the following logs for the specific values in question. To silence these warnings, use `status.expect_partial()`. See https://www.tensorflow.org/api_docs/python/tf/train/Checkpoint#restorefor details about the status object returned by the restore function.
WARNING:tensorflow:Detecting that an object or model or tf.train.Checkpoint is being deleted with unrestored values. See the following logs for the specific values in question. To silence these warnings, use `status.expect_partial()`. See https://www.tensorflow.org/api_docs/python/tf/train/Checkpoint#restorefor details about the status object returned by the restore function.
WARNING:tensorflow:Value in checkpoint could not be found in the restored object: (root).optimizer.beta_1
WARNING:tensorflow:Value in checkpoint could not be found in the restored object: (root).optimizer.beta_1
WARNING:tensorflow:Value in checkpoint could not be found in the restored object: (root).optimizer.beta_2
WARNING:tensorflow:Value in checkpoint could not be found in the restored object: (root).optimizer.beta_2
WARNING:tensorflow:Value in checkpoint could not be found in the restored object: (root).optimizer.decay
WARNING:tensorflow:Value in checkpoint could not be found in the restored object: (root).optimizer.decay
WARNING:tensorflow:Value in checkpoint could not be found in the restored object: (root).optimizer.learning_rate
WARNING:tensorflow:Value in checkpoint could not be found in the restored object: (root).optimizer.learning_rate
WARNING:tensorflow:Value in checkpoint could not be found in the restored object: (root).optimizer.iter
WARNING:tensorflow:Value in checkpoint could not be found in the restored object: (root).optimizer.iter
WARNING:tensorflow:Value in checkpoint could not be found in the restored object: (root).optimizer.loss_scale.current_loss_scale
WARNING:tensorflow:Value in checkpoint could not be found in the restored object: (root).optimizer.loss_scale.current_loss_scale
WARNING:tensorflow:Value in checkpoint could not be found in the restored object: (root).optimizer.loss_scale.good_steps
WARNING:tensorflow:Value in checkpoint could not be found in the restored object: (root).optimizer.loss_scale.good_steps
/media/nas/pperez/miniconda3/envs/TAVtext/lib/python3.8/site-packages/sklearn/base.py:318: UserWarning: Trying to unpickle estimator CountVectorizer from version 1.1.0 when using version 1.2.2. This might lead to breaking code or invalid results. Use at your own risk. For more info please refer to:
https://scikit-learn.org/stable/model_persistence.html#security-maintainability-limitations
  warnings.warn(
[93m[WARNING] Model folder already exists...[0m
2023-05-22 21:33:52.655713: W tensorflow/tsl/framework/cpu_allocator_impl.cc:82] Allocation of 14334173792 exceeds 10% of free system memory.
2023-05-22 21:33:57.689845: W tensorflow/tsl/framework/cpu_allocator_impl.cc:82] Allocation of 14334173792 exceeds 10% of free system memory.
[92m[INFO] Best epoch number: 56[0m
[92m[INFO] Model already trained. Loading weights...[0m
[92m[INFO] There are 52370 evaluation examples.[0m
[92m       loss    NDCG@1   NDCG@10  ...      F1@1      F1@5     F1@10
0  3.519101  0.388249  0.513455  ...  0.388576  0.192765  0.118515

[1 rows x 13 columns][0m
/media/nas/pperez/miniconda3/envs/TAVtext/lib/python3.8/site-packages/cornac/data/dataset.py:361: UserWarning: 14622 duplicated observations are removed!
  warnings.warn("%d duplicated observations are removed!" % dup_count)
WARNING:tensorflow:Detecting that an object or model or tf.train.Checkpoint is being deleted with unrestored values. See the following logs for the specific values in question. To silence these warnings, use `status.expect_partial()`. See https://www.tensorflow.org/api_docs/python/tf/train/Checkpoint#restorefor details about the status object returned by the restore function.
WARNING:tensorflow:Detecting that an object or model or tf.train.Checkpoint is being deleted with unrestored values. See the following logs for the specific values in question. To silence these warnings, use `status.expect_partial()`. See https://www.tensorflow.org/api_docs/python/tf/train/Checkpoint#restorefor details about the status object returned by the restore function.
WARNING:tensorflow:Value in checkpoint could not be found in the restored object: (root).optimizer.beta_1
WARNING:tensorflow:Value in checkpoint could not be found in the restored object: (root).optimizer.beta_1
WARNING:tensorflow:Value in checkpoint could not be found in the restored object: (root).optimizer.beta_2
WARNING:tensorflow:Value in checkpoint could not be found in the restored object: (root).optimizer.beta_2
WARNING:tensorflow:Value in checkpoint could not be found in the restored object: (root).optimizer.decay
WARNING:tensorflow:Value in checkpoint could not be found in the restored object: (root).optimizer.decay
WARNING:tensorflow:Value in checkpoint could not be found in the restored object: (root).optimizer.learning_rate
WARNING:tensorflow:Value in checkpoint could not be found in the restored object: (root).optimizer.learning_rate
WARNING:tensorflow:Value in checkpoint could not be found in the restored object: (root).optimizer.iter
WARNING:tensorflow:Value in checkpoint could not be found in the restored object: (root).optimizer.iter
WARNING:tensorflow:Value in checkpoint could not be found in the restored object: (root).optimizer.loss_scale.current_loss_scale
WARNING:tensorflow:Value in checkpoint could not be found in the restored object: (root).optimizer.loss_scale.current_loss_scale
WARNING:tensorflow:Value in checkpoint could not be found in the restored object: (root).optimizer.loss_scale.good_steps
WARNING:tensorflow:Value in checkpoint could not be found in the restored object: (root).optimizer.loss_scale.good_steps
WARNING:tensorflow:Detecting that an object or model or tf.train.Checkpoint is being deleted with unrestored values. See the following logs for the specific values in question. To silence these warnings, use `status.expect_partial()`. See https://www.tensorflow.org/api_docs/python/tf/train/Checkpoint#restorefor details about the status object returned by the restore function.
WARNING:tensorflow:Detecting that an object or model or tf.train.Checkpoint is being deleted with unrestored values. See the following logs for the specific values in question. To silence these warnings, use `status.expect_partial()`. See https://www.tensorflow.org/api_docs/python/tf/train/Checkpoint#restorefor details about the status object returned by the restore function.
WARNING:tensorflow:Value in checkpoint could not be found in the restored object: (root).optimizer.beta_1
WARNING:tensorflow:Value in checkpoint could not be found in the restored object: (root).optimizer.beta_1
WARNING:tensorflow:Value in checkpoint could not be found in the restored object: (root).optimizer.beta_2
WARNING:tensorflow:Value in checkpoint could not be found in the restored object: (root).optimizer.beta_2
WARNING:tensorflow:Value in checkpoint could not be found in the restored object: (root).optimizer.decay
WARNING:tensorflow:Value in checkpoint could not be found in the restored object: (root).optimizer.decay
WARNING:tensorflow:Value in checkpoint could not be found in the restored object: (root).optimizer.learning_rate
WARNING:tensorflow:Value in checkpoint could not be found in the restored object: (root).optimizer.learning_rate
WARNING:tensorflow:Value in checkpoint could not be found in the restored object: (root).optimizer.iter
WARNING:tensorflow:Value in checkpoint could not be found in the restored object: (root).optimizer.iter
WARNING:tensorflow:Value in checkpoint could not be found in the restored object: (root).optimizer.loss_scale.current_loss_scale
WARNING:tensorflow:Value in checkpoint could not be found in the restored object: (root).optimizer.loss_scale.current_loss_scale
WARNING:tensorflow:Value in checkpoint could not be found in the restored object: (root).optimizer.loss_scale.good_steps
WARNING:tensorflow:Value in checkpoint could not be found in the restored object: (root).optimizer.loss_scale.good_steps
[92m       loss    NDCG@1  NDCG@10  ...      F1@1      F1@5     F1@10
0  5.079665  0.235211  0.33723  ...  0.235536  0.129088  0.082629

[1 rows x 13 columns][0m
/media/nas/pperez/miniconda3/envs/TAVtext/lib/python3.8/site-packages/cornac/data/dataset.py:361: UserWarning: 17693 duplicated observations are removed!
  warnings.warn("%d duplicated observations are removed!" % dup_count)
WARNING:tensorflow:Detecting that an object or model or tf.train.Checkpoint is being deleted with unrestored values. See the following logs for the specific values in question. To silence these warnings, use `status.expect_partial()`. See https://www.tensorflow.org/api_docs/python/tf/train/Checkpoint#restorefor details about the status object returned by the restore function.
WARNING:tensorflow:Detecting that an object or model or tf.train.Checkpoint is being deleted with unrestored values. See the following logs for the specific values in question. To silence these warnings, use `status.expect_partial()`. See https://www.tensorflow.org/api_docs/python/tf/train/Checkpoint#restorefor details about the status object returned by the restore function.
WARNING:tensorflow:Value in checkpoint could not be found in the restored object: (root).optimizer.beta_1
WARNING:tensorflow:Value in checkpoint could not be found in the restored object: (root).optimizer.beta_1
WARNING:tensorflow:Value in checkpoint could not be found in the restored object: (root).optimizer.beta_2
WARNING:tensorflow:Value in checkpoint could not be found in the restored object: (root).optimizer.beta_2
WARNING:tensorflow:Value in checkpoint could not be found in the restored object: (root).optimizer.decay
WARNING:tensorflow:Value in checkpoint could not be found in the restored object: (root).optimizer.decay
WARNING:tensorflow:Value in checkpoint could not be found in the restored object: (root).optimizer.learning_rate
WARNING:tensorflow:Value in checkpoint could not be found in the restored object: (root).optimizer.learning_rate
WARNING:tensorflow:Value in checkpoint could not be found in the restored object: (root).optimizer.iter
WARNING:tensorflow:Value in checkpoint could not be found in the restored object: (root).optimizer.iter
WARNING:tensorflow:Value in checkpoint could not be found in the restored object: (root).optimizer.loss_scale.current_loss_scale
WARNING:tensorflow:Value in checkpoint could not be found in the restored object: (root).optimizer.loss_scale.current_loss_scale
WARNING:tensorflow:Value in checkpoint could not be found in the restored object: (root).optimizer.loss_scale.good_steps
WARNING:tensorflow:Value in checkpoint could not be found in the restored object: (root).optimizer.loss_scale.good_steps
WARNING:tensorflow:Detecting that an object or model or tf.train.Checkpoint is being deleted with unrestored values. See the following logs for the specific values in question. To silence these warnings, use `status.expect_partial()`. See https://www.tensorflow.org/api_docs/python/tf/train/Checkpoint#restorefor details about the status object returned by the restore function.
WARNING:tensorflow:Detecting that an object or model or tf.train.Checkpoint is being deleted with unrestored values. See the following logs for the specific values in question. To silence these warnings, use `status.expect_partial()`. See https://www.tensorflow.org/api_docs/python/tf/train/Checkpoint#restorefor details about the status object returned by the restore function.
WARNING:tensorflow:Value in checkpoint could not be found in the restored object: (root).optimizer.beta_1
WARNING:tensorflow:Value in checkpoint could not be found in the restored object: (root).optimizer.beta_1
WARNING:tensorflow:Value in checkpoint could not be found in the restored object: (root).optimizer.beta_2
WARNING:tensorflow:Value in checkpoint could not be found in the restored object: (root).optimizer.beta_2
WARNING:tensorflow:Value in checkpoint could not be found in the restored object: (root).optimizer.decay
WARNING:tensorflow:Value in checkpoint could not be found in the restored object: (root).optimizer.decay
WARNING:tensorflow:Value in checkpoint could not be found in the restored object: (root).optimizer.learning_rate
WARNING:tensorflow:Value in checkpoint could not be found in the restored object: (root).optimizer.learning_rate
WARNING:tensorflow:Value in checkpoint could not be found in the restored object: (root).optimizer.iter
WARNING:tensorflow:Value in checkpoint could not be found in the restored object: (root).optimizer.iter
WARNING:tensorflow:Value in checkpoint could not be found in the restored object: (root).optimizer.loss_scale.current_loss_scale
WARNING:tensorflow:Value in checkpoint could not be found in the restored object: (root).optimizer.loss_scale.current_loss_scale
WARNING:tensorflow:Value in checkpoint could not be found in the restored object: (root).optimizer.loss_scale.good_steps
WARNING:tensorflow:Value in checkpoint could not be found in the restored object: (root).optimizer.loss_scale.good_steps
