2021-03-30 11:13:58.374051: I tensorflow/stream_executor/platform/default/dso_loader.cc:49] Successfully opened dynamic library libcudart.so.11.0
[93m[WARNING] Model folder already exists...[0m
[92m[INFO] Loading existing model...[0m
[92m[INFO] Model already trained![0m
[92m[INFO] 148 restaurants with 100 or more reviews.[0m
2021-03-30 11:26:26.011684: I tensorflow/compiler/jit/xla_cpu_device.cc:41] Not creating XLA devices, tf_xla_enable_xla_devices not set
2021-03-30 11:26:26.012440: I tensorflow/stream_executor/platform/default/dso_loader.cc:49] Successfully opened dynamic library libcuda.so.1
2021-03-30 11:26:26.759222: I tensorflow/core/common_runtime/gpu/gpu_device.cc:1720] Found device 0 with properties: 
pciBusID: 0000:17:00.0 name: TITAN Xp computeCapability: 6.1
coreClock: 1.582GHz coreCount: 30 deviceMemorySize: 11.91GiB deviceMemoryBandwidth: 510.07GiB/s
2021-03-30 11:26:26.759287: I tensorflow/stream_executor/platform/default/dso_loader.cc:49] Successfully opened dynamic library libcudart.so.11.0
2021-03-30 11:26:26.763914: I tensorflow/stream_executor/platform/default/dso_loader.cc:49] Successfully opened dynamic library libcublas.so.11
2021-03-30 11:26:26.764054: I tensorflow/stream_executor/platform/default/dso_loader.cc:49] Successfully opened dynamic library libcublasLt.so.11
2021-03-30 11:26:26.765942: I tensorflow/stream_executor/platform/default/dso_loader.cc:49] Successfully opened dynamic library libcufft.so.10
2021-03-30 11:26:26.766376: I tensorflow/stream_executor/platform/default/dso_loader.cc:49] Successfully opened dynamic library libcurand.so.10
2021-03-30 11:26:26.771088: I tensorflow/stream_executor/platform/default/dso_loader.cc:49] Successfully opened dynamic library libcusolver.so.10
2021-03-30 11:26:26.772308: I tensorflow/stream_executor/platform/default/dso_loader.cc:49] Successfully opened dynamic library libcusparse.so.11
2021-03-30 11:26:26.772493: I tensorflow/stream_executor/platform/default/dso_loader.cc:49] Successfully opened dynamic library libcudnn.so.8
2021-03-30 11:26:26.773291: I tensorflow/core/common_runtime/gpu/gpu_device.cc:1862] Adding visible gpu devices: 0
2021-03-30 11:26:26.822694: I tensorflow/core/platform/cpu_feature_guard.cc:142] This TensorFlow binary is optimized with oneAPI Deep Neural Network Library (oneDNN) to use the following CPU instructions in performance-critical operations:  AVX512F
To enable them in other operations, rebuild TensorFlow with the appropriate compiler flags.
2021-03-30 11:26:26.823824: I tensorflow/compiler/jit/xla_gpu_device.cc:99] Not creating XLA devices, tf_xla_enable_xla_devices not set
2021-03-30 11:26:26.824402: I tensorflow/core/common_runtime/gpu/gpu_device.cc:1720] Found device 0 with properties: 
pciBusID: 0000:17:00.0 name: TITAN Xp computeCapability: 6.1
coreClock: 1.582GHz coreCount: 30 deviceMemorySize: 11.91GiB deviceMemoryBandwidth: 510.07GiB/s
2021-03-30 11:26:26.824451: I tensorflow/stream_executor/platform/default/dso_loader.cc:49] Successfully opened dynamic library libcudart.so.11.0
2021-03-30 11:26:26.824470: I tensorflow/stream_executor/platform/default/dso_loader.cc:49] Successfully opened dynamic library libcublas.so.11
2021-03-30 11:26:26.824479: I tensorflow/stream_executor/platform/default/dso_loader.cc:49] Successfully opened dynamic library libcublasLt.so.11
2021-03-30 11:26:26.824489: I tensorflow/stream_executor/platform/default/dso_loader.cc:49] Successfully opened dynamic library libcufft.so.10
2021-03-30 11:26:26.824498: I tensorflow/stream_executor/platform/default/dso_loader.cc:49] Successfully opened dynamic library libcurand.so.10
2021-03-30 11:26:26.824507: I tensorflow/stream_executor/platform/default/dso_loader.cc:49] Successfully opened dynamic library libcusolver.so.10
2021-03-30 11:26:26.824517: I tensorflow/stream_executor/platform/default/dso_loader.cc:49] Successfully opened dynamic library libcusparse.so.11
2021-03-30 11:26:26.824526: I tensorflow/stream_executor/platform/default/dso_loader.cc:49] Successfully opened dynamic library libcudnn.so.8
2021-03-30 11:26:26.825278: I tensorflow/core/common_runtime/gpu/gpu_device.cc:1862] Adding visible gpu devices: 0
2021-03-30 11:26:26.825310: I tensorflow/stream_executor/platform/default/dso_loader.cc:49] Successfully opened dynamic library libcudart.so.11.0
2021-03-30 11:26:27.197479: I tensorflow/core/common_runtime/gpu/gpu_device.cc:1261] Device interconnect StreamExecutor with strength 1 edge matrix:
2021-03-30 11:26:27.197512: I tensorflow/core/common_runtime/gpu/gpu_device.cc:1267]      0 
2021-03-30 11:26:27.197517: I tensorflow/core/common_runtime/gpu/gpu_device.cc:1280] 0:   N 
2021-03-30 11:26:27.198752: I tensorflow/core/common_runtime/gpu/gpu_device.cc:1406] Created TensorFlow device (/job:localhost/replica:0/task:0/device:GPU:0 with 11218 MB memory) -> physical GPU (device: 0, name: TITAN Xp, pci bus id: 0000:17:00.0, compute capability: 6.1)
2021-03-30 11:26:27.342339: I tensorflow/compiler/mlir/mlir_graph_optimization_pass.cc:116] None of the MLIR optimization passes are enabled (registered 2)
2021-03-30 11:26:27.362407: I tensorflow/core/platform/profile_utils/cpu_utils.cc:112] CPU Frequency: 3300000000 Hz
Epoch 1/5000
2021-03-30 11:26:27.722937: I tensorflow/stream_executor/platform/default/dso_loader.cc:49] Successfully opened dynamic library libcublas.so.11
2021-03-30 11:26:27.904246: I tensorflow/stream_executor/platform/default/dso_loader.cc:49] Successfully opened dynamic library libcublasLt.so.11
31/31 - 2s - loss: 5.2119 - accuracy: 0.0302 - top_5: 0.1021 - top_10: 0.1699 - val_loss: 4.9833 - val_accuracy: 0.0780 - val_top_5: 0.2833 - val_top_10: 0.3575
Epoch 2/5000
31/31 - 1s - loss: 5.1883 - accuracy: 0.1092 - top_5: 0.2677 - top_10: 0.3747 - val_loss: 4.9702 - val_accuracy: 0.1001 - val_top_5: 0.2843 - val_top_10: 0.3720
Epoch 3/5000
31/31 - 1s - loss: 5.1704 - accuracy: 0.1684 - top_5: 0.3464 - top_10: 0.4499 - val_loss: 4.9569 - val_accuracy: 0.1210 - val_top_5: 0.2981 - val_top_10: 0.3809
Epoch 4/5000
31/31 - 1s - loss: 5.1396 - accuracy: 0.1918 - top_5: 0.3706 - top_10: 0.4662 - val_loss: 4.9426 - val_accuracy: 0.1368 - val_top_5: 0.3134 - val_top_10: 0.3888
Epoch 5/5000
31/31 - 1s - loss: 5.1043 - accuracy: 0.2083 - top_5: 0.3882 - top_10: 0.4846 - val_loss: 4.9274 - val_accuracy: 0.1605 - val_top_5: 0.3279 - val_top_10: 0.4010
Epoch 6/5000
31/31 - 1s - loss: 5.0959 - accuracy: 0.2131 - top_5: 0.3939 - top_10: 0.4903 - val_loss: 4.9110 - val_accuracy: 0.1868 - val_top_5: 0.3401 - val_top_10: 0.4104
Epoch 7/5000
31/31 - 1s - loss: 5.0678 - accuracy: 0.2183 - top_5: 0.4002 - top_10: 0.4965 - val_loss: 4.8936 - val_accuracy: 0.2025 - val_top_5: 0.3475 - val_top_10: 0.4199
Epoch 8/5000
31/31 - 1s - loss: 5.0432 - accuracy: 0.2206 - top_5: 0.4038 - top_10: 0.5036 - val_loss: 4.8748 - val_accuracy: 0.2082 - val_top_5: 0.3572 - val_top_10: 0.4313
Epoch 9/5000
31/31 - 1s - loss: 5.0046 - accuracy: 0.2228 - top_5: 0.4134 - top_10: 0.5176 - val_loss: 4.8553 - val_accuracy: 0.2143 - val_top_5: 0.3679 - val_top_10: 0.4436
Epoch 10/5000
31/31 - 1s - loss: 4.9608 - accuracy: 0.2228 - top_5: 0.4183 - top_10: 0.5259 - val_loss: 4.8343 - val_accuracy: 0.2176 - val_top_5: 0.3727 - val_top_10: 0.4563
Epoch 11/5000
31/31 - 1s - loss: 4.9392 - accuracy: 0.2250 - top_5: 0.4237 - top_10: 0.5324 - val_loss: 4.8123 - val_accuracy: 0.2176 - val_top_5: 0.3804 - val_top_10: 0.4693
Epoch 12/5000
31/31 - 1s - loss: 4.8943 - accuracy: 0.2278 - top_5: 0.4318 - top_10: 0.5435 - val_loss: 4.7889 - val_accuracy: 0.2227 - val_top_5: 0.3898 - val_top_10: 0.4854
Epoch 13/5000
31/31 - 1s - loss: 4.8699 - accuracy: 0.2247 - top_5: 0.4370 - top_10: 0.5531 - val_loss: 4.7641 - val_accuracy: 0.2262 - val_top_5: 0.3985 - val_top_10: 0.5022
Epoch 14/5000
31/31 - 1s - loss: 4.8241 - accuracy: 0.2272 - top_5: 0.4415 - top_10: 0.5631 - val_loss: 4.7377 - val_accuracy: 0.2296 - val_top_5: 0.4122 - val_top_10: 0.5169
Epoch 15/5000
31/31 - 1s - loss: 4.7885 - accuracy: 0.2290 - top_5: 0.4496 - top_10: 0.5736 - val_loss: 4.7098 - val_accuracy: 0.2321 - val_top_5: 0.4239 - val_top_10: 0.5332
Epoch 16/5000
31/31 - 1s - loss: 4.7329 - accuracy: 0.2282 - top_5: 0.4575 - top_10: 0.5844 - val_loss: 4.6797 - val_accuracy: 0.2331 - val_top_5: 0.4306 - val_top_10: 0.5478
Epoch 17/5000
31/31 - 1s - loss: 4.6788 - accuracy: 0.2294 - top_5: 0.4667 - top_10: 0.5953 - val_loss: 4.6468 - val_accuracy: 0.2359 - val_top_5: 0.4400 - val_top_10: 0.5618
Epoch 18/5000
31/31 - 1s - loss: 4.6136 - accuracy: 0.2329 - top_5: 0.4754 - top_10: 0.6062 - val_loss: 4.6111 - val_accuracy: 0.2387 - val_top_5: 0.4494 - val_top_10: 0.5755
Epoch 19/5000
31/31 - 1s - loss: 4.5425 - accuracy: 0.2360 - top_5: 0.4866 - top_10: 0.6186 - val_loss: 4.5722 - val_accuracy: 0.2405 - val_top_5: 0.4596 - val_top_10: 0.5888
Epoch 20/5000
31/31 - 1s - loss: 4.4635 - accuracy: 0.2401 - top_5: 0.4952 - top_10: 0.6307 - val_loss: 4.5284 - val_accuracy: 0.2433 - val_top_5: 0.4734 - val_top_10: 0.6015
Epoch 21/5000
31/31 - 1s - loss: 4.3779 - accuracy: 0.2450 - top_5: 0.5088 - top_10: 0.6429 - val_loss: 4.4811 - val_accuracy: 0.2464 - val_top_5: 0.4856 - val_top_10: 0.6087
Epoch 22/5000
31/31 - 1s - loss: 4.2737 - accuracy: 0.2519 - top_5: 0.5160 - top_10: 0.6506 - val_loss: 4.4282 - val_accuracy: 0.2525 - val_top_5: 0.4935 - val_top_10: 0.6206
Epoch 23/5000
31/31 - 1s - loss: 4.1620 - accuracy: 0.2590 - top_5: 0.5311 - top_10: 0.6644 - val_loss: 4.3686 - val_accuracy: 0.2581 - val_top_5: 0.5017 - val_top_10: 0.6280
Epoch 24/5000
31/31 - 1s - loss: 4.0438 - accuracy: 0.2707 - top_5: 0.5452 - top_10: 0.6768 - val_loss: 4.3018 - val_accuracy: 0.2596 - val_top_5: 0.5047 - val_top_10: 0.6339
Epoch 25/5000
31/31 - 1s - loss: 3.9192 - accuracy: 0.2839 - top_5: 0.5596 - top_10: 0.6891 - val_loss: 4.2279 - val_accuracy: 0.2660 - val_top_5: 0.5090 - val_top_10: 0.6369
Epoch 26/5000
31/31 - 1s - loss: 3.7907 - accuracy: 0.2986 - top_5: 0.5746 - top_10: 0.7035 - val_loss: 4.1446 - val_accuracy: 0.2729 - val_top_5: 0.5149 - val_top_10: 0.6382
Epoch 27/5000
31/31 - 1s - loss: 3.6686 - accuracy: 0.3152 - top_5: 0.5915 - top_10: 0.7150 - val_loss: 4.0564 - val_accuracy: 0.2746 - val_top_5: 0.5190 - val_top_10: 0.6405
Epoch 28/5000
31/31 - 1s - loss: 3.5564 - accuracy: 0.3300 - top_5: 0.6083 - top_10: 0.7262 - val_loss: 3.9649 - val_accuracy: 0.2767 - val_top_5: 0.5185 - val_top_10: 0.6456
Epoch 29/5000
31/31 - 1s - loss: 3.4427 - accuracy: 0.3475 - top_5: 0.6242 - top_10: 0.7392 - val_loss: 3.8766 - val_accuracy: 0.2772 - val_top_5: 0.5223 - val_top_10: 0.6474
Epoch 30/5000
31/31 - 1s - loss: 3.3501 - accuracy: 0.3634 - top_5: 0.6413 - top_10: 0.7490 - val_loss: 3.7915 - val_accuracy: 0.2782 - val_top_5: 0.5225 - val_top_10: 0.6476
Epoch 31/5000
31/31 - 1s - loss: 3.2657 - accuracy: 0.3765 - top_5: 0.6549 - top_10: 0.7601 - val_loss: 3.7131 - val_accuracy: 0.2790 - val_top_5: 0.5241 - val_top_10: 0.6466
Epoch 32/5000
31/31 - 1s - loss: 3.2031 - accuracy: 0.3844 - top_5: 0.6627 - top_10: 0.7638 - val_loss: 3.6469 - val_accuracy: 0.2800 - val_top_5: 0.5282 - val_top_10: 0.6464
Epoch 33/5000
31/31 - 1s - loss: 3.1493 - accuracy: 0.3910 - top_5: 0.6694 - top_10: 0.7675 - val_loss: 3.5933 - val_accuracy: 0.2833 - val_top_5: 0.5282 - val_top_10: 0.6464
Epoch 34/5000
31/31 - 1s - loss: 3.0995 - accuracy: 0.3996 - top_5: 0.6774 - top_10: 0.7744 - val_loss: 3.5515 - val_accuracy: 0.2874 - val_top_5: 0.5304 - val_top_10: 0.6471
Epoch 35/5000
31/31 - 1s - loss: 3.0658 - accuracy: 0.4040 - top_5: 0.6813 - top_10: 0.7766 - val_loss: 3.5162 - val_accuracy: 0.2935 - val_top_5: 0.5376 - val_top_10: 0.6469
Epoch 36/5000
31/31 - 1s - loss: 3.0339 - accuracy: 0.4095 - top_5: 0.6847 - top_10: 0.7793 - val_loss: 3.4873 - val_accuracy: 0.2971 - val_top_5: 0.5381 - val_top_10: 0.6497
Epoch 37/5000
31/31 - 1s - loss: 2.9969 - accuracy: 0.4144 - top_5: 0.6891 - top_10: 0.7860 - val_loss: 3.4628 - val_accuracy: 0.3001 - val_top_5: 0.5434 - val_top_10: 0.6527
Epoch 38/5000
31/31 - 1s - loss: 2.9775 - accuracy: 0.4146 - top_5: 0.6896 - top_10: 0.7875 - val_loss: 3.4428 - val_accuracy: 0.2973 - val_top_5: 0.5480 - val_top_10: 0.6576
Epoch 39/5000
31/31 - 1s - loss: 2.9530 - accuracy: 0.4187 - top_5: 0.6930 - top_10: 0.7888 - val_loss: 3.4227 - val_accuracy: 0.3052 - val_top_5: 0.5506 - val_top_10: 0.6627
Epoch 40/5000
31/31 - 1s - loss: 2.9270 - accuracy: 0.4236 - top_5: 0.6972 - top_10: 0.7916 - val_loss: 3.4064 - val_accuracy: 0.3065 - val_top_5: 0.5536 - val_top_10: 0.6665
Epoch 41/5000
31/31 - 1s - loss: 2.8980 - accuracy: 0.4283 - top_5: 0.7013 - top_10: 0.7973 - val_loss: 3.3908 - val_accuracy: 0.3126 - val_top_5: 0.5541 - val_top_10: 0.6703
Epoch 42/5000
31/31 - 1s - loss: 2.8805 - accuracy: 0.4315 - top_5: 0.7021 - top_10: 0.7967 - val_loss: 3.3770 - val_accuracy: 0.3113 - val_top_5: 0.5559 - val_top_10: 0.6731
Epoch 43/5000
31/31 - 1s - loss: 2.8642 - accuracy: 0.4333 - top_5: 0.7034 - top_10: 0.7964 - val_loss: 3.3646 - val_accuracy: 0.3118 - val_top_5: 0.5569 - val_top_10: 0.6752
Epoch 44/5000
31/31 - 1s - loss: 2.8521 - accuracy: 0.4311 - top_5: 0.7031 - top_10: 0.7962 - val_loss: 3.3546 - val_accuracy: 0.3157 - val_top_5: 0.5620 - val_top_10: 0.6731
Epoch 45/5000
31/31 - 1s - loss: 2.8314 - accuracy: 0.4333 - top_5: 0.7066 - top_10: 0.8008 - val_loss: 3.3455 - val_accuracy: 0.3152 - val_top_5: 0.5633 - val_top_10: 0.6762
Epoch 46/5000
31/31 - 1s - loss: 2.8125 - accuracy: 0.4374 - top_5: 0.7095 - top_10: 0.8021 - val_loss: 3.3345 - val_accuracy: 0.3164 - val_top_5: 0.5610 - val_top_10: 0.6759
Epoch 47/5000
31/31 - 1s - loss: 2.7985 - accuracy: 0.4387 - top_5: 0.7093 - top_10: 0.8015 - val_loss: 3.3221 - val_accuracy: 0.3169 - val_top_5: 0.5603 - val_top_10: 0.6815
Epoch 48/5000
31/31 - 1s - loss: 2.7848 - accuracy: 0.4391 - top_5: 0.7113 - top_10: 0.8014 - val_loss: 3.3185 - val_accuracy: 0.3167 - val_top_5: 0.5605 - val_top_10: 0.6777
Epoch 49/5000
31/31 - 1s - loss: 2.7765 - accuracy: 0.4391 - top_5: 0.7116 - top_10: 0.8036 - val_loss: 3.3157 - val_accuracy: 0.3146 - val_top_5: 0.5651 - val_top_10: 0.6785
Epoch 50/5000
31/31 - 1s - loss: 2.7541 - accuracy: 0.4439 - top_5: 0.7150 - top_10: 0.8066 - val_loss: 3.3060 - val_accuracy: 0.3157 - val_top_5: 0.5615 - val_top_10: 0.6795
Epoch 51/5000
31/31 - 1s - loss: 2.7376 - accuracy: 0.4461 - top_5: 0.7158 - top_10: 0.8085 - val_loss: 3.2982 - val_accuracy: 0.3157 - val_top_5: 0.5603 - val_top_10: 0.6785
Epoch 52/5000
31/31 - 1s - loss: 2.7345 - accuracy: 0.4453 - top_5: 0.7157 - top_10: 0.8055 - val_loss: 3.2880 - val_accuracy: 0.3152 - val_top_5: 0.5620 - val_top_10: 0.6828
Epoch 53/5000
31/31 - 1s - loss: 2.7142 - accuracy: 0.4490 - top_5: 0.7187 - top_10: 0.8092 - val_loss: 3.2810 - val_accuracy: 0.3152 - val_top_5: 0.5628 - val_top_10: 0.6790
Epoch 54/5000
31/31 - 1s - loss: 2.7028 - accuracy: 0.4505 - top_5: 0.7202 - top_10: 0.8105 - val_loss: 3.2729 - val_accuracy: 0.3159 - val_top_5: 0.5641 - val_top_10: 0.6805
Epoch 55/5000
31/31 - 1s - loss: 2.6921 - accuracy: 0.4514 - top_5: 0.7206 - top_10: 0.8085 - val_loss: 3.2702 - val_accuracy: 0.3180 - val_top_5: 0.5659 - val_top_10: 0.6805
Epoch 56/5000
31/31 - 1s - loss: 2.6821 - accuracy: 0.4510 - top_5: 0.7201 - top_10: 0.8094 - val_loss: 3.2677 - val_accuracy: 0.3172 - val_top_5: 0.5661 - val_top_10: 0.6795
Epoch 57/5000
31/31 - 1s - loss: 2.6799 - accuracy: 0.4511 - top_5: 0.7202 - top_10: 0.8096 - val_loss: 3.2616 - val_accuracy: 0.3162 - val_top_5: 0.5664 - val_top_10: 0.6810
Epoch 58/5000
31/31 - 1s - loss: 2.6684 - accuracy: 0.4522 - top_5: 0.7211 - top_10: 0.8112 - val_loss: 3.2555 - val_accuracy: 0.3190 - val_top_5: 0.5676 - val_top_10: 0.6800
Epoch 59/5000
31/31 - 1s - loss: 2.6495 - accuracy: 0.4560 - top_5: 0.7262 - top_10: 0.8127 - val_loss: 3.2507 - val_accuracy: 0.3175 - val_top_5: 0.5651 - val_top_10: 0.6825
Epoch 60/5000
31/31 - 1s - loss: 2.6325 - accuracy: 0.4582 - top_5: 0.7253 - top_10: 0.8136 - val_loss: 3.2455 - val_accuracy: 0.3180 - val_top_5: 0.5648 - val_top_10: 0.6813
Epoch 61/5000
31/31 - 1s - loss: 2.6390 - accuracy: 0.4557 - top_5: 0.7220 - top_10: 0.8106 - val_loss: 3.2411 - val_accuracy: 0.3190 - val_top_5: 0.5682 - val_top_10: 0.6808
Epoch 62/5000
31/31 - 1s - loss: 2.6242 - accuracy: 0.4580 - top_5: 0.7253 - top_10: 0.8147 - val_loss: 3.2379 - val_accuracy: 0.3203 - val_top_5: 0.5666 - val_top_10: 0.6825
Epoch 63/5000
31/31 - 1s - loss: 2.6198 - accuracy: 0.4563 - top_5: 0.7252 - top_10: 0.8137 - val_loss: 3.2343 - val_accuracy: 0.3177 - val_top_5: 0.5692 - val_top_10: 0.6805
Epoch 64/5000
31/31 - 1s - loss: 2.6013 - accuracy: 0.4607 - top_5: 0.7285 - top_10: 0.8154 - val_loss: 3.2302 - val_accuracy: 0.3180 - val_top_5: 0.5684 - val_top_10: 0.6823
Epoch 65/5000
31/31 - 1s - loss: 2.5975 - accuracy: 0.4602 - top_5: 0.7282 - top_10: 0.8150 - val_loss: 3.2247 - val_accuracy: 0.3192 - val_top_5: 0.5659 - val_top_10: 0.6818
Epoch 66/5000
31/31 - 1s - loss: 2.5781 - accuracy: 0.4635 - top_5: 0.7320 - top_10: 0.8187 - val_loss: 3.2226 - val_accuracy: 0.3187 - val_top_5: 0.5659 - val_top_10: 0.6815
Epoch 67/5000
31/31 - 1s - loss: 2.5858 - accuracy: 0.4619 - top_5: 0.7292 - top_10: 0.8167 - val_loss: 3.2197 - val_accuracy: 0.3185 - val_top_5: 0.5659 - val_top_10: 0.6820
Epoch 68/5000
31/31 - 1s - loss: 2.5726 - accuracy: 0.4639 - top_5: 0.7299 - top_10: 0.8164 - val_loss: 3.2171 - val_accuracy: 0.3200 - val_top_5: 0.5671 - val_top_10: 0.6831
Epoch 69/5000
31/31 - 1s - loss: 2.5666 - accuracy: 0.4638 - top_5: 0.7293 - top_10: 0.8170 - val_loss: 3.2149 - val_accuracy: 0.3182 - val_top_5: 0.5684 - val_top_10: 0.6823
Epoch 70/5000
31/31 - 1s - loss: 2.5741 - accuracy: 0.4632 - top_5: 0.7278 - top_10: 0.8136 - val_loss: 3.2108 - val_accuracy: 0.3175 - val_top_5: 0.5669 - val_top_10: 0.6841
Epoch 71/5000
31/31 - 1s - loss: 2.5537 - accuracy: 0.4661 - top_5: 0.7296 - top_10: 0.8170 - val_loss: 3.2101 - val_accuracy: 0.3177 - val_top_5: 0.5684 - val_top_10: 0.6813
Epoch 72/5000
31/31 - 1s - loss: 2.5513 - accuracy: 0.4648 - top_5: 0.7309 - top_10: 0.8170 - val_loss: 3.2087 - val_accuracy: 0.3187 - val_top_5: 0.5699 - val_top_10: 0.6805
Epoch 73/5000
31/31 - 1s - loss: 2.5383 - accuracy: 0.4669 - top_5: 0.7326 - top_10: 0.8200 - val_loss: 3.2055 - val_accuracy: 0.3195 - val_top_5: 0.5689 - val_top_10: 0.6813
Epoch 74/5000
31/31 - 1s - loss: 2.5355 - accuracy: 0.4682 - top_5: 0.7327 - top_10: 0.8199 - val_loss: 3.2017 - val_accuracy: 0.3200 - val_top_5: 0.5674 - val_top_10: 0.6810
Epoch 75/5000
31/31 - 1s - loss: 2.5168 - accuracy: 0.4716 - top_5: 0.7360 - top_10: 0.8216 - val_loss: 3.1994 - val_accuracy: 0.3213 - val_top_5: 0.5687 - val_top_10: 0.6813
Epoch 76/5000
31/31 - 1s - loss: 2.5185 - accuracy: 0.4708 - top_5: 0.7335 - top_10: 0.8197 - val_loss: 3.1976 - val_accuracy: 0.3192 - val_top_5: 0.5697 - val_top_10: 0.6805
Epoch 77/5000
31/31 - 1s - loss: 2.5117 - accuracy: 0.4716 - top_5: 0.7344 - top_10: 0.8210 - val_loss: 3.1968 - val_accuracy: 0.3192 - val_top_5: 0.5689 - val_top_10: 0.6818
Epoch 78/5000
31/31 - 1s - loss: 2.4958 - accuracy: 0.4751 - top_5: 0.7388 - top_10: 0.8235 - val_loss: 3.1934 - val_accuracy: 0.3203 - val_top_5: 0.5689 - val_top_10: 0.6790
Epoch 79/5000
31/31 - 1s - loss: 2.4956 - accuracy: 0.4748 - top_5: 0.7362 - top_10: 0.8213 - val_loss: 3.1891 - val_accuracy: 0.3210 - val_top_5: 0.5707 - val_top_10: 0.6810
Epoch 80/5000
31/31 - 1s - loss: 2.4892 - accuracy: 0.4743 - top_5: 0.7367 - top_10: 0.8221 - val_loss: 3.1898 - val_accuracy: 0.3210 - val_top_5: 0.5725 - val_top_10: 0.6803
Epoch 81/5000
31/31 - 1s - loss: 2.4917 - accuracy: 0.4733 - top_5: 0.7356 - top_10: 0.8208 - val_loss: 3.1887 - val_accuracy: 0.3205 - val_top_5: 0.5740 - val_top_10: 0.6833
Epoch 82/5000
31/31 - 1s - loss: 2.4796 - accuracy: 0.4764 - top_5: 0.7385 - top_10: 0.8226 - val_loss: 3.1864 - val_accuracy: 0.3200 - val_top_5: 0.5727 - val_top_10: 0.6813
Epoch 83/5000
31/31 - 1s - loss: 2.4813 - accuracy: 0.4705 - top_5: 0.7334 - top_10: 0.8215 - val_loss: 3.1877 - val_accuracy: 0.3213 - val_top_5: 0.5717 - val_top_10: 0.6823
Epoch 84/5000
31/31 - 1s - loss: 2.4692 - accuracy: 0.4762 - top_5: 0.7368 - top_10: 0.8228 - val_loss: 3.1859 - val_accuracy: 0.3210 - val_top_5: 0.5720 - val_top_10: 0.6803
Epoch 85/5000
31/31 - 1s - loss: 2.4595 - accuracy: 0.4786 - top_5: 0.7385 - top_10: 0.8236 - val_loss: 3.1838 - val_accuracy: 0.3213 - val_top_5: 0.5725 - val_top_10: 0.6792
Epoch 86/5000
31/31 - 1s - loss: 2.4558 - accuracy: 0.4764 - top_5: 0.7400 - top_10: 0.8261 - val_loss: 3.1827 - val_accuracy: 0.3225 - val_top_5: 0.5704 - val_top_10: 0.6815
Epoch 87/5000
31/31 - 1s - loss: 2.4490 - accuracy: 0.4790 - top_5: 0.7404 - top_10: 0.8259 - val_loss: 3.1823 - val_accuracy: 0.3220 - val_top_5: 0.5687 - val_top_10: 0.6805
Epoch 88/5000
31/31 - 1s - loss: 2.4445 - accuracy: 0.4781 - top_5: 0.7418 - top_10: 0.8266 - val_loss: 3.1797 - val_accuracy: 0.3180 - val_top_5: 0.5699 - val_top_10: 0.6810
Epoch 89/5000
31/31 - 1s - loss: 2.4304 - accuracy: 0.4840 - top_5: 0.7425 - top_10: 0.8257 - val_loss: 3.1765 - val_accuracy: 0.3213 - val_top_5: 0.5725 - val_top_10: 0.6762
Epoch 90/5000
31/31 - 1s - loss: 2.4301 - accuracy: 0.4792 - top_5: 0.7410 - top_10: 0.8246 - val_loss: 3.1771 - val_accuracy: 0.3190 - val_top_5: 0.5710 - val_top_10: 0.6787
Epoch 91/5000
31/31 - 1s - loss: 2.4286 - accuracy: 0.4814 - top_5: 0.7434 - top_10: 0.8263 - val_loss: 3.1782 - val_accuracy: 0.3185 - val_top_5: 0.5725 - val_top_10: 0.6800
Epoch 92/5000
31/31 - 1s - loss: 2.4274 - accuracy: 0.4814 - top_5: 0.7403 - top_10: 0.8242 - val_loss: 3.1796 - val_accuracy: 0.3200 - val_top_5: 0.5720 - val_top_10: 0.6787
Epoch 93/5000
31/31 - 1s - loss: 2.4129 - accuracy: 0.4819 - top_5: 0.7436 - top_10: 0.8278 - val_loss: 3.1766 - val_accuracy: 0.3180 - val_top_5: 0.5715 - val_top_10: 0.6787
Epoch 94/5000
31/31 - 1s - loss: 2.4179 - accuracy: 0.4810 - top_5: 0.7430 - top_10: 0.8257 - val_loss: 3.1751 - val_accuracy: 0.3177 - val_top_5: 0.5697 - val_top_10: 0.6764
Epoch 95/5000
31/31 - 1s - loss: 2.4138 - accuracy: 0.4822 - top_5: 0.7422 - top_10: 0.8261 - val_loss: 3.1741 - val_accuracy: 0.3197 - val_top_5: 0.5684 - val_top_10: 0.6769
Epoch 96/5000
31/31 - 1s - loss: 2.3992 - accuracy: 0.4852 - top_5: 0.7457 - top_10: 0.8286 - val_loss: 3.1738 - val_accuracy: 0.3175 - val_top_5: 0.5704 - val_top_10: 0.6775
Epoch 97/5000
31/31 - 1s - loss: 2.4079 - accuracy: 0.4834 - top_5: 0.7416 - top_10: 0.8253 - val_loss: 3.1725 - val_accuracy: 0.3177 - val_top_5: 0.5720 - val_top_10: 0.6795
Epoch 98/5000
31/31 - 1s - loss: 2.4002 - accuracy: 0.4839 - top_5: 0.7429 - top_10: 0.8256 - val_loss: 3.1709 - val_accuracy: 0.3180 - val_top_5: 0.5738 - val_top_10: 0.6792
Epoch 99/5000
31/31 - 1s - loss: 2.3911 - accuracy: 0.4843 - top_5: 0.7455 - top_10: 0.8292 - val_loss: 3.1734 - val_accuracy: 0.3172 - val_top_5: 0.5738 - val_top_10: 0.6797
Epoch 100/5000
31/31 - 1s - loss: 2.3841 - accuracy: 0.4864 - top_5: 0.7442 - top_10: 0.8284 - val_loss: 3.1724 - val_accuracy: 0.3180 - val_top_5: 0.5710 - val_top_10: 0.6790
Epoch 101/5000
31/31 - 1s - loss: 2.3659 - accuracy: 0.4876 - top_5: 0.7490 - top_10: 0.8319 - val_loss: 3.1719 - val_accuracy: 0.3175 - val_top_5: 0.5707 - val_top_10: 0.6777
Epoch 102/5000
31/31 - 1s - loss: 2.3771 - accuracy: 0.4862 - top_5: 0.7458 - top_10: 0.8280 - val_loss: 3.1697 - val_accuracy: 0.3157 - val_top_5: 0.5753 - val_top_10: 0.6808
Epoch 103/5000
31/31 - 1s - loss: 2.3702 - accuracy: 0.4885 - top_5: 0.7463 - top_10: 0.8293 - val_loss: 3.1697 - val_accuracy: 0.3162 - val_top_5: 0.5722 - val_top_10: 0.6823
Epoch 104/5000
31/31 - 1s - loss: 2.3715 - accuracy: 0.4887 - top_5: 0.7479 - top_10: 0.8295 - val_loss: 3.1698 - val_accuracy: 0.3177 - val_top_5: 0.5722 - val_top_10: 0.6790
Epoch 105/5000
31/31 - 1s - loss: 2.3550 - accuracy: 0.4914 - top_5: 0.7491 - top_10: 0.8315 - val_loss: 3.1672 - val_accuracy: 0.3144 - val_top_5: 0.5694 - val_top_10: 0.6775
Epoch 106/5000
31/31 - 1s - loss: 2.3591 - accuracy: 0.4898 - top_5: 0.7484 - top_10: 0.8308 - val_loss: 3.1683 - val_accuracy: 0.3167 - val_top_5: 0.5715 - val_top_10: 0.6792
Epoch 107/5000
31/31 - 1s - loss: 2.3663 - accuracy: 0.4870 - top_5: 0.7471 - top_10: 0.8290 - val_loss: 3.1683 - val_accuracy: 0.3175 - val_top_5: 0.5710 - val_top_10: 0.6803
Epoch 108/5000
31/31 - 1s - loss: 2.3432 - accuracy: 0.4918 - top_5: 0.7491 - top_10: 0.8312 - val_loss: 3.1682 - val_accuracy: 0.3185 - val_top_5: 0.5730 - val_top_10: 0.6800
Epoch 109/5000
31/31 - 1s - loss: 2.3438 - accuracy: 0.4922 - top_5: 0.7504 - top_10: 0.8322 - val_loss: 3.1690 - val_accuracy: 0.3152 - val_top_5: 0.5704 - val_top_10: 0.6790
Epoch 110/5000
31/31 - 1s - loss: 2.3388 - accuracy: 0.4919 - top_5: 0.7480 - top_10: 0.8320 - val_loss: 3.1704 - val_accuracy: 0.3172 - val_top_5: 0.5740 - val_top_10: 0.6772
Epoch 111/5000
31/31 - 1s - loss: 2.3314 - accuracy: 0.4922 - top_5: 0.7509 - top_10: 0.8332 - val_loss: 3.1699 - val_accuracy: 0.3146 - val_top_5: 0.5702 - val_top_10: 0.6752
Epoch 112/5000
31/31 - 1s - loss: 2.3217 - accuracy: 0.4941 - top_5: 0.7523 - top_10: 0.8343 - val_loss: 3.1699 - val_accuracy: 0.3149 - val_top_5: 0.5712 - val_top_10: 0.6790
Epoch 113/5000
31/31 - 1s - loss: 2.3240 - accuracy: 0.4955 - top_5: 0.7516 - top_10: 0.8331 - val_loss: 3.1710 - val_accuracy: 0.3172 - val_top_5: 0.5715 - val_top_10: 0.6769
Epoch 114/5000
31/31 - 1s - loss: 2.3249 - accuracy: 0.4940 - top_5: 0.7517 - top_10: 0.8326 - val_loss: 3.1715 - val_accuracy: 0.3164 - val_top_5: 0.5676 - val_top_10: 0.6795
Epoch 115/5000
31/31 - 1s - loss: 2.3173 - accuracy: 0.4972 - top_5: 0.7531 - top_10: 0.8337 - val_loss: 3.1712 - val_accuracy: 0.3167 - val_top_5: 0.5676 - val_top_10: 0.6785
Epoch 116/5000
31/31 - 1s - loss: 2.3218 - accuracy: 0.4949 - top_5: 0.7509 - top_10: 0.8326 - val_loss: 3.1699 - val_accuracy: 0.3162 - val_top_5: 0.5727 - val_top_10: 0.6769
Epoch 117/5000
31/31 - 1s - loss: 2.3174 - accuracy: 0.4949 - top_5: 0.7506 - top_10: 0.8324 - val_loss: 3.1695 - val_accuracy: 0.3167 - val_top_5: 0.5727 - val_top_10: 0.6772
Epoch 118/5000
31/31 - 1s - loss: 2.3136 - accuracy: 0.4962 - top_5: 0.7502 - top_10: 0.8318 - val_loss: 3.1704 - val_accuracy: 0.3185 - val_top_5: 0.5717 - val_top_10: 0.6780
Epoch 119/5000
31/31 - 1s - loss: 2.3076 - accuracy: 0.4969 - top_5: 0.7522 - top_10: 0.8329 - val_loss: 3.1702 - val_accuracy: 0.3169 - val_top_5: 0.5699 - val_top_10: 0.6792
Epoch 120/5000
31/31 - 1s - loss: 2.3047 - accuracy: 0.4976 - top_5: 0.7523 - top_10: 0.8331 - val_loss: 3.1705 - val_accuracy: 0.3149 - val_top_5: 0.5702 - val_top_10: 0.6764
Epoch 121/5000
31/31 - 1s - loss: 2.3065 - accuracy: 0.4964 - top_5: 0.7509 - top_10: 0.8328 - val_loss: 3.1717 - val_accuracy: 0.3180 - val_top_5: 0.5692 - val_top_10: 0.6785
Epoch 122/5000
31/31 - 1s - loss: 2.2982 - accuracy: 0.4983 - top_5: 0.7531 - top_10: 0.8345 - val_loss: 3.1715 - val_accuracy: 0.3157 - val_top_5: 0.5684 - val_top_10: 0.6762
Epoch 123/5000
31/31 - 1s - loss: 2.2927 - accuracy: 0.4981 - top_5: 0.7547 - top_10: 0.8346 - val_loss: 3.1725 - val_accuracy: 0.3149 - val_top_5: 0.5704 - val_top_10: 0.6780
Epoch 124/5000
31/31 - 1s - loss: 2.2940 - accuracy: 0.4971 - top_5: 0.7528 - top_10: 0.8338 - val_loss: 3.1744 - val_accuracy: 0.3164 - val_top_5: 0.5694 - val_top_10: 0.6780
Epoch 125/5000
31/31 - 1s - loss: 2.2842 - accuracy: 0.4991 - top_5: 0.7560 - top_10: 0.8350 - val_loss: 3.1728 - val_accuracy: 0.3185 - val_top_5: 0.5697 - val_top_10: 0.6805
Epoch 00125: early stopping
[92m[INFO] Loading best model...[0m
[92m[INFO] 148 restaurants with 100 or more reviews.[0m
[92m[INFO] Intervienen 35290 palabras y utilizamos todas.[0m
[92m[INFO] Loading w2v...[0m
[92m[INFO] Loading bow...[0m
Epoch 1/500
31/31 - 11s - loss: 1369.1755 - mean_absolute_error: 34.8478 - val_loss: 683.7306 - val_mean_absolute_error: 24.0192
Epoch 2/500
31/31 - 8s - loss: 233.9178 - mean_absolute_error: 11.9811 - val_loss: 125.4127 - val_mean_absolute_error: 8.7314
Epoch 3/500
31/31 - 8s - loss: 125.8049 - mean_absolute_error: 8.8760 - val_loss: 117.8059 - val_mean_absolute_error: 8.4581
Epoch 4/500
31/31 - 8s - loss: 113.4581 - mean_absolute_error: 8.3500 - val_loss: 103.8873 - val_mean_absolute_error: 8.0192
Epoch 5/500
31/31 - 8s - loss: 92.6663 - mean_absolute_error: 7.5769 - val_loss: 80.9220 - val_mean_absolute_error: 7.1152
Epoch 6/500
31/31 - 8s - loss: 70.0750 - mean_absolute_error: 6.6796 - val_loss: 61.2225 - val_mean_absolute_error: 6.2376
Epoch 7/500
31/31 - 8s - loss: 55.6496 - mean_absolute_error: 6.0038 - val_loss: 53.0345 - val_mean_absolute_error: 5.7724
Epoch 8/500
31/31 - 8s - loss: 48.9958 - mean_absolute_error: 5.6443 - val_loss: 48.3207 - val_mean_absolute_error: 5.5219
Epoch 9/500
31/31 - 8s - loss: 45.4269 - mean_absolute_error: 5.4035 - val_loss: 46.3063 - val_mean_absolute_error: 5.3956
Epoch 10/500
31/31 - 8s - loss: 42.4156 - mean_absolute_error: 5.2244 - val_loss: 44.5305 - val_mean_absolute_error: 5.2178
Epoch 11/500
31/31 - 8s - loss: 40.4730 - mean_absolute_error: 5.0637 - val_loss: 43.9046 - val_mean_absolute_error: 5.1820
Epoch 12/500
31/31 - 8s - loss: 38.9123 - mean_absolute_error: 4.9768 - val_loss: 43.2873 - val_mean_absolute_error: 5.0708
Epoch 13/500
31/31 - 8s - loss: 37.9412 - mean_absolute_error: 4.8986 - val_loss: 43.7738 - val_mean_absolute_error: 5.0662
Epoch 14/500
31/31 - 8s - loss: 36.5429 - mean_absolute_error: 4.8007 - val_loss: 42.3549 - val_mean_absolute_error: 5.0476
Epoch 15/500
31/31 - 8s - loss: 35.3213 - mean_absolute_error: 4.7180 - val_loss: 42.3423 - val_mean_absolute_error: 4.9664
Epoch 16/500
31/31 - 8s - loss: 34.6347 - mean_absolute_error: 4.6630 - val_loss: 42.3040 - val_mean_absolute_error: 5.0094
Epoch 17/500
31/31 - 8s - loss: 33.5148 - mean_absolute_error: 4.5866 - val_loss: 41.8655 - val_mean_absolute_error: 4.9613
Epoch 18/500
31/31 - 8s - loss: 32.7970 - mean_absolute_error: 4.5278 - val_loss: 42.5126 - val_mean_absolute_error: 5.0073
Epoch 19/500
31/31 - 8s - loss: 32.0043 - mean_absolute_error: 4.4818 - val_loss: 41.7383 - val_mean_absolute_error: 4.9047
Epoch 20/500
31/31 - 8s - loss: 31.2360 - mean_absolute_error: 4.4056 - val_loss: 41.9058 - val_mean_absolute_error: 4.9133
Epoch 21/500
31/31 - 8s - loss: 30.5357 - mean_absolute_error: 4.3626 - val_loss: 41.7644 - val_mean_absolute_error: 4.8601
Epoch 22/500
31/31 - 8s - loss: 29.8938 - mean_absolute_error: 4.3143 - val_loss: 42.3034 - val_mean_absolute_error: 4.9508
Epoch 23/500
31/31 - 8s - loss: 29.0459 - mean_absolute_error: 4.2494 - val_loss: 41.8059 - val_mean_absolute_error: 4.9209
Epoch 24/500
31/31 - 8s - loss: 28.5972 - mean_absolute_error: 4.2224 - val_loss: 41.8675 - val_mean_absolute_error: 4.8853
Epoch 25/500
31/31 - 8s - loss: 28.8499 - mean_absolute_error: 4.2345 - val_loss: 42.0111 - val_mean_absolute_error: 4.9276
Epoch 26/500
31/31 - 8s - loss: 27.7307 - mean_absolute_error: 4.1504 - val_loss: 42.5107 - val_mean_absolute_error: 4.9253
Epoch 27/500
31/31 - 8s - loss: 27.1478 - mean_absolute_error: 4.1175 - val_loss: 41.9527 - val_mean_absolute_error: 4.8645
Epoch 28/500
31/31 - 8s - loss: 26.4334 - mean_absolute_error: 4.0421 - val_loss: 42.5399 - val_mean_absolute_error: 4.8880
Epoch 29/500
31/31 - 8s - loss: 26.2649 - mean_absolute_error: 4.0409 - val_loss: 42.1338 - val_mean_absolute_error: 4.8884
Epoch 30/500
31/31 - 8s - loss: 25.6285 - mean_absolute_error: 3.9837 - val_loss: 41.7571 - val_mean_absolute_error: 4.8721
Epoch 31/500
31/31 - 8s - loss: 24.7925 - mean_absolute_error: 3.9118 - val_loss: 42.0895 - val_mean_absolute_error: 4.9018
Epoch 32/500
31/31 - 8s - loss: 24.3927 - mean_absolute_error: 3.8850 - val_loss: 42.5444 - val_mean_absolute_error: 4.8574
Epoch 33/500
31/31 - 8s - loss: 23.8722 - mean_absolute_error: 3.8400 - val_loss: 42.9712 - val_mean_absolute_error: 4.8981
Epoch 34/500
31/31 - 8s - loss: 23.4360 - mean_absolute_error: 3.8044 - val_loss: 43.0130 - val_mean_absolute_error: 4.8706
Epoch 35/500
31/31 - 8s - loss: 23.0244 - mean_absolute_error: 3.7686 - val_loss: 42.4364 - val_mean_absolute_error: 4.9056
Epoch 36/500
31/31 - 8s - loss: 22.7929 - mean_absolute_error: 3.7528 - val_loss: 43.0621 - val_mean_absolute_error: 4.8773
Epoch 37/500
31/31 - 8s - loss: 22.2451 - mean_absolute_error: 3.7082 - val_loss: 43.5337 - val_mean_absolute_error: 4.8831
Epoch 38/500
31/31 - 8s - loss: 21.6553 - mean_absolute_error: 3.6462 - val_loss: 44.0395 - val_mean_absolute_error: 4.9563
Epoch 39/500
31/31 - 8s - loss: 21.1894 - mean_absolute_error: 3.6076 - val_loss: 43.8017 - val_mean_absolute_error: 4.9001
Epoch 00039: early stopping
[92m[INFO] Loading best model...[0m
