
VALIDATION:
...
                 |  F1@-1 |   F1@1 |  F1@10 |   F1@5 | NDCG@-1 | NDCG@1 | NDCG@10 | NDCG@100 | NDCG@50 | Precision@-1 | Precision@1 | Precision@10 | Precision@5 | Recall@-1 | Recall@1 | Recall@10 | Recall@20 | Recall@5 | Recall@50 | Time (s)
---------------- + ------ + ------ + ------ + ------ + ------- + ------ + ------- + -------- + ------- + ------------ + ----------- + ------------ + ----------- + --------- + -------- + --------- + --------- + -------- + --------- + --------
MostPop          | 0.0310 | 0.2529 | 0.1580 | 0.2093 |  0.5412 | 0.2827 |  0.4769 |   0.5412 |  0.5356 |       0.0159 |      0.2827 |       0.0906 |      0.1339 |    1.0000 |   0.2404 |    0.7323 |    0.8655 |   0.5478 |    0.9685 |   5.1180
MF               | 0.0310 | 0.0522 | 0.0873 | 0.1044 |  0.3506 | 0.0619 |  0.2221 |   0.3506 |  0.3289 |       0.0159 |      0.0619 |       0.0500 |      0.0668 |    1.0000 |   0.0485 |    0.4073 |    0.5414 |   0.2746 |    0.8780 |   5.6603
online_ibpr      | 0.0310 | 0.0046 | 0.0282 | 0.0187 |  0.2247 | 0.0057 |  0.0513 |   0.2247 |  0.1495 |       0.0159 |      0.0057 |       0.0164 |      0.0122 |    1.0000 |   0.0042 |    0.1257 |    0.2578 |   0.0472 |    0.5595 |   5.1793
GridSearch_BPR   | 0.0310 | 0.2515 | 0.1580 | 0.2089 |  0.5416 | 0.2812 |  0.4773 |   0.5416 |  0.5359 |       0.0159 |      0.2812 |       0.0906 |      0.1337 |    1.0000 |   0.2391 |    0.7322 |    0.8657 |   0.5473 |    0.9683 |   9.3066
GridSearch_EASEᴿ | 0.0310 | 0.2488 | 0.1604 | 0.2177 |  0.5463 | 0.2798 |  0.4845 |   0.5463 |  0.5396 |       0.0159 |      0.2798 |       0.0921 |      0.1395 |    1.0000 |   0.2359 |    0.7397 |    0.8632 |   0.5677 |    0.9617 |   5.8052
BiVAECF          | 0.0310 | 0.2385 | 0.1546 | 0.2045 |  0.5260 | 0.2665 |  0.4593 |   0.5260 |  0.5157 |       0.0159 |      0.2665 |       0.0886 |      0.1307 |    1.0000 |   0.2269 |    0.7167 |    0.8509 |   0.5359 |    0.9402 |   5.6281

TEST:
...
                 |  F1@-1 |   F1@1 |  F1@10 |   F1@5 | NDCG@-1 | NDCG@1 | NDCG@10 | NDCG@100 | NDCG@50 | Precision@-1 | Precision@1 | Precision@10 | Precision@5 | Recall@-1 | Recall@1 | Recall@10 | Recall@20 | Recall@5 | Recall@50 | Train (s) | Test (s)
---------------- + ------ + ------ + ------ + ------ + ------- + ------ + ------- + -------- + ------- + ------------ + ----------- + ------------ + ----------- + --------- + -------- + --------- + --------- + -------- + --------- + --------- + --------
MostPop          | 0.0315 | 0.2638 | 0.1612 | 0.2144 |  0.5511 | 0.2971 |  0.4893 |   0.5511 |  0.5459 |       0.0162 |      0.2971 |       0.0926 |      0.1377 |    1.0000 |   0.2502 |    0.7430 |    0.8700 |   0.5570 |    0.9708 |    0.0036 |   5.2863
MF               | 0.0315 | 0.0557 | 0.0873 | 0.1058 |  0.3529 | 0.0660 |  0.2233 |   0.3529 |  0.3315 |       0.0162 |      0.0660 |       0.0501 |      0.0678 |    1.0000 |   0.0518 |    0.4053 |    0.5461 |   0.2774 |    0.8802 |    0.4354 |   5.6981
online_ibpr      | 0.0315 | 0.0050 | 0.0286 | 0.0183 |  0.2251 | 0.0063 |  0.0515 |   0.2251 |  0.1498 |       0.0162 |      0.0063 |       0.0167 |      0.0122 |    1.0000 |   0.0046 |    0.1263 |    0.2595 |   0.0450 |    0.5593 |   31.4119 |   5.4736
GridSearch_BPR   | 0.0315 | 0.2662 | 0.1611 | 0.2140 |  0.5524 | 0.3000 |  0.4907 |   0.5524 |  0.5472 |       0.0162 |      0.3000 |       0.0925 |      0.1375 |    1.0000 |   0.2524 |    0.7428 |    0.8689 |   0.5558 |    0.9706 |   32.9581 |   8.3393
GridSearch_EASEᴿ | 0.0315 | 0.2613 | 0.1636 | 0.2246 |  0.5551 | 0.2956 |  0.4956 |   0.5551 |  0.5488 |       0.0162 |      0.2956 |       0.0942 |      0.1446 |    1.0000 |   0.2475 |    0.7490 |    0.8692 |   0.5815 |    0.9636 |    3.4404 |   5.7937
BiVAECF          | 0.0315 | 0.2481 | 0.1590 | 0.2100 |  0.5346 | 0.2781 |  0.4717 |   0.5346 |  0.5242 |       0.0162 |      0.2781 |       0.0914 |      0.1349 |    1.0000 |   0.2360 |    0.7304 |    0.8479 |   0.5461 |    0.9400 |   69.3459 |   5.7498
