
VALIDATION:
...
                 |  F1@-1 |   F1@1 |  F1@10 |   F1@5 | NDCG@-1 | NDCG@1 | NDCG@10 | NDCG@100 | NDCG@50 | Precision@-1 | Precision@1 | Precision@10 | Precision@5 | Recall@-1 | Recall@1 | Recall@10 | Recall@20 | Recall@5 | Recall@50 | Time (s)
---------------- + ------ + ------ + ------ + ------ + ------- + ------ + ------- + -------- + ------- + ------------ + ----------- + ------------ + ----------- + --------- + -------- + --------- + --------- + -------- + --------- + --------
MostPop          | 0.0310 | 0.2529 | 0.1580 | 0.2093 |  0.5412 | 0.2827 |  0.4769 |   0.5412 |  0.5356 |       0.0159 |      0.2827 |       0.0906 |      0.1339 |    1.0000 |   0.2404 |    0.7323 |    0.8655 |   0.5478 |    0.9685 |   5.0435
MF               | 0.0310 | 0.0490 | 0.1033 | 0.1528 |  0.3573 | 0.0581 |  0.2470 |   0.3573 |  0.3354 |       0.0159 |      0.0581 |       0.0591 |      0.0975 |    1.0000 |   0.0455 |    0.4827 |    0.5784 |   0.4018 |    0.8773 |   5.3001
online_ibpr      | 0.0310 | 0.0208 | 0.0302 | 0.0265 |  0.2378 | 0.0246 |  0.0689 |   0.2378 |  0.1588 |       0.0159 |      0.0246 |       0.0175 |      0.0172 |    1.0000 |   0.0193 |    0.1379 |    0.2458 |   0.0684 |    0.5393 |   5.0590
BiVAECF          | 0.0310 | 0.1368 | 0.1538 | 0.1984 |  0.4777 | 0.1589 |  0.4135 |   0.4777 |  0.4575 |       0.0159 |      0.1589 |       0.0882 |      0.1268 |    1.0000 |   0.1280 |    0.7133 |    0.8348 |   0.5202 |    0.8851 |   5.6170
GridSearch_BPR   | 0.0310 | 0.2515 | 0.1580 | 0.2089 |  0.5416 | 0.2812 |  0.4773 |   0.5416 |  0.5359 |       0.0159 |      0.2812 |       0.0906 |      0.1337 |    1.0000 |   0.2391 |    0.7322 |    0.8657 |   0.5473 |    0.9683 |   5.3641
GridSearch_EASEᴿ | 0.0310 | 0.2488 | 0.1604 | 0.2177 |  0.5463 | 0.2798 |  0.4845 |   0.5463 |  0.5396 |       0.0159 |      0.2798 |       0.0921 |      0.1395 |    1.0000 |   0.2359 |    0.7397 |    0.8632 |   0.5677 |    0.9617 |   5.4030

TEST:
...
                 |  F1@-1 |   F1@1 |  F1@10 |   F1@5 | NDCG@-1 | NDCG@1 | NDCG@10 | NDCG@100 | NDCG@50 | Precision@-1 | Precision@1 | Precision@10 | Precision@5 | Recall@-1 | Recall@1 | Recall@10 | Recall@20 | Recall@5 | Recall@50 | Train (s) | Test (s)
---------------- + ------ + ------ + ------ + ------ + ------- + ------ + ------- + -------- + ------- + ------------ + ----------- + ------------ + ----------- + --------- + -------- + --------- + --------- + -------- + --------- + --------- + --------
MostPop          | 0.0315 | 0.2638 | 0.1612 | 0.2144 |  0.5511 | 0.2971 |  0.4893 |   0.5511 |  0.5459 |       0.0162 |      0.2971 |       0.0926 |      0.1377 |    1.0000 |   0.2502 |    0.7430 |    0.8700 |   0.5570 |    0.9708 |    0.0102 |   5.1616
MF               | 0.0315 | 0.0520 | 0.1029 | 0.1539 |  0.3600 | 0.0620 |  0.2485 |   0.3600 |  0.3387 |       0.0162 |      0.0620 |       0.0590 |      0.0985 |    1.0000 |   0.0483 |    0.4795 |    0.5841 |   0.4042 |    0.8804 |    0.0804 |   5.4328
online_ibpr      | 0.0315 | 0.0182 | 0.0303 | 0.0261 |  0.2372 | 0.0221 |  0.0673 |   0.2372 |  0.1591 |       0.0162 |      0.0221 |       0.0175 |      0.0170 |    1.0000 |   0.0167 |    0.1357 |    0.2441 |   0.0661 |    0.5447 |    8.4827 |   5.0815
BiVAECF          | 0.0315 | 0.1523 | 0.1566 | 0.2040 |  0.4896 | 0.1760 |  0.4271 |   0.4896 |  0.4696 |       0.0162 |      0.1760 |       0.0899 |      0.1309 |    1.0000 |   0.1429 |    0.7218 |    0.8367 |   0.5315 |    0.8874 |   66.6307 |   5.7391
GridSearch_BPR   | 0.0315 | 0.2662 | 0.1611 | 0.2140 |  0.5524 | 0.3000 |  0.4907 |   0.5524 |  0.5472 |       0.0162 |      0.3000 |       0.0925 |      0.1375 |    1.0000 |   0.2524 |    0.7428 |    0.8689 |   0.5558 |    0.9706 |   22.1667 |   5.4517
GridSearch_EASEᴿ | 0.0315 | 0.2613 | 0.1636 | 0.2246 |  0.5551 | 0.2956 |  0.4956 |   0.5551 |  0.5488 |       0.0162 |      0.2956 |       0.0942 |      0.1446 |    1.0000 |   0.2475 |    0.7490 |    0.8692 |   0.5815 |    0.9636 |    3.0216 |   5.5174
