
VALIDATION:
...
                 |  F1@-1 |   F1@1 |  F1@10 |   F1@5 | NDCG@-1 | NDCG@1 | NDCG@10 | NDCG@100 | NDCG@50 | Precision@-1 | Precision@1 | Precision@10 | Precision@5 | Recall@-1 | Recall@1 | Recall@10 | Recall@20 | Recall@5 | Recall@50 | Time (s)
---------------- + ------ + ------ + ------ + ------ + ------- + ------ + ------- + -------- + ------- + ------------ + ----------- + ------------ + ----------- + --------- + -------- + --------- + --------- + -------- + --------- + --------
MostPop          | 0.0179 | 0.0730 | 0.0585 | 0.0662 |  0.3041 | 0.0798 |  0.1608 |   0.2842 |  0.2414 |       0.0091 |      0.0798 |       0.0338 |      0.0430 |    1.0000 |   0.0703 |    0.2717 |    0.3993 |   0.1727 |    0.6205 |   1.6678
MF               | 0.0179 | 0.0310 | 0.0222 | 0.0204 |  0.2263 | 0.0379 |  0.0584 |   0.1954 |  0.1290 |       0.0091 |      0.0379 |       0.0130 |      0.0135 |    1.0000 |   0.0285 |    0.0990 |    0.2009 |   0.0515 |    0.4045 |   1.7981
online_ibpr      | 0.0179 | 0.0352 | 0.0260 | 0.0292 |  0.2333 | 0.0385 |  0.0732 |   0.1904 |  0.1372 |       0.0091 |      0.0385 |       0.0151 |      0.0188 |    1.0000 |   0.0338 |    0.1216 |    0.1993 |   0.0774 |    0.4057 |   1.3509
GridSearch_BPR   | 0.0179 | 0.0730 | 0.0588 | 0.0665 |  0.3043 | 0.0798 |  0.1612 |   0.2844 |  0.2417 |       0.0091 |      0.0798 |       0.0340 |      0.0432 |    1.0000 |   0.0703 |    0.2727 |    0.3947 |   0.1733 |    0.6212 |   1.8022
GridSearch_EASEᴿ | 0.0179 | 0.0704 | 0.0612 | 0.0711 |  0.3058 | 0.0832 |  0.1650 |   0.2821 |  0.2423 |       0.0091 |      0.0832 |       0.0357 |      0.0465 |    1.0000 |   0.0658 |    0.2757 |    0.3917 |   0.1829 |    0.6088 |   1.3711
BiVAECF          | 0.0179 | 0.0796 | 0.0591 | 0.0671 |  0.3070 | 0.0872 |  0.1642 |   0.2832 |  0.2431 |       0.0091 |      0.0872 |       0.0343 |      0.0434 |    1.0000 |   0.0769 |    0.2715 |    0.4006 |   0.1755 |    0.6103 |   1.4925

TEST:
...
                 |  F1@-1 |   F1@1 |  F1@10 |   F1@5 | NDCG@-1 | NDCG@1 | NDCG@10 | NDCG@100 | NDCG@50 | Precision@-1 | Precision@1 | Precision@10 | Precision@5 | Recall@-1 | Recall@1 | Recall@10 | Recall@20 | Recall@5 | Recall@50 | Train (s) | Test (s)
---------------- + ------ + ------ + ------ + ------ + ------- + ------ + ------- + -------- + ------- + ------------ + ----------- + ------------ + ----------- + --------- + -------- + --------- + --------- + -------- + --------- + --------- + --------
MostPop          | 0.0177 | 0.0773 | 0.0582 | 0.0705 |  0.3090 | 0.0838 |  0.1654 |   0.2885 |  0.2473 |       0.0090 |      0.0838 |       0.0336 |      0.0449 |    1.0000 |   0.0747 |    0.2686 |    0.3984 |   0.1895 |    0.6269 |    0.0013 |   1.8271
MF               | 0.0177 | 0.0293 | 0.0200 | 0.0196 |  0.2234 | 0.0346 |  0.0539 |   0.1929 |  0.1268 |       0.0090 |      0.0346 |       0.0116 |      0.0129 |    1.0000 |   0.0273 |    0.0900 |    0.1979 |   0.0491 |    0.4055 |    0.2015 |   1.9497
online_ibpr      | 0.0177 | 0.0274 | 0.0235 | 0.0265 |  0.2249 | 0.0303 |  0.0639 |   0.1813 |  0.1274 |       0.0090 |      0.0303 |       0.0136 |      0.0171 |    1.0000 |   0.0262 |    0.1101 |    0.1853 |   0.0696 |    0.3945 |    2.1922 |   1.4924
GridSearch_BPR   | 0.0177 | 0.0773 | 0.0582 | 0.0705 |  0.3090 | 0.0838 |  0.1654 |   0.2885 |  0.2463 |       0.0090 |      0.0838 |       0.0336 |      0.0449 |    1.0000 |   0.0747 |    0.2683 |    0.3937 |   0.1895 |    0.6211 |    7.4524 |   1.9531
GridSearch_EASEᴿ | 0.0177 | 0.0772 | 0.0603 | 0.0716 |  0.3080 | 0.0908 |  0.1654 |   0.2870 |  0.2453 |       0.0090 |      0.0908 |       0.0351 |      0.0469 |    1.0000 |   0.0723 |    0.2695 |    0.3963 |   0.1820 |    0.6128 |    1.0422 |   1.5145
BiVAECF          | 0.0177 | 0.0828 | 0.0594 | 0.0709 |  0.3115 | 0.0924 |  0.1694 |   0.2876 |  0.2509 |       0.0090 |      0.0924 |       0.0343 |      0.0456 |    1.0000 |   0.0793 |    0.2749 |    0.4024 |   0.1866 |    0.6292 |   28.6884 |   1.5838
