
VALIDATION:
...
                 |  F1@-1 |   F1@1 |  F1@10 |   F1@5 | NDCG@-1 | NDCG@1 | NDCG@10 | NDCG@100 | NDCG@50 | Precision@-1 | Precision@1 | Precision@10 | Precision@5 | Recall@-1 | Recall@1 | Recall@10 | Recall@20 | Recall@5 | Recall@50 | Time (s)
---------------- + ------ + ------ + ------ + ------ + ------- + ------ + ------- + -------- + ------- + ------------ + ----------- + ------------ + ----------- + --------- + -------- + --------- + --------- + -------- + --------- + --------
MostPop          | 0.0179 | 0.0730 | 0.0585 | 0.0662 |  0.3041 | 0.0798 |  0.1608 |   0.2842 |  0.2414 |       0.0091 |      0.0798 |       0.0338 |      0.0430 |    1.0000 |   0.0703 |    0.2717 |    0.3993 |   0.1727 |    0.6205 |   1.3169
MF               | 0.0179 | 0.0310 | 0.0219 | 0.0199 |  0.2255 | 0.0379 |  0.0575 |   0.1940 |  0.1277 |       0.0091 |      0.0379 |       0.0128 |      0.0131 |    1.0000 |   0.0285 |    0.0970 |    0.2036 |   0.0507 |    0.4028 |   1.3856
online_ibpr      | 0.0179 | 0.0290 | 0.0206 | 0.0253 |  0.2218 | 0.0334 |  0.0589 |   0.1748 |  0.1183 |       0.0091 |      0.0334 |       0.0119 |      0.0163 |    1.0000 |   0.0273 |    0.0949 |    0.1749 |   0.0661 |    0.3569 |   1.3314
BiVAECF          | 0.0179 | 0.0737 | 0.0579 | 0.0654 |  0.3029 | 0.0804 |  0.1582 |   0.2800 |  0.2400 |       0.0091 |      0.0804 |       0.0335 |      0.0422 |    1.0000 |   0.0711 |    0.2665 |    0.4049 |   0.1714 |    0.6173 |   1.5218
GridSearch_BPR   | 0.0179 | 0.0730 | 0.0588 | 0.0665 |  0.3043 | 0.0798 |  0.1612 |   0.2844 |  0.2417 |       0.0091 |      0.0798 |       0.0340 |      0.0432 |    1.0000 |   0.0703 |    0.2727 |    0.3947 |   0.1733 |    0.6212 |   1.5217
GridSearch_EASEᴿ | 0.0179 | 0.0704 | 0.0612 | 0.0711 |  0.3058 | 0.0832 |  0.1650 |   0.2821 |  0.2423 |       0.0091 |      0.0832 |       0.0357 |      0.0465 |    1.0000 |   0.0658 |    0.2757 |    0.3917 |   0.1829 |    0.6088 |   1.4325

TEST:
...
                 |  F1@-1 |   F1@1 |  F1@10 |   F1@5 | NDCG@-1 | NDCG@1 | NDCG@10 | NDCG@100 | NDCG@50 | Precision@-1 | Precision@1 | Precision@10 | Precision@5 | Recall@-1 | Recall@1 | Recall@10 | Recall@20 | Recall@5 | Recall@50 | Train (s) | Test (s)
---------------- + ------ + ------ + ------ + ------ + ------- + ------ + ------- + -------- + ------- + ------------ + ----------- + ------------ + ----------- + --------- + -------- + --------- + --------- + -------- + --------- + --------- + --------
MostPop          | 0.0177 | 0.0773 | 0.0582 | 0.0705 |  0.3090 | 0.0838 |  0.1654 |   0.2885 |  0.2473 |       0.0090 |      0.0838 |       0.0336 |      0.0449 |    1.0000 |   0.0747 |    0.2686 |    0.3984 |   0.1895 |    0.6269 |    0.0011 |   1.4212
MF               | 0.0177 | 0.0293 | 0.0201 | 0.0176 |  0.2224 | 0.0346 |  0.0529 |   0.1918 |  0.1252 |       0.0090 |      0.0346 |       0.0117 |      0.0117 |    1.0000 |   0.0273 |    0.0888 |    0.1979 |   0.0440 |    0.4038 |    0.0131 |   1.4619
online_ibpr      | 0.0177 | 0.0259 | 0.0206 | 0.0248 |  0.2199 | 0.0292 |  0.0586 |   0.1721 |  0.1167 |       0.0090 |      0.0292 |       0.0118 |      0.0159 |    1.0000 |   0.0247 |    0.0981 |    0.1689 |   0.0665 |    0.3606 |    2.1908 |   1.4627
BiVAECF          | 0.0177 | 0.0834 | 0.0575 | 0.0689 |  0.3103 | 0.0914 |  0.1658 |   0.2882 |  0.2496 |       0.0090 |      0.0914 |       0.0332 |      0.0442 |    1.0000 |   0.0803 |    0.2664 |    0.4003 |   0.1830 |    0.6294 |   29.1781 |   1.6471
GridSearch_BPR   | 0.0177 | 0.0773 | 0.0582 | 0.0705 |  0.3090 | 0.0838 |  0.1654 |   0.2885 |  0.2463 |       0.0090 |      0.0838 |       0.0336 |      0.0449 |    1.0000 |   0.0747 |    0.2683 |    0.3937 |   0.1895 |    0.6211 |    6.8698 |   1.7111
GridSearch_EASEᴿ | 0.0177 | 0.0772 | 0.0603 | 0.0716 |  0.3080 | 0.0908 |  0.1654 |   0.2870 |  0.2453 |       0.0090 |      0.0908 |       0.0351 |      0.0469 |    1.0000 |   0.0723 |    0.2695 |    0.3963 |   0.1820 |    0.6128 |    0.9455 |   1.5774
