
VALIDATION:
...
                 |  F1@-1 |   F1@1 |  F1@10 |   F1@5 | NDCG@-1 | NDCG@1 | NDCG@10 | NDCG@100 | NDCG@50 | Precision@-1 | Precision@1 | Precision@10 | Precision@5 | Recall@-1 | Recall@1 | Recall@10 | Recall@20 | Recall@5 | Recall@50 | Time (s)
---------------- + ------ + ------ + ------ + ------ + ------- + ------ + ------- + -------- + ------- + ------------ + ----------- + ------------ + ----------- + --------- + -------- + --------- + --------- + -------- + --------- + --------
MostPop          | 0.0018 | 0.0169 | 0.0158 | 0.0181 |  0.1712 | 0.0197 |  0.0411 |   0.0797 |  0.0648 |       0.0009 |      0.0197 |       0.0092 |      0.0118 |    1.0000 |   0.0158 |    0.0708 |    0.1041 |   0.0463 |    0.1737 |  29.8943
MF               | 0.0018 | 0.0002 | 0.0013 | 0.0013 |  0.1230 | 0.0003 |  0.0027 |   0.0154 |  0.0094 |       0.0009 |      0.0003 |       0.0008 |      0.0008 |    1.0000 |   0.0002 |    0.0060 |    0.0117 |   0.0031 |    0.0365 |  24.5700
online_ibpr      | 0.0018 | 0.0068 | 0.0043 | 0.0057 |  0.1319 | 0.0072 |  0.0134 |   0.0257 |  0.0202 |       0.0009 |      0.0072 |       0.0024 |      0.0036 |    1.0000 |   0.0067 |    0.0210 |    0.0291 |   0.0157 |    0.0513 | 117.6851
GridSearch_BPR   | 0.0018 | 0.0169 | 0.0159 | 0.0181 |  0.1712 | 0.0197 |  0.0411 |   0.0796 |  0.0649 |       0.0009 |      0.0197 |       0.0093 |      0.0118 |    1.0000 |   0.0158 |    0.0708 |    0.1038 |   0.0463 |    0.1742 |  25.2529
GridSearch_EASEᴿ | 0.0018 | 0.0311 | 0.0262 | 0.0318 |  0.1934 | 0.0390 |  0.0687 |   0.1099 |  0.0963 |       0.0009 |      0.0390 |       0.0159 |      0.0220 |    1.0000 |   0.0288 |    0.1084 |    0.1497 |   0.0764 |    0.2244 |  22.9308
BiVAECF          | 0.0018 | 0.0126 | 0.0122 | 0.0147 |  0.1639 | 0.0146 |  0.0322 |   0.0688 |  0.0534 |       0.0009 |      0.0146 |       0.0072 |      0.0096 |    1.0000 |   0.0118 |    0.0548 |    0.0801 |   0.0374 |    0.1478 |  23.7592

TEST:
...
                 |  F1@-1 |   F1@1 |  F1@10 |   F1@5 | NDCG@-1 | NDCG@1 | NDCG@10 | NDCG@100 | NDCG@50 | Precision@-1 | Precision@1 | Precision@10 | Precision@5 | Recall@-1 | Recall@1 | Recall@10 | Recall@20 | Recall@5 | Recall@50 | Train (s) | Test (s)
---------------- + ------ + ------ + ------ + ------ + ------- + ------ + ------- + -------- + ------- + ------------ + ----------- + ------------ + ----------- + --------- + -------- + --------- + --------- + -------- + --------- + --------- + --------
MostPop          | 0.0017 | 0.0164 | 0.0160 | 0.0185 |  0.1709 | 0.0191 |  0.0412 |   0.0797 |  0.0647 |       0.0009 |      0.0191 |       0.0093 |      0.0120 |    1.0000 |   0.0154 |    0.0716 |    0.1045 |   0.0477 |    0.1740 |    0.0116 |  23.9479
MF               | 0.0017 | 0.0002 | 0.0011 | 0.0009 |  0.1224 | 0.0002 |  0.0021 |   0.0150 |  0.0088 |       0.0009 |      0.0002 |       0.0007 |      0.0006 |    1.0000 |   0.0002 |    0.0046 |    0.0102 |   0.0020 |    0.0347 |    0.8305 |  40.7265
online_ibpr      | 0.0017 | 0.0081 | 0.0045 | 0.0061 |  0.1329 | 0.0084 |  0.0147 |   0.0271 |  0.0213 |       0.0009 |      0.0084 |       0.0026 |      0.0038 |    1.0000 |   0.0079 |    0.0226 |    0.0313 |   0.0172 |    0.0515 |   23.4965 | 123.5557
GridSearch_BPR   | 0.0017 | 0.0164 | 0.0161 | 0.0185 |  0.1710 | 0.0191 |  0.0413 |   0.0795 |  0.0647 |       0.0009 |      0.0191 |       0.0094 |      0.0120 |    1.0000 |   0.0154 |    0.0717 |    0.1045 |   0.0477 |    0.1741 |  132.5186 |  26.2868
GridSearch_EASEᴿ | 0.0017 | 0.0320 | 0.0271 | 0.0328 |  0.1956 | 0.0399 |  0.0708 |   0.1133 |  0.0999 |       0.0009 |      0.0399 |       0.0164 |      0.0226 |    1.0000 |   0.0296 |    0.1119 |    0.1570 |   0.0790 |    0.2353 |   18.1851 |  25.7537
BiVAECF          | 0.0017 | 0.0135 | 0.0118 | 0.0146 |  0.1635 | 0.0158 |  0.0318 |   0.0682 |  0.0522 |       0.0009 |      0.0158 |       0.0069 |      0.0096 |    1.0000 |   0.0126 |    0.0528 |    0.0787 |   0.0374 |    0.1425 |  411.1219 |  23.8384
