
VALIDATION:
...
                 |  F1@-1 |   F1@1 |  F1@10 |   F1@5 | NDCG@-1 | NDCG@1 | NDCG@10 | NDCG@100 | NDCG@50 | Precision@-1 | Precision@1 | Precision@10 | Precision@5 | Recall@-1 | Recall@1 | Recall@10 | Recall@20 | Recall@5 | Recall@50 | Time (s)
---------------- + ------ + ------ + ------ + ------ + ------- + ------ + ------- + -------- + ------- + ------------ + ----------- + ------------ + ----------- + --------- + -------- + --------- + --------- + -------- + --------- + --------
MostPop          | 0.0018 | 0.0169 | 0.0158 | 0.0181 |  0.1712 | 0.0197 |  0.0411 |   0.0797 |  0.0648 |       0.0009 |      0.0197 |       0.0092 |      0.0118 |    1.0000 |   0.0158 |    0.0708 |    0.1041 |   0.0463 |    0.1737 |  19.4069
MF               | 0.0018 | 0.0002 | 0.0011 | 0.0009 |  0.1231 | 0.0003 |  0.0022 |   0.0152 |  0.0099 |       0.0009 |      0.0003 |       0.0006 |      0.0006 |    1.0000 |   0.0002 |    0.0048 |    0.0157 |   0.0022 |    0.0388 |  21.0475
online_ibpr      | 0.0018 | 0.0068 | 0.0042 | 0.0055 |  0.1318 | 0.0071 |  0.0132 |   0.0260 |  0.0204 |       0.0009 |      0.0071 |       0.0024 |      0.0034 |    1.0000 |   0.0067 |    0.0206 |    0.0309 |   0.0154 |    0.0518 |  30.1487
BiVAECF          | 0.0018 | 0.0116 | 0.0142 | 0.0163 |  0.1689 | 0.0140 |  0.0350 |   0.0783 |  0.0620 |       0.0009 |      0.0140 |       0.0084 |      0.0108 |    1.0000 |   0.0108 |    0.0624 |    0.0955 |   0.0408 |    0.1808 |  22.1537
GridSearch_BPR   | 0.0018 | 0.0169 | 0.0159 | 0.0181 |  0.1712 | 0.0197 |  0.0411 |   0.0796 |  0.0649 |       0.0009 |      0.0197 |       0.0093 |      0.0118 |    1.0000 |   0.0158 |    0.0708 |    0.1038 |   0.0463 |    0.1742 |  22.9662
GridSearch_EASEᴿ | 0.0018 | 0.0311 | 0.0262 | 0.0318 |  0.1934 | 0.0390 |  0.0687 |   0.1099 |  0.0963 |       0.0009 |      0.0390 |       0.0159 |      0.0220 |    1.0000 |   0.0288 |    0.1084 |    0.1497 |   0.0764 |    0.2244 |  21.9699

TEST:
...
                 |  F1@-1 |   F1@1 |  F1@10 |   F1@5 | NDCG@-1 | NDCG@1 | NDCG@10 | NDCG@100 | NDCG@50 | Precision@-1 | Precision@1 | Precision@10 | Precision@5 | Recall@-1 | Recall@1 | Recall@10 | Recall@20 | Recall@5 | Recall@50 | Train (s) | Test (s)
---------------- + ------ + ------ + ------ + ------ + ------- + ------ + ------- + -------- + ------- + ------------ + ----------- + ------------ + ----------- + --------- + -------- + --------- + --------- + -------- + --------- + --------- + --------
MostPop          | 0.0017 | 0.0164 | 0.0160 | 0.0185 |  0.1709 | 0.0191 |  0.0412 |   0.0797 |  0.0647 |       0.0009 |      0.0191 |       0.0093 |      0.0120 |    1.0000 |   0.0154 |    0.0716 |    0.1045 |   0.0477 |    0.1740 |    0.0111 |  20.2016
MF               | 0.0017 | 0.0002 | 0.0009 | 0.0007 |  0.1226 | 0.0002 |  0.0017 |   0.0148 |  0.0095 |       0.0009 |      0.0002 |       0.0005 |      0.0005 |    1.0000 |   0.0002 |    0.0036 |    0.0147 |   0.0016 |    0.0379 |    0.1035 |  21.9783
online_ibpr      | 0.0017 | 0.0067 | 0.0044 | 0.0057 |  0.1318 | 0.0071 |  0.0135 |   0.0264 |  0.0206 |       0.0009 |      0.0071 |       0.0025 |      0.0036 |    1.0000 |   0.0066 |    0.0216 |    0.0309 |   0.0158 |    0.0526 |   25.9468 |  31.2397
BiVAECF          | 0.0017 | 0.0112 | 0.0147 | 0.0160 |  0.1691 | 0.0138 |  0.0355 |   0.0792 |  0.0621 |       0.0009 |      0.0138 |       0.0086 |      0.0106 |    1.0000 |   0.0104 |    0.0648 |    0.0997 |   0.0402 |    0.1811 |  402.6807 |  23.0515
GridSearch_BPR   | 0.0017 | 0.0164 | 0.0161 | 0.0185 |  0.1710 | 0.0191 |  0.0413 |   0.0795 |  0.0647 |       0.0009 |      0.0191 |       0.0094 |      0.0120 |    1.0000 |   0.0154 |    0.0717 |    0.1045 |   0.0477 |    0.1741 |  122.4574 |  23.1615
GridSearch_EASEᴿ | 0.0017 | 0.0320 | 0.0271 | 0.0328 |  0.1956 | 0.0399 |  0.0708 |   0.1133 |  0.0999 |       0.0009 |      0.0399 |       0.0164 |      0.0226 |    1.0000 |   0.0296 |    0.1119 |    0.1570 |   0.0790 |    0.2353 |   15.7776 |  22.9584
