
VALIDATION:
...
                 |  F1@-1 |   F1@1 |  F1@10 |   F1@5 | NDCG@-1 | NDCG@1 | NDCG@10 | NDCG@100 | NDCG@50 | Precision@-1 | Precision@1 | Precision@10 | Precision@5 | Recall@-1 | Recall@1 | Recall@10 | Recall@20 | Recall@5 | Recall@50 | Time (s)
---------------- + ------ + ------ + ------ + ------ + ------- + ------ + ------- + -------- + ------- + ------------ + ----------- + ------------ + ----------- + --------- + -------- + --------- + --------- + -------- + --------- + --------
MostPop          | 0.0021 | 0.0092 | 0.0125 | 0.0136 |  0.1623 | 0.0112 |  0.0294 |   0.0686 |  0.0522 |       0.0011 |      0.0112 |       0.0074 |      0.0090 |    1.0000 |   0.0085 |    0.0544 |    0.0847 |   0.0336 |    0.1541 |  12.7338
MF               | 0.0021 | 0.0005 | 0.0012 | 0.0012 |  0.1260 | 0.0005 |  0.0028 |   0.0162 |  0.0102 |       0.0011 |      0.0005 |       0.0007 |      0.0008 |    1.0000 |   0.0005 |    0.0054 |    0.0181 |   0.0033 |    0.0368 |  14.6736
online_ibpr      | 0.0021 | 0.0089 | 0.0049 | 0.0065 |  0.1377 | 0.0093 |  0.0161 |   0.0309 |  0.0239 |       0.0011 |      0.0093 |       0.0028 |      0.0041 |    1.0000 |   0.0088 |    0.0246 |    0.0336 |   0.0183 |    0.0595 |  35.4872
BiVAECF          | 0.0021 | 0.0079 | 0.0131 | 0.0140 |  0.1650 | 0.0100 |  0.0298 |   0.0736 |  0.0560 |       0.0011 |      0.0100 |       0.0077 |      0.0093 |    1.0000 |   0.0072 |    0.0570 |    0.0919 |   0.0345 |    0.1714 |  14.0089
GridSearch_BPR   | 0.0021 | 0.0092 | 0.0126 | 0.0136 |  0.1623 | 0.0112 |  0.0295 |   0.0687 |  0.0524 |       0.0011 |      0.0112 |       0.0074 |      0.0090 |    1.0000 |   0.0085 |    0.0546 |    0.0846 |   0.0336 |    0.1547 |  13.3725
GridSearch_EASEᴿ | 0.0021 | 0.0295 | 0.0239 | 0.0291 |  0.1898 | 0.0373 |  0.0625 |   0.1040 |  0.0903 |       0.0011 |      0.0373 |       0.0145 |      0.0202 |    1.0000 |   0.0272 |    0.0976 |    0.1355 |   0.0686 |    0.2161 |  13.9438

TEST:
...
                 |  F1@-1 |   F1@1 |  F1@10 |   F1@5 | NDCG@-1 | NDCG@1 | NDCG@10 | NDCG@100 | NDCG@50 | Precision@-1 | Precision@1 | Precision@10 | Precision@5 | Recall@-1 | Recall@1 | Recall@10 | Recall@20 | Recall@5 | Recall@50 | Train (s) | Test (s)
---------------- + ------ + ------ + ------ + ------ + ------- + ------ + ------- + -------- + ------- + ------------ + ----------- + ------------ + ----------- + --------- + -------- + --------- + --------- + -------- + --------- + --------- + --------
MostPop          | 0.0021 | 0.0087 | 0.0120 | 0.0132 |  0.1615 | 0.0107 |  0.0283 |   0.0675 |  0.0513 |       0.0011 |      0.0107 |       0.0071 |      0.0088 |    1.0000 |   0.0080 |    0.0522 |    0.0822 |   0.0327 |    0.1531 |    0.0073 |  12.9135
MF               | 0.0021 | 0.0005 | 0.0013 | 0.0013 |  0.1262 | 0.0007 |  0.0030 |   0.0167 |  0.0107 |       0.0011 |      0.0007 |       0.0008 |      0.0009 |    1.0000 |   0.0004 |    0.0060 |    0.0185 |   0.0034 |    0.0388 |    0.0884 |  14.0395
online_ibpr      | 0.0021 | 0.0103 | 0.0057 | 0.0073 |  0.1397 | 0.0107 |  0.0184 |   0.0335 |  0.0268 |       0.0011 |      0.0107 |       0.0032 |      0.0045 |    1.0000 |   0.0102 |    0.0282 |    0.0393 |   0.0206 |    0.0650 |   17.0515 |  29.5364
BiVAECF          | 0.0021 | 0.0096 | 0.0136 | 0.0140 |  0.1657 | 0.0119 |  0.0310 |   0.0738 |  0.0564 |       0.0011 |      0.0119 |       0.0080 |      0.0094 |    1.0000 |   0.0088 |    0.0585 |    0.0931 |   0.0342 |    0.1686 |  305.8976 |  14.0391
GridSearch_BPR   | 0.0021 | 0.0087 | 0.0122 | 0.0132 |  0.1616 | 0.0108 |  0.0287 |   0.0676 |  0.0513 |       0.0011 |      0.0108 |       0.0072 |      0.0088 |    1.0000 |   0.0081 |    0.0532 |    0.0819 |   0.0327 |    0.1528 |   71.7998 |  13.7676
GridSearch_EASEᴿ | 0.0021 | 0.0298 | 0.0247 | 0.0296 |  0.1910 | 0.0379 |  0.0641 |   0.1055 |  0.0912 |       0.0011 |      0.0379 |       0.0150 |      0.0207 |    1.0000 |   0.0273 |    0.1010 |    0.1395 |   0.0701 |    0.2162 |    9.2668 |  14.3253
