
VALIDATION:
...
                 |  F1@-1 |   F1@1 |  F1@10 |   F1@5 | NDCG@-1 | NDCG@1 | NDCG@10 | NDCG@100 | NDCG@50 | Precision@-1 | Precision@1 | Precision@10 | Precision@5 | Recall@-1 | Recall@1 | Recall@10 | Recall@20 | Recall@5 | Recall@50 | Time (s)
---------------- + ------ + ------ + ------ + ------ + ------- + ------ + ------- + -------- + ------- + ------------ + ----------- + ------------ + ----------- + --------- + -------- + --------- + --------- + -------- + --------- + --------
MostPop          | 0.0021 | 0.0092 | 0.0125 | 0.0136 |  0.1623 | 0.0112 |  0.0294 |   0.0686 |  0.0522 |       0.0011 |      0.0112 |       0.0074 |      0.0090 |    1.0000 |   0.0085 |    0.0544 |    0.0847 |   0.0336 |    0.1541 |  13.0188
MF               | 0.0021 | 0.0005 | 0.0016 | 0.0012 |  0.1258 | 0.0005 |  0.0031 |   0.0167 |  0.0095 |       0.0011 |      0.0005 |       0.0009 |      0.0008 |    1.0000 |   0.0005 |    0.0070 |    0.0175 |   0.0033 |    0.0344 |  13.7376
online_ibpr      | 0.0021 | 0.0077 | 0.0052 | 0.0066 |  0.1376 | 0.0081 |  0.0159 |   0.0312 |  0.0243 |       0.0011 |      0.0081 |       0.0030 |      0.0041 |    1.0000 |   0.0076 |    0.0254 |    0.0352 |   0.0182 |    0.0629 |  32.2591
GridSearch_BPR   | 0.0021 | 0.0092 | 0.0126 | 0.0136 |  0.1623 | 0.0112 |  0.0295 |   0.0687 |  0.0524 |       0.0011 |      0.0112 |       0.0074 |      0.0090 |    1.0000 |   0.0085 |    0.0546 |    0.0846 |   0.0336 |    0.1547 |  15.9213
GridSearch_EASEᴿ | 0.0021 | 0.0295 | 0.0239 | 0.0291 |  0.1898 | 0.0373 |  0.0625 |   0.1040 |  0.0903 |       0.0011 |      0.0373 |       0.0145 |      0.0202 |    1.0000 |   0.0272 |    0.0976 |    0.1355 |   0.0686 |    0.2161 |  15.5960
BiVAECF          | 0.0021 | 0.0094 | 0.0118 | 0.0135 |  0.1634 | 0.0114 |  0.0288 |   0.0694 |  0.0527 |       0.0011 |      0.0114 |       0.0069 |      0.0089 |    1.0000 |   0.0087 |    0.0522 |    0.0814 |   0.0341 |    0.1574 |  14.7251

TEST:
...
                 |  F1@-1 |   F1@1 |  F1@10 |   F1@5 | NDCG@-1 | NDCG@1 | NDCG@10 | NDCG@100 | NDCG@50 | Precision@-1 | Precision@1 | Precision@10 | Precision@5 | Recall@-1 | Recall@1 | Recall@10 | Recall@20 | Recall@5 | Recall@50 | Train (s) | Test (s)
---------------- + ------ + ------ + ------ + ------ + ------- + ------ + ------- + -------- + ------- + ------------ + ----------- + ------------ + ----------- + --------- + -------- + --------- + --------- + -------- + --------- + --------- + --------
MostPop          | 0.0021 | 0.0087 | 0.0120 | 0.0132 |  0.1615 | 0.0107 |  0.0283 |   0.0675 |  0.0513 |       0.0011 |      0.0107 |       0.0071 |      0.0088 |    1.0000 |   0.0080 |    0.0522 |    0.0822 |   0.0327 |    0.1531 |    0.0073 |  13.9799
MF               | 0.0021 | 0.0005 | 0.0016 | 0.0013 |  0.1260 | 0.0007 |  0.0031 |   0.0172 |  0.0098 |       0.0011 |      0.0007 |       0.0009 |      0.0009 |    1.0000 |   0.0004 |    0.0071 |    0.0183 |   0.0034 |    0.0358 |    0.0605 |  14.0184
online_ibpr      | 0.0021 | 0.0101 | 0.0058 | 0.0074 |  0.1402 | 0.0105 |  0.0187 |   0.0339 |  0.0270 |       0.0011 |      0.0105 |       0.0033 |      0.0046 |    1.0000 |   0.0100 |    0.0288 |    0.0390 |   0.0211 |    0.0658 |   16.7436 |  21.0445
GridSearch_BPR   | 0.0021 | 0.0087 | 0.0122 | 0.0132 |  0.1616 | 0.0108 |  0.0287 |   0.0676 |  0.0513 |       0.0011 |      0.0108 |       0.0072 |      0.0088 |    1.0000 |   0.0081 |    0.0532 |    0.0819 |   0.0327 |    0.1528 |  325.5883 |  16.1780
GridSearch_EASEᴿ | 0.0021 | 0.0298 | 0.0247 | 0.0296 |  0.1910 | 0.0379 |  0.0641 |   0.1055 |  0.0912 |       0.0011 |      0.0379 |       0.0150 |      0.0207 |    1.0000 |   0.0273 |    0.1010 |    0.1395 |   0.0701 |    0.2162 |   12.4069 |  17.4550
BiVAECF          | 0.0021 | 0.0097 | 0.0118 | 0.0128 |  0.1631 | 0.0117 |  0.0287 |   0.0693 |  0.0527 |       0.0011 |      0.0117 |       0.0069 |      0.0085 |    1.0000 |   0.0091 |    0.0520 |    0.0794 |   0.0325 |    0.1578 |  352.6678 |  15.1131
