
VALIDATION:
...
                 |  F1@-1 |   F1@1 |  F1@10 |   F1@5 | NDCG@-1 | NDCG@1 | NDCG@10 | NDCG@100 | NDCG@50 | Precision@-1 | Precision@1 | Precision@10 | Precision@5 | Recall@-1 | Recall@1 | Recall@10 | Recall@20 | Recall@5 | Recall@50 | Time (s)
---------------- + ------ + ------ + ------ + ------ + ------- + ------ + ------- + -------- + ------- + ------------ + ----------- + ------------ + ----------- + --------- + -------- + --------- + --------- + -------- + --------- + --------
MostPop          | 0.0436 | 0.1720 | 0.1566 | 0.1897 |  0.4932 | 0.1951 |  0.4203 |   0.4932 |  0.4912 |       0.0225 |      0.1951 |       0.0902 |      0.1227 |    1.0000 |   0.1624 |    0.7043 |    0.8691 |   0.4807 |    0.9889 |   3.1963
MF               | 0.0436 | 0.0024 | 0.0655 | 0.0618 |  0.2750 | 0.0027 |  0.1171 |   0.2750 |  0.2552 |       0.0225 |      0.0027 |       0.0377 |      0.0395 |    1.0000 |   0.0023 |    0.2978 |    0.5395 |   0.1614 |    0.8894 |   3.4717
online_ibpr      | 0.0436 | 0.0063 | 0.0255 | 0.0250 |  0.2422 | 0.0074 |  0.0521 |   0.2422 |  0.2125 |       0.0225 |      0.0074 |       0.0149 |      0.0164 |    1.0000 |   0.0059 |    0.1102 |    0.2807 |   0.0616 |    0.8331 |   3.1725
BiVAECF          | 0.0436 | 0.1545 | 0.1553 | 0.1883 |  0.4832 | 0.1748 |  0.4102 |   0.4832 |  0.4774 |       0.0225 |      0.1748 |       0.0894 |      0.1214 |    1.0000 |   0.1459 |    0.6994 |    0.8665 |   0.4799 |    0.9684 |   3.5381
GridSearch_BPR   | 0.0436 | 0.1720 | 0.1564 | 0.1894 |  0.4932 | 0.1951 |  0.4199 |   0.4932 |  0.4913 |       0.0225 |      0.1951 |       0.0900 |      0.1225 |    1.0000 |   0.1624 |    0.7027 |    0.8709 |   0.4803 |    0.9893 |   3.4866
GridSearch_EASEᴿ | 0.0436 | 0.1980 | 0.1599 | 0.2017 |  0.5091 | 0.2270 |  0.4399 |   0.5091 |  0.5057 |       0.0225 |      0.2270 |       0.0922 |      0.1307 |    1.0000 |   0.1857 |    0.7155 |    0.8694 |   0.5086 |    0.9810 |   3.6503

TEST:
...
                 |  F1@-1 |   F1@1 |  F1@10 |   F1@5 | NDCG@-1 | NDCG@1 | NDCG@10 | NDCG@100 | NDCG@50 | Precision@-1 | Precision@1 | Precision@10 | Precision@5 | Recall@-1 | Recall@1 | Recall@10 | Recall@20 | Recall@5 | Recall@50 | Train (s) | Test (s)
---------------- + ------ + ------ + ------ + ------ + ------- + ------ + ------- + -------- + ------- + ------------ + ----------- + ------------ + ----------- + --------- + -------- + --------- + --------- + -------- + --------- + --------- + --------
MostPop          | 0.0439 | 0.1882 | 0.1597 | 0.1972 |  0.5068 | 0.2150 |  0.4379 |   0.5068 |  0.5047 |       0.0226 |      0.2150 |       0.0919 |      0.1272 |    1.0000 |   0.1769 |    0.7209 |    0.8770 |   0.5027 |    0.9885 |    0.0022 |   3.3932
MF               | 0.0439 | 0.0025 | 0.0658 | 0.0622 |  0.2752 | 0.0030 |  0.1170 |   0.2752 |  0.2556 |       0.0226 |      0.0030 |       0.0379 |      0.0397 |    1.0000 |   0.0022 |    0.2972 |    0.5419 |   0.1622 |    0.8911 |    0.0361 |   3.7036
online_ibpr      | 0.0439 | 0.0032 | 0.0250 | 0.0235 |  0.2393 | 0.0035 |  0.0483 |   0.2393 |  0.2104 |       0.0226 |      0.0035 |       0.0146 |      0.0156 |    1.0000 |   0.0031 |    0.1065 |    0.2829 |   0.0568 |    0.8377 |    4.4222 |   3.4552
BiVAECF          | 0.0439 | 0.1671 | 0.1579 | 0.1990 |  0.4956 | 0.1908 |  0.4255 |   0.4956 |  0.4908 |       0.0226 |      0.1908 |       0.0908 |      0.1281 |    1.0000 |   0.1572 |    0.7124 |    0.8749 |   0.5098 |    0.9731 |   35.4002 |   3.9378
GridSearch_BPR   | 0.0439 | 0.1884 | 0.1591 | 0.1982 |  0.5069 | 0.2152 |  0.4370 |   0.5069 |  0.5047 |       0.0226 |      0.2152 |       0.0915 |      0.1279 |    1.0000 |   0.1770 |    0.7171 |    0.8795 |   0.5052 |    0.9881 |   14.4001 |   3.7458
GridSearch_EASEᴿ | 0.0439 | 0.2054 | 0.1624 | 0.2101 |  0.5179 | 0.2359 |  0.4515 |   0.5179 |  0.5149 |       0.0226 |      0.2359 |       0.0936 |      0.1360 |    1.0000 |   0.1927 |    0.7272 |    0.8791 |   0.5316 |    0.9831 |    1.9796 |   3.8913
