
VALIDATION:
...
                 |  F1@-1 |   F1@1 |  F1@10 |   F1@5 | NDCG@-1 | NDCG@1 | NDCG@10 | NDCG@100 | NDCG@50 | Precision@-1 | Precision@1 | Precision@10 | Precision@5 | Recall@-1 | Recall@1 | Recall@10 | Recall@20 | Recall@5 | Recall@50 | Time (s)
---------------- + ------ + ------ + ------ + ------ + ------- + ------ + ------- + -------- + ------- + ------------ + ----------- + ------------ + ----------- + --------- + -------- + --------- + --------- + -------- + --------- + --------
MostPop          | 0.0436 | 0.1720 | 0.1566 | 0.1897 |  0.4932 | 0.1951 |  0.4203 |   0.4932 |  0.4912 |       0.0225 |      0.1951 |       0.0902 |      0.1227 |    1.0000 |   0.1624 |    0.7043 |    0.8691 |   0.4807 |    0.9889 |   3.2975
MF               | 0.0436 | 0.0028 | 0.0547 | 0.0505 |  0.2717 | 0.0031 |  0.0998 |   0.2717 |  0.2610 |       0.0225 |      0.0031 |       0.0315 |      0.0322 |    1.0000 |   0.0027 |    0.2481 |    0.5637 |   0.1319 |    0.9410 |   3.9256
online_ibpr      | 0.0436 | 0.0200 | 0.0315 | 0.0252 |  0.2526 | 0.0250 |  0.0664 |   0.2526 |  0.2248 |       0.0225 |      0.0250 |       0.0184 |      0.0167 |    1.0000 |   0.0181 |    0.1330 |    0.3032 |   0.0614 |    0.8435 |   3.2903
GridSearch_BPR   | 0.0436 | 0.1720 | 0.1564 | 0.1894 |  0.4932 | 0.1951 |  0.4199 |   0.4932 |  0.4913 |       0.0225 |      0.1951 |       0.0900 |      0.1225 |    1.0000 |   0.1624 |    0.7027 |    0.8709 |   0.4803 |    0.9893 |   4.4762
GridSearch_EASEᴿ | 0.0436 | 0.1980 | 0.1599 | 0.2017 |  0.5091 | 0.2270 |  0.4399 |   0.5091 |  0.5057 |       0.0225 |      0.2270 |       0.0922 |      0.1307 |    1.0000 |   0.1857 |    0.7155 |    0.8694 |   0.5086 |    0.9810 |   3.7760
BiVAECF          | 0.0436 | 0.1348 | 0.1565 | 0.1829 |  0.4649 | 0.1556 |  0.3923 |   0.4649 |  0.4600 |       0.0225 |      0.1556 |       0.0901 |      0.1185 |    1.0000 |   0.1261 |    0.7031 |    0.8670 |   0.4620 |    0.9728 |   4.0703

TEST:
...
                 |  F1@-1 |   F1@1 |  F1@10 |   F1@5 | NDCG@-1 | NDCG@1 | NDCG@10 | NDCG@100 | NDCG@50 | Precision@-1 | Precision@1 | Precision@10 | Precision@5 | Recall@-1 | Recall@1 | Recall@10 | Recall@20 | Recall@5 | Recall@50 | Train (s) | Test (s)
---------------- + ------ + ------ + ------ + ------ + ------- + ------ + ------- + -------- + ------- + ------------ + ----------- + ------------ + ----------- + --------- + -------- + --------- + --------- + -------- + --------- + --------- + --------
MostPop          | 0.0439 | 0.1882 | 0.1597 | 0.1972 |  0.5068 | 0.2150 |  0.4379 |   0.5068 |  0.5047 |       0.0226 |      0.2150 |       0.0919 |      0.1272 |    1.0000 |   0.1769 |    0.7209 |    0.8770 |   0.5027 |    0.9885 |    0.0024 |   3.5187
MF               | 0.0439 | 0.0027 | 0.0558 | 0.0523 |  0.2722 | 0.0035 |  0.1012 |   0.2722 |  0.2619 |       0.0226 |      0.0035 |       0.0321 |      0.0335 |    1.0000 |   0.0023 |    0.2521 |    0.5653 |   0.1355 |    0.9435 |    0.3929 |   3.9649
online_ibpr      | 0.0439 | 0.0198 | 0.0301 | 0.0254 |  0.2522 | 0.0246 |  0.0654 |   0.2522 |  0.2245 |       0.0226 |      0.0246 |       0.0175 |      0.0168 |    1.0000 |   0.0179 |    0.1307 |    0.3008 |   0.0623 |    0.8445 |    4.4827 |   3.4640
GridSearch_BPR   | 0.0439 | 0.1884 | 0.1591 | 0.1982 |  0.5069 | 0.2152 |  0.4370 |   0.5069 |  0.5047 |       0.0226 |      0.2152 |       0.0915 |      0.1279 |    1.0000 |   0.1770 |    0.7171 |    0.8795 |   0.5052 |    0.9881 |   16.0536 |   4.7357
GridSearch_EASEᴿ | 0.0439 | 0.2054 | 0.1624 | 0.2101 |  0.5179 | 0.2359 |  0.4515 |   0.5179 |  0.5149 |       0.0226 |      0.2359 |       0.0936 |      0.1360 |    1.0000 |   0.1927 |    0.7272 |    0.8791 |   0.5316 |    0.9831 |    2.1179 |   4.0413
BiVAECF          | 0.0439 | 0.1483 | 0.1591 | 0.1885 |  0.4765 | 0.1712 |  0.4072 |   0.4765 |  0.4723 |       0.0226 |      0.1712 |       0.0916 |      0.1218 |    1.0000 |   0.1387 |    0.7166 |    0.8758 |   0.4799 |    0.9766 |   43.1859 |   4.7090
