
VALIDATION:
...
                 |  F1@-1 |   F1@1 |  F1@10 |   F1@5 | NDCG@-1 | NDCG@1 | NDCG@10 | NDCG@100 | NDCG@50 | Precision@-1 | Precision@1 | Precision@10 | Precision@5 | Recall@-1 | Recall@1 | Recall@10 | Recall@20 | Recall@5 | Recall@50 | Time (s)
---------------- + ------ + ------ + ------ + ------ + ------- + ------ + ------- + -------- + ------- + ------------ + ----------- + ------------ + ----------- + --------- + -------- + --------- + --------- + -------- + --------- + --------
MostPop          | 0.0029 | 0.1632 | 0.0482 | 0.0627 |  0.3210 | 0.1634 |  0.1999 |   0.2771 |  0.2511 |       0.0015 |      0.1634 |       0.0265 |      0.0377 |    1.0000 |   0.1631 |    0.2639 |    0.3654 |   0.1877 |    0.5003 |   3.9475
MF               | 0.0029 | 0.0003 | 0.0048 | 0.0053 |  0.1414 | 0.0003 |  0.0115 |   0.0447 |  0.0274 |       0.0015 |      0.0003 |       0.0027 |      0.0032 |    1.0000 |   0.0003 |    0.0266 |    0.0294 |   0.0158 |    0.1118 |   4.0510
online_ibpr      | 0.0029 | 0.0816 | 0.0365 | 0.0612 |  0.2424 | 0.0823 |  0.1344 |   0.1614 |  0.1511 |       0.0015 |      0.0823 |       0.0202 |      0.0369 |    1.0000 |   0.0812 |    0.1979 |    0.2277 |   0.1814 |    0.2733 |  15.7410
GridSearch_BPR   | 0.0029 | 0.1632 | 0.0482 | 0.0627 |  0.3217 | 0.1634 |  0.1999 |   0.2777 |  0.2517 |       0.0015 |      0.1634 |       0.0265 |      0.0377 |    1.0000 |   0.1631 |    0.2639 |    0.3654 |   0.1877 |    0.5005 |   4.0165
GridSearch_EASEᴿ | 0.0029 | 0.6707 | 0.1372 | 0.2469 |  0.7387 | 0.6806 |  0.7041 |   0.7106 |  0.7090 |       0.0015 |      0.6806 |       0.0760 |      0.1501 |    1.0000 |   0.6659 |    0.7272 |    0.7373 |   0.7179 |    0.7488 |   4.3328
BiVAECF          | 0.0029 | 0.0163 | 0.0546 | 0.0320 |  0.2484 | 0.0163 |  0.1180 |   0.1991 |  0.1880 |       0.0015 |      0.0163 |       0.0305 |      0.0193 |    1.0000 |   0.0163 |    0.2801 |    0.5038 |   0.0956 |    0.5595 |   3.5422

TEST:
...
                 |  F1@-1 |   F1@1 |  F1@10 |   F1@5 | NDCG@-1 | NDCG@1 | NDCG@10 | NDCG@100 | NDCG@50 | Precision@-1 | Precision@1 | Precision@10 | Precision@5 | Recall@-1 | Recall@1 | Recall@10 | Recall@20 | Recall@5 | Recall@50 | Train (s) | Test (s)
---------------- + ------ + ------ + ------ + ------ + ------- + ------ + ------- + -------- + ------- + ------------ + ----------- + ------------ + ----------- + --------- + -------- + --------- + --------- + -------- + --------- + --------- + --------
MostPop          | 0.0029 | 0.1647 | 0.0482 | 0.0649 |  0.3228 | 0.1651 |  0.2016 |   0.2793 |  0.2532 |       0.0015 |      0.1651 |       0.0265 |      0.0390 |    1.0000 |   0.1645 |    0.2638 |    0.3638 |   0.1939 |    0.5027 |    0.0034 |   3.2577
MF               | 0.0029 | 0.0000 | 0.0064 | 0.0076 |  0.1448 | 0.0000 |  0.0155 |   0.0501 |  0.0312 |       0.0015 |      0.0000 |       0.0035 |      0.0046 |    1.0000 |   0.0000 |    0.0350 |    0.0373 |   0.0226 |    0.1196 |    0.4401 |   4.1255
online_ibpr      | 0.0029 | 0.0855 | 0.0371 | 0.0623 |  0.2457 | 0.0860 |  0.1374 |   0.1666 |  0.1557 |       0.0015 |      0.0860 |       0.0205 |      0.0376 |    1.0000 |   0.0852 |    0.2013 |    0.2336 |   0.1846 |    0.2842 |   10.5393 |  15.9390
GridSearch_BPR   | 0.0029 | 0.1647 | 0.0483 | 0.0649 |  0.3235 | 0.1651 |  0.2016 |   0.2799 |  0.2539 |       0.0015 |      0.1651 |       0.0266 |      0.0390 |    1.0000 |   0.1645 |    0.2641 |    0.3638 |   0.1939 |    0.5029 |   30.5941 |   4.1367
GridSearch_EASEᴿ | 0.0029 | 0.6790 | 0.1354 | 0.2439 |  0.7383 | 0.6900 |  0.7026 |   0.7093 |  0.7074 |       0.0015 |      0.6900 |       0.0750 |      0.1483 |    1.0000 |   0.6738 |    0.7187 |    0.7297 |   0.7097 |    0.7397 |    5.1412 |   4.3569
BiVAECF          | 0.0029 | 0.0222 | 0.0540 | 0.0328 |  0.2515 | 0.0223 |  0.1206 |   0.2023 |  0.1912 |       0.0015 |      0.0223 |       0.0302 |      0.0198 |    1.0000 |   0.0221 |    0.2782 |    0.5059 |   0.0975 |    0.5597 |  345.8308 |   3.6156
