
VALIDATION:
...
                 |  F1@-1 |   F1@1 |  F1@10 |   F1@5 | NDCG@-1 | NDCG@1 | NDCG@10 | NDCG@100 | NDCG@50 | Precision@-1 | Precision@1 | Precision@10 | Precision@5 | Recall@-1 | Recall@1 | Recall@10 | Recall@20 | Recall@5 | Recall@50 | Time (s)
---------------- + ------ + ------ + ------ + ------ + ------- + ------ + ------- + -------- + ------- + ------------ + ----------- + ------------ + ----------- + --------- + -------- + --------- + --------- + -------- + --------- + --------
MostPop          | 0.0029 | 0.1632 | 0.0482 | 0.0627 |  0.3210 | 0.1634 |  0.1999 |   0.2771 |  0.2511 |       0.0015 |      0.1634 |       0.0265 |      0.0377 |    1.0000 |   0.1631 |    0.2639 |    0.3654 |   0.1877 |    0.5003 |   3.0974
MF               | 0.0029 | 0.0003 | 0.0030 | 0.0032 |  0.1389 | 0.0003 |  0.0063 |   0.0478 |  0.0195 |       0.0015 |      0.0003 |       0.0017 |      0.0019 |    1.0000 |   0.0003 |    0.0166 |    0.0292 |   0.0095 |    0.0814 |   3.2702
online_ibpr      | 0.0029 | 0.0814 | 0.0275 | 0.0443 |  0.2303 | 0.0821 |  0.1141 |   0.1515 |  0.1362 |       0.0015 |      0.0821 |       0.0152 |      0.0267 |    1.0000 |   0.0811 |    0.1486 |    0.1837 |   0.1312 |    0.2515 |   5.2464
BiVAECF          | 0.0029 | 0.1977 | 0.0790 | 0.1254 |  0.4248 | 0.1982 |  0.3154 |   0.3993 |  0.3908 |       0.0015 |      0.1982 |       0.0438 |      0.0764 |    1.0000 |   0.1974 |    0.4188 |    0.6098 |   0.3630 |    0.7383 |   3.6291
GridSearch_BPR   | 0.0029 | 0.1632 | 0.0482 | 0.0627 |  0.3217 | 0.1634 |  0.1999 |   0.2777 |  0.2517 |       0.0015 |      0.1634 |       0.0265 |      0.0377 |    1.0000 |   0.1631 |    0.2639 |    0.3654 |   0.1877 |    0.5005 |   3.2873
GridSearch_EASEᴿ | 0.0029 | 0.6707 | 0.1372 | 0.2469 |  0.7387 | 0.6806 |  0.7041 |   0.7106 |  0.7090 |       0.0015 |      0.6806 |       0.0760 |      0.1501 |    1.0000 |   0.6659 |    0.7272 |    0.7373 |   0.7179 |    0.7488 |   3.4457

TEST:
...
                 |  F1@-1 |   F1@1 |  F1@10 |   F1@5 | NDCG@-1 | NDCG@1 | NDCG@10 | NDCG@100 | NDCG@50 | Precision@-1 | Precision@1 | Precision@10 | Precision@5 | Recall@-1 | Recall@1 | Recall@10 | Recall@20 | Recall@5 | Recall@50 | Train (s) | Test (s)
---------------- + ------ + ------ + ------ + ------ + ------- + ------ + ------- + -------- + ------- + ------------ + ----------- + ------------ + ----------- + --------- + -------- + --------- + --------- + -------- + --------- + --------- + --------
MostPop          | 0.0029 | 0.1647 | 0.0482 | 0.0649 |  0.3228 | 0.1651 |  0.2016 |   0.2793 |  0.2532 |       0.0015 |      0.1651 |       0.0265 |      0.0390 |    1.0000 |   0.1645 |    0.2638 |    0.3638 |   0.1939 |    0.5027 |    0.0034 |   3.1998
MF               | 0.0029 | 0.0000 | 0.0044 | 0.0031 |  0.1411 | 0.0000 |  0.0090 |   0.0511 |  0.0217 |       0.0015 |      0.0000 |       0.0024 |      0.0019 |    1.0000 |   0.0000 |    0.0241 |    0.0373 |   0.0092 |    0.0863 |    0.0734 |   3.3659
online_ibpr      | 0.0029 | 0.0848 | 0.0287 | 0.0470 |  0.2352 | 0.0857 |  0.1194 |   0.1578 |  0.1427 |       0.0015 |      0.0857 |       0.0158 |      0.0283 |    1.0000 |   0.0843 |    0.1552 |    0.1925 |   0.1391 |    0.2632 |   11.9411 |   5.5114
BiVAECF          | 0.0029 | 0.1954 | 0.0801 | 0.1268 |  0.4271 | 0.1960 |  0.3195 |   0.4016 |  0.3922 |       0.0015 |      0.1960 |       0.0445 |      0.0773 |    1.0000 |   0.1951 |    0.4252 |    0.6153 |   0.3681 |    0.7327 |  286.5342 |   3.7391
GridSearch_BPR   | 0.0029 | 0.1647 | 0.0483 | 0.0649 |  0.3235 | 0.1651 |  0.2016 |   0.2799 |  0.2539 |       0.0015 |      0.1651 |       0.0266 |      0.0390 |    1.0000 |   0.1645 |    0.2641 |    0.3638 |   0.1939 |    0.5029 |   27.0174 |   3.4740
GridSearch_EASEᴿ | 0.0029 | 0.6790 | 0.1354 | 0.2439 |  0.7383 | 0.6900 |  0.7026 |   0.7093 |  0.7074 |       0.0015 |      0.6900 |       0.0750 |      0.1483 |    1.0000 |   0.6738 |    0.7187 |    0.7297 |   0.7097 |    0.7397 |    2.3133 |   3.4749
