
VALIDATION:
...
                 |  F1@-1 |   F1@1 |  F1@10 |   F1@5 | NDCG@-1 | NDCG@1 | NDCG@10 | NDCG@100 | NDCG@50 | Precision@-1 | Precision@1 | Precision@10 | Precision@5 | Recall@-1 | Recall@1 | Recall@10 | Recall@20 | Recall@5 | Recall@50 | Time (s)
---------------- + ------ + ------ + ------ + ------ + ------- + ------ + ------- + -------- + ------- + ------------ + ----------- + ------------ + ----------- + --------- + -------- + --------- + --------- + -------- + --------- + --------
MostPop          | 0.0391 | 0.2155 | 0.1647 | 0.2129 |  0.5271 | 0.2529 |  0.4554 |   0.5271 |  0.5246 |       0.0201 |      0.2529 |       0.0957 |      0.1393 |    1.0000 |   0.2005 |    0.7166 |    0.8890 |   0.5294 |    0.9861 |   5.7659
MF               | 0.0391 | 0.0015 | 0.0824 | 0.1217 |  0.3413 | 0.0025 |  0.1953 |   0.3413 |  0.3325 |       0.0201 |      0.0025 |       0.0477 |      0.0791 |    1.0000 |   0.0012 |    0.3660 |    0.5605 |   0.3073 |    0.9516 |   6.1989
online_ibpr      | 0.0391 | 0.0069 | 0.0294 | 0.0181 |  0.2358 | 0.0083 |  0.0532 |   0.2358 |  0.1751 |       0.0201 |      0.0083 |       0.0174 |      0.0124 |    1.0000 |   0.0064 |    0.1212 |    0.2497 |   0.0425 |    0.6606 |   6.1795
GridSearch_BPR   | 0.0391 | 0.2157 | 0.1647 | 0.2128 |  0.5272 | 0.2530 |  0.4557 |   0.5272 |  0.5246 |       0.0201 |      0.2530 |       0.0958 |      0.1393 |    1.0000 |   0.2006 |    0.7175 |    0.8893 |   0.5294 |    0.9858 |   7.8756
GridSearch_EASEᴿ | 0.0391 | 0.2221 | 0.1678 | 0.2183 |  0.5346 | 0.2610 |  0.4659 |   0.5346 |  0.5309 |       0.0201 |      0.2610 |       0.0978 |      0.1431 |    1.0000 |   0.2067 |    0.7263 |    0.8903 |   0.5407 |    0.9798 |   6.4215
BiVAECF          | 0.0391 | 0.2081 | 0.1623 | 0.2057 |  0.5179 | 0.2428 |  0.4459 |   0.5179 |  0.5081 |       0.0201 |      0.2428 |       0.0942 |      0.1341 |    1.0000 |   0.1940 |    0.7098 |    0.8859 |   0.5146 |    0.9465 |   6.4961

TEST:
...
                 |  F1@-1 |   F1@1 |  F1@10 |   F1@5 | NDCG@-1 | NDCG@1 | NDCG@10 | NDCG@100 | NDCG@50 | Precision@-1 | Precision@1 | Precision@10 | Precision@5 | Recall@-1 | Recall@1 | Recall@10 | Recall@20 | Recall@5 | Recall@50 | Train (s) | Test (s)
---------------- + ------ + ------ + ------ + ------ + ------- + ------ + ------- + -------- + ------- + ------------ + ----------- + ------------ + ----------- + --------- + -------- + --------- + --------- + -------- + --------- + --------- + --------
MostPop          | 0.0403 | 0.2321 | 0.1709 | 0.2241 |  0.5433 | 0.2771 |  0.4749 |   0.5433 |  0.5408 |       0.0208 |      0.2771 |       0.0998 |      0.1481 |    1.0000 |   0.2143 |    0.7315 |    0.8971 |   0.5475 |    0.9865 |    0.0039 |   5.9074
MF               | 0.0403 | 0.0016 | 0.0853 | 0.1268 |  0.3456 | 0.0027 |  0.1999 |   0.3456 |  0.3373 |       0.0208 |      0.0027 |       0.0497 |      0.0830 |    1.0000 |   0.0013 |    0.3724 |    0.5709 |   0.3158 |    0.9550 |    0.4115 |   7.2640
online_ibpr      | 0.0403 | 0.0074 | 0.0299 | 0.0187 |  0.2378 | 0.0090 |  0.0543 |   0.2378 |  0.1774 |       0.0208 |      0.0090 |       0.0177 |      0.0127 |    1.0000 |   0.0069 |    0.1226 |    0.2537 |   0.0442 |    0.6619 |    8.0276 |   6.0458
GridSearch_BPR   | 0.0403 | 0.2321 | 0.1710 | 0.2243 |  0.5434 | 0.2771 |  0.4750 |   0.5434 |  0.5409 |       0.0208 |      0.2771 |       0.0998 |      0.1482 |    1.0000 |   0.2143 |    0.7318 |    0.8969 |   0.5480 |    0.9867 |   25.4601 |   8.0141
GridSearch_EASEᴿ | 0.0403 | 0.2462 | 0.1746 | 0.2305 |  0.5564 | 0.2959 |  0.4916 |   0.5564 |  0.5530 |       0.0208 |      0.2959 |       0.1022 |      0.1526 |    1.0000 |   0.2266 |    0.7426 |    0.8961 |   0.5609 |    0.9811 |    3.4475 |   6.4846
BiVAECF          | 0.0403 | 0.2192 | 0.1692 | 0.2181 |  0.5317 | 0.2610 |  0.4639 |   0.5317 |  0.5225 |       0.0208 |      0.2610 |       0.0987 |      0.1437 |    1.0000 |   0.2027 |    0.7261 |    0.8884 |   0.5357 |    0.9503 |   52.8296 |   6.6748
