
VALIDATION:
...
                 |  F1@-1 |   F1@1 |  F1@10 |   F1@5 | NDCG@-1 | NDCG@1 | NDCG@10 | NDCG@100 | NDCG@50 | Precision@-1 | Precision@1 | Precision@10 | Precision@5 | Recall@-1 | Recall@1 | Recall@10 | Recall@20 | Recall@5 | Recall@50 | Time (s)
---------------- + ------ + ------ + ------ + ------ + ------- + ------ + ------- + -------- + ------- + ------------ + ----------- + ------------ + ----------- + --------- + -------- + --------- + --------- + -------- + --------- + --------
MostPop          | 0.0391 | 0.2155 | 0.1647 | 0.2129 |  0.5271 | 0.2529 |  0.4554 |   0.5271 |  0.5246 |       0.0201 |      0.2529 |       0.0957 |      0.1393 |    1.0000 |   0.2005 |    0.7166 |    0.8890 |   0.5294 |    0.9861 |   6.0070
MF               | 0.0391 | 0.1564 | 0.0856 | 0.1219 |  0.4005 | 0.1816 |  0.2587 |   0.4005 |  0.3884 |       0.0201 |      0.1816 |       0.0496 |      0.0792 |    1.0000 |   0.1463 |    0.3790 |    0.5510 |   0.3078 |    0.9340 |   6.3057
online_ibpr      | 0.0391 | 0.0118 | 0.0289 | 0.0228 |  0.2370 | 0.0150 |  0.0590 |   0.2370 |  0.1632 |       0.0201 |      0.0150 |       0.0170 |      0.0153 |    1.0000 |   0.0107 |    0.1221 |    0.2235 |   0.0546 |    0.5843 |   6.1826
BiVAECF          | 0.0391 | 0.1610 | 0.1621 | 0.2048 |  0.4990 | 0.1915 |  0.4251 |   0.4990 |  0.4931 |       0.0201 |      0.1915 |       0.0943 |      0.1338 |    1.0000 |   0.1489 |    0.7066 |    0.8891 |   0.5113 |    0.9672 |   6.2690
GridSearch_BPR   | 0.0391 | 0.2157 | 0.1647 | 0.2128 |  0.5272 | 0.2530 |  0.4557 |   0.5272 |  0.5246 |       0.0201 |      0.2530 |       0.0958 |      0.1393 |    1.0000 |   0.2006 |    0.7175 |    0.8893 |   0.5294 |    0.9858 |   6.1529
GridSearch_EASEᴿ | 0.0391 | 0.2221 | 0.1678 | 0.2183 |  0.5346 | 0.2610 |  0.4659 |   0.5346 |  0.5309 |       0.0201 |      0.2610 |       0.0978 |      0.1431 |    1.0000 |   0.2067 |    0.7263 |    0.8903 |   0.5407 |    0.9798 |   6.3629

TEST:
...
                 |  F1@-1 |   F1@1 |  F1@10 |   F1@5 | NDCG@-1 | NDCG@1 | NDCG@10 | NDCG@100 | NDCG@50 | Precision@-1 | Precision@1 | Precision@10 | Precision@5 | Recall@-1 | Recall@1 | Recall@10 | Recall@20 | Recall@5 | Recall@50 | Train (s) | Test (s)
---------------- + ------ + ------ + ------ + ------ + ------- + ------ + ------- + -------- + ------- + ------------ + ----------- + ------------ + ----------- + --------- + -------- + --------- + --------- + -------- + --------- + --------- + --------
MostPop          | 0.0403 | 0.2321 | 0.1709 | 0.2241 |  0.5433 | 0.2771 |  0.4749 |   0.5433 |  0.5408 |       0.0208 |      0.2771 |       0.0998 |      0.1481 |    1.0000 |   0.2143 |    0.7315 |    0.8971 |   0.5475 |    0.9865 |    0.0040 |   6.1665
MF               | 0.0403 | 0.1574 | 0.0884 | 0.1282 |  0.4048 | 0.1873 |  0.2633 |   0.4048 |  0.3933 |       0.0208 |      0.1873 |       0.0514 |      0.0840 |    1.0000 |   0.1456 |    0.3856 |    0.5602 |   0.3193 |    0.9373 |    0.0591 |   6.4713
online_ibpr      | 0.0403 | 0.0130 | 0.0298 | 0.0247 |  0.2408 | 0.0159 |  0.0627 |   0.2408 |  0.1672 |       0.0208 |      0.0159 |       0.0175 |      0.0164 |    1.0000 |   0.0120 |    0.1286 |    0.2307 |   0.0609 |    0.5877 |    7.9924 |   6.4204
BiVAECF          | 0.0403 | 0.1763 | 0.1698 | 0.2162 |  0.5153 | 0.2114 |  0.4466 |   0.5153 |  0.5097 |       0.0208 |      0.2114 |       0.0991 |      0.1424 |    1.0000 |   0.1626 |    0.7284 |    0.8961 |   0.5312 |    0.9692 |   50.0874 |   6.5048
GridSearch_BPR   | 0.0403 | 0.2321 | 0.1710 | 0.2243 |  0.5434 | 0.2771 |  0.4750 |   0.5434 |  0.5409 |       0.0208 |      0.2771 |       0.0998 |      0.1482 |    1.0000 |   0.2143 |    0.7318 |    0.8969 |   0.5480 |    0.9867 |   24.8396 |   6.3084
GridSearch_EASEᴿ | 0.0403 | 0.2462 | 0.1746 | 0.2305 |  0.5564 | 0.2959 |  0.4916 |   0.5564 |  0.5530 |       0.0208 |      0.2959 |       0.1022 |      0.1526 |    1.0000 |   0.2266 |    0.7426 |    0.8961 |   0.5609 |    0.9811 |    3.3836 |   6.4981
