
VALIDATION:
...
                 |  F1@-1 |   F1@1 |  F1@10 |   F1@5 | NDCG@-1 | NDCG@1 | NDCG@10 | NDCG@100 | NDCG@50 | Precision@-1 | Precision@1 | Precision@10 | Precision@5 | Recall@-1 | Recall@1 | Recall@10 | Recall@20 | Recall@5 | Recall@50 | Time (s)
---------------- + ------ + ------ + ------ + ------ + ------- + ------ + ------- + -------- + ------- + ------------ + ----------- + ------------ + ----------- + --------- + -------- + --------- + --------- + -------- + --------- + --------
MostPop          | 0.0021 | 0.0012 | 0.0071 | 0.0074 |  0.1438 | 0.0012 |  0.0167 |   0.0529 |  0.0360 |       0.0011 |      0.0012 |       0.0040 |      0.0045 |    1.0000 |   0.0012 |    0.0372 |    0.0592 |   0.0216 |    0.1276 |   5.8897
MF               | 0.0021 | 0.0000 | 0.0016 | 0.0016 |  0.1237 | 0.0000 |  0.0039 |   0.0176 |  0.0093 |       0.0011 |      0.0000 |       0.0009 |      0.0010 |    1.0000 |   0.0000 |    0.0081 |    0.0151 |   0.0046 |    0.0336 |   7.9273
online_ibpr      | 0.0021 | 0.1398 | 0.0536 | 0.0833 |  0.3043 | 0.1410 |  0.2108 |   0.2360 |  0.2286 |       0.0011 |      0.1410 |       0.0295 |      0.0502 |    1.0000 |   0.1392 |    0.2910 |    0.3254 |   0.2474 |    0.3708 |   9.4627
GridSearch_BPR   | 0.0021 | 0.0012 | 0.0071 | 0.0074 |  0.1439 | 0.0012 |  0.0167 |   0.0526 |  0.0378 |       0.0011 |      0.0012 |       0.0040 |      0.0045 |    1.0000 |   0.0012 |    0.0372 |    0.0592 |   0.0216 |    0.1375 |   6.3242
GridSearch_EASEᴿ | 0.0021 | 0.0813 | 0.0396 | 0.0559 |  0.2476 | 0.0857 |  0.1355 |   0.1778 |  0.1661 |       0.0011 |      0.0857 |       0.0223 |      0.0348 |    1.0000 |   0.0794 |    0.1989 |    0.2526 |   0.1558 |    0.3344 |   6.4787
BiVAECF          | 0.0021 | 0.0014 | 0.0066 | 0.0070 |  0.1456 | 0.0014 |  0.0154 |   0.0570 |  0.0402 |       0.0011 |      0.0014 |       0.0037 |      0.0042 |    1.0000 |   0.0014 |    0.0352 |    0.0716 |   0.0206 |    0.1500 |   6.6865

TEST:
...
                 |  F1@-1 |   F1@1 |  F1@10 |   F1@5 | NDCG@-1 | NDCG@1 | NDCG@10 | NDCG@100 | NDCG@50 | Precision@-1 | Precision@1 | Precision@10 | Precision@5 | Recall@-1 | Recall@1 | Recall@10 | Recall@20 | Recall@5 | Recall@50 | Train (s) | Test (s)
---------------- + ------ + ------ + ------ + ------ + ------- + ------ + ------- + -------- + ------- + ------------ + ----------- + ------------ + ----------- + --------- + -------- + --------- + --------- + -------- + --------- + --------- + --------
MostPop          | 0.0021 | 0.0015 | 0.0072 | 0.0076 |  0.1442 | 0.0015 |  0.0171 |   0.0533 |  0.0372 |       0.0011 |      0.0015 |       0.0040 |      0.0047 |    1.0000 |   0.0014 |    0.0370 |    0.0625 |   0.0217 |    0.1310 |    0.0044 |   6.0378
MF               | 0.0021 | 0.0000 | 0.0016 | 0.0015 |  0.1235 | 0.0000 |  0.0039 |   0.0173 |  0.0095 |       0.0011 |      0.0000 |       0.0009 |      0.0009 |    1.0000 |   0.0000 |    0.0086 |    0.0161 |   0.0044 |    0.0345 |    0.4473 |   7.6079
online_ibpr      | 0.0021 | 0.1424 | 0.0539 | 0.0845 |  0.3087 | 0.1432 |  0.2145 |   0.2408 |  0.2338 |       0.0011 |      0.1432 |       0.0297 |      0.0509 |    1.0000 |   0.1420 |    0.2934 |    0.3324 |   0.2514 |    0.3787 |   14.9956 |  10.2307
GridSearch_BPR   | 0.0021 | 0.0015 | 0.0072 | 0.0076 |  0.1444 | 0.0015 |  0.0171 |   0.0532 |  0.0395 |       0.0011 |      0.0015 |       0.0040 |      0.0047 |    1.0000 |   0.0014 |    0.0370 |    0.0624 |   0.0217 |    0.1429 |   41.6658 |   6.3823
GridSearch_EASEᴿ | 0.0021 | 0.0847 | 0.0396 | 0.0551 |  0.2489 | 0.0882 |  0.1371 |   0.1789 |  0.1679 |       0.0011 |      0.0882 |       0.0223 |      0.0342 |    1.0000 |   0.0832 |    0.1991 |    0.2514 |   0.1541 |    0.3356 |    4.7858 |   6.9617
BiVAECF          | 0.0021 | 0.0017 | 0.0080 | 0.0086 |  0.1478 | 0.0018 |  0.0192 |   0.0592 |  0.0430 |       0.0011 |      0.0018 |       0.0045 |      0.0052 |    1.0000 |   0.0017 |    0.0428 |    0.0786 |   0.0252 |    0.1527 |  386.5587 |   6.8111
