
VALIDATION:
...
                 |  F1@-1 |   F1@1 |  F1@10 |   F1@5 | NDCG@-1 | NDCG@1 | NDCG@10 | NDCG@100 | NDCG@50 | Precision@-1 | Precision@1 | Precision@10 | Precision@5 | Recall@-1 | Recall@1 | Recall@10 | Recall@20 | Recall@5 | Recall@50 | Time (s)
---------------- + ------ + ------ + ------ + ------ + ------- + ------ + ------- + -------- + ------- + ------------ + ----------- + ------------ + ----------- + --------- + -------- + --------- + --------- + -------- + --------- + --------
MostPop          | 0.0021 | 0.0012 | 0.0071 | 0.0074 |  0.1438 | 0.0012 |  0.0167 |   0.0529 |  0.0360 |       0.0011 |      0.0012 |       0.0040 |      0.0045 |    1.0000 |   0.0012 |    0.0372 |    0.0592 |   0.0216 |    0.1276 |   5.5276
MF               | 0.0021 | 0.0000 | 0.0013 | 0.0017 |  0.1239 | 0.0000 |  0.0035 |   0.0181 |  0.0103 |       0.0011 |      0.0000 |       0.0007 |      0.0011 |    1.0000 |   0.0000 |    0.0067 |    0.0157 |   0.0048 |    0.0393 |   6.6580
online_ibpr      | 0.0021 | 0.1509 | 0.0534 | 0.0844 |  0.3108 | 0.1517 |  0.2170 |   0.2422 |  0.2347 |       0.0011 |      0.1517 |       0.0295 |      0.0508 |    1.0000 |   0.1504 |    0.2902 |    0.3261 |   0.2508 |    0.3678 |  10.5633
BiVAECF          | 0.0021 | 0.0021 | 0.0072 | 0.0080 |  0.1482 | 0.0022 |  0.0162 |   0.0606 |  0.0477 |       0.0011 |      0.0022 |       0.0040 |      0.0049 |    1.0000 |   0.0021 |    0.0374 |    0.0679 |   0.0232 |    0.1874 |   6.3505
GridSearch_BPR   | 0.0021 | 0.0012 | 0.0071 | 0.0074 |  0.1439 | 0.0012 |  0.0167 |   0.0526 |  0.0378 |       0.0011 |      0.0012 |       0.0040 |      0.0045 |    1.0000 |   0.0012 |    0.0372 |    0.0592 |   0.0216 |    0.1375 |   6.1709
GridSearch_EASEᴿ | 0.0021 | 0.0813 | 0.0396 | 0.0559 |  0.2476 | 0.0857 |  0.1355 |   0.1778 |  0.1661 |       0.0011 |      0.0857 |       0.0223 |      0.0348 |    1.0000 |   0.0794 |    0.1989 |    0.2526 |   0.1558 |    0.3344 |   6.3835

TEST:
...
                 |  F1@-1 |   F1@1 |  F1@10 |   F1@5 | NDCG@-1 | NDCG@1 | NDCG@10 | NDCG@100 | NDCG@50 | Precision@-1 | Precision@1 | Precision@10 | Precision@5 | Recall@-1 | Recall@1 | Recall@10 | Recall@20 | Recall@5 | Recall@50 | Train (s) | Test (s)
---------------- + ------ + ------ + ------ + ------ + ------- + ------ + ------- + -------- + ------- + ------------ + ----------- + ------------ + ----------- + --------- + -------- + --------- + --------- + -------- + --------- + --------- + --------
MostPop          | 0.0021 | 0.0015 | 0.0072 | 0.0076 |  0.1442 | 0.0015 |  0.0171 |   0.0533 |  0.0372 |       0.0011 |      0.0015 |       0.0040 |      0.0047 |    1.0000 |   0.0014 |    0.0370 |    0.0625 |   0.0217 |    0.1310 |    0.0043 |   5.8361
MF               | 0.0021 | 0.0001 | 0.0012 | 0.0016 |  0.1237 | 0.0001 |  0.0035 |   0.0181 |  0.0109 |       0.0011 |      0.0001 |       0.0007 |      0.0010 |    1.0000 |   0.0001 |    0.0067 |    0.0169 |   0.0049 |    0.0421 |    0.0844 |   6.5271
online_ibpr      | 0.0021 | 0.1537 | 0.0554 | 0.0884 |  0.3167 | 0.1549 |  0.2247 |   0.2494 |  0.2427 |       0.0011 |      0.1549 |       0.0306 |      0.0532 |    1.0000 |   0.1532 |    0.3013 |    0.3365 |   0.2630 |    0.3815 |   15.0629 |  10.5658
BiVAECF          | 0.0021 | 0.0024 | 0.0078 | 0.0083 |  0.1489 | 0.0025 |  0.0174 |   0.0618 |  0.0501 |       0.0011 |      0.0025 |       0.0044 |      0.0050 |    1.0000 |   0.0023 |    0.0410 |    0.0760 |   0.0239 |    0.1954 |  403.1738 |   6.4826
GridSearch_BPR   | 0.0021 | 0.0015 | 0.0072 | 0.0076 |  0.1444 | 0.0015 |  0.0171 |   0.0532 |  0.0395 |       0.0011 |      0.0015 |       0.0040 |      0.0047 |    1.0000 |   0.0014 |    0.0370 |    0.0624 |   0.0217 |    0.1429 |   38.3930 |   6.3031
GridSearch_EASEᴿ | 0.0021 | 0.0847 | 0.0396 | 0.0551 |  0.2489 | 0.0882 |  0.1371 |   0.1789 |  0.1679 |       0.0011 |      0.0882 |       0.0223 |      0.0342 |    1.0000 |   0.0832 |    0.1991 |    0.2514 |   0.1541 |    0.3356 |    4.0255 |   6.4561
