
VALIDATION:
...
                 |  F1@-1 |   F1@1 |  F1@10 |   F1@5 | NDCG@-1 | NDCG@1 | NDCG@10 | NDCG@100 | NDCG@50 | Precision@-1 | Precision@1 | Precision@10 | Precision@5 | Recall@-1 | Recall@1 | Recall@10 | Recall@20 | Recall@5 | Recall@50 | Time (s)
---------------- + ------ + ------ + ------ + ------ + ------- + ------ + ------- + -------- + ------- + ------------ + ----------- + ------------ + ----------- + --------- + -------- + --------- + --------- + -------- + --------- + --------
MostPop          | 0.0008 | 0.0108 | 0.0073 | 0.0088 |  0.1389 | 0.0129 |  0.0206 |   0.0422 |  0.0336 |       0.0004 |      0.0129 |       0.0043 |      0.0058 |    1.0000 |   0.0101 |    0.0326 |    0.0498 |   0.0223 |    0.0891 |  51.8480
MF               | 0.0008 | 0.0001 | 0.0009 | 0.0004 |  0.1078 | 0.0001 |  0.0015 |   0.0065 |  0.0041 |       0.0004 |      0.0001 |       0.0005 |      0.0003 |    1.0000 |   0.0001 |    0.0035 |    0.0077 |   0.0010 |    0.0150 |  47.2995
online_ibpr      | 0.0008 | 0.0059 | 0.0032 | 0.0042 |  0.1177 | 0.0061 |  0.0105 |   0.0180 |  0.0148 |       0.0004 |      0.0061 |       0.0018 |      0.0026 |    1.0000 |   0.0058 |    0.0161 |    0.0218 |   0.0121 |    0.0349 | 124.2443
GridSearch_BPR   | 0.0008 | 0.0108 | 0.0073 | 0.0088 |  0.1389 | 0.0129 |  0.0206 |   0.0422 |  0.0336 |       0.0004 |      0.0129 |       0.0043 |      0.0058 |    1.0000 |   0.0101 |    0.0324 |    0.0499 |   0.0223 |    0.0890 |  41.0602
GridSearch_EASEᴿ | 0.0008 | 0.0231 | 0.0202 | 0.0247 |  0.1647 | 0.0314 |  0.0515 |   0.0779 |  0.0692 |       0.0004 |      0.0314 |       0.0125 |      0.0178 |    1.0000 |   0.0208 |    0.0799 |    0.1070 |   0.0562 |    0.1551 |  39.6775
BiVAECF          | 0.0008 | 0.0063 | 0.0067 | 0.0073 |  0.1368 | 0.0072 |  0.0168 |   0.0393 |  0.0300 |       0.0004 |      0.0072 |       0.0039 |      0.0048 |    1.0000 |   0.0060 |    0.0299 |    0.0466 |   0.0188 |    0.0877 |  42.2606

TEST:
...
                 |  F1@-1 |   F1@1 |  F1@10 |   F1@5 | NDCG@-1 | NDCG@1 | NDCG@10 | NDCG@100 | NDCG@50 | Precision@-1 | Precision@1 | Precision@10 | Precision@5 | Recall@-1 | Recall@1 | Recall@10 | Recall@20 | Recall@5 | Recall@50 | Train (s) | Test (s)
---------------- + ------ + ------ + ------ + ------ + ------- + ------ + ------- + -------- + ------- + ------------ + ----------- + ------------ + ----------- + --------- + -------- + --------- + --------- + -------- + --------- + --------- + --------
MostPop          | 0.0008 | 0.0104 | 0.0074 | 0.0088 |  0.1383 | 0.0125 |  0.0203 |   0.0415 |  0.0330 |       0.0004 |      0.0125 |       0.0043 |      0.0059 |    1.0000 |   0.0097 |    0.0325 |    0.0494 |   0.0218 |    0.0874 |    0.0243 |  56.5109
MF               | 0.0008 | 0.0002 | 0.0009 | 0.0005 |  0.1079 | 0.0002 |  0.0015 |   0.0066 |  0.0041 |       0.0004 |      0.0002 |       0.0005 |      0.0003 |    1.0000 |   0.0002 |    0.0035 |    0.0075 |   0.0011 |    0.0152 |    0.5660 |  48.3548
online_ibpr      | 0.0008 | 0.0055 | 0.0030 | 0.0039 |  0.1171 | 0.0058 |  0.0098 |   0.0170 |  0.0140 |       0.0004 |      0.0058 |       0.0017 |      0.0024 |    1.0000 |   0.0054 |    0.0151 |    0.0207 |   0.0111 |    0.0335 |   52.9215 | 151.1831
GridSearch_BPR   | 0.0008 | 0.0104 | 0.0074 | 0.0088 |  0.1383 | 0.0125 |  0.0203 |   0.0415 |  0.0329 |       0.0004 |      0.0125 |       0.0043 |      0.0058 |    1.0000 |   0.0097 |    0.0325 |    0.0490 |   0.0218 |    0.0874 |  303.6064 |  41.2983
GridSearch_EASEᴿ | 0.0008 | 0.0222 | 0.0201 | 0.0251 |  0.1644 | 0.0308 |  0.0506 |   0.0773 |  0.0686 |       0.0004 |      0.0308 |       0.0125 |      0.0183 |    1.0000 |   0.0199 |    0.0780 |    0.1057 |   0.0566 |    0.1538 |   33.7482 |  40.2338
BiVAECF          | 0.0008 | 0.0062 | 0.0065 | 0.0067 |  0.1361 | 0.0072 |  0.0162 |   0.0383 |  0.0290 |       0.0004 |      0.0072 |       0.0038 |      0.0044 |    1.0000 |   0.0058 |    0.0287 |    0.0456 |   0.0169 |    0.0849 | 1439.7406 |  41.5321
