
VALIDATION:
...
                 |  F1@-1 |   F1@1 |  F1@10 |   F1@5 | NDCG@-1 | NDCG@1 | NDCG@10 | NDCG@100 | NDCG@50 | Precision@-1 | Precision@1 | Precision@10 | Precision@5 | Recall@-1 | Recall@1 | Recall@10 | Recall@20 | Recall@5 | Recall@50 | Time (s)
---------------- + ------ + ------ + ------ + ------ + ------- + ------ + ------- + -------- + ------- + ------------ + ----------- + ------------ + ----------- + --------- + -------- + --------- + --------- + -------- + --------- + --------
MostPop          | 0.0008 | 0.0108 | 0.0073 | 0.0088 |  0.1389 | 0.0129 |  0.0206 |   0.0422 |  0.0336 |       0.0004 |      0.0129 |       0.0043 |      0.0058 |    1.0000 |   0.0101 |    0.0326 |    0.0498 |   0.0223 |    0.0891 |  36.3784
MF               | 0.0008 | 0.0001 | 0.0009 | 0.0006 |  0.1077 | 0.0001 |  0.0015 |   0.0067 |  0.0039 |       0.0004 |      0.0001 |       0.0005 |      0.0004 |    1.0000 |   0.0001 |    0.0036 |    0.0067 |   0.0014 |    0.0141 |  41.9500
online_ibpr      | 0.0008 | 0.0055 | 0.0033 | 0.0042 |  0.1172 | 0.0058 |  0.0106 |   0.0175 |  0.0145 |       0.0004 |      0.0058 |       0.0019 |      0.0026 |    1.0000 |   0.0054 |    0.0169 |    0.0226 |   0.0120 |    0.0341 |  77.7825
GridSearch_BPR   | 0.0008 | 0.0108 | 0.0073 | 0.0088 |  0.1389 | 0.0129 |  0.0206 |   0.0422 |  0.0336 |       0.0004 |      0.0129 |       0.0043 |      0.0058 |    1.0000 |   0.0101 |    0.0324 |    0.0499 |   0.0223 |    0.0890 |  41.9248
GridSearch_EASEᴿ | 0.0008 | 0.0231 | 0.0202 | 0.0247 |  0.1647 | 0.0314 |  0.0515 |   0.0779 |  0.0692 |       0.0004 |      0.0314 |       0.0125 |      0.0178 |    1.0000 |   0.0208 |    0.0799 |    0.1070 |   0.0562 |    0.1551 |  42.1397
BiVAECF          | 0.0008 | 0.0103 | 0.0069 | 0.0086 |  0.1373 | 0.0122 |  0.0195 |   0.0389 |  0.0310 |       0.0004 |      0.0122 |       0.0040 |      0.0057 |    1.0000 |   0.0097 |    0.0307 |    0.0437 |   0.0219 |    0.0814 |  42.4444

TEST:
...
                 |  F1@-1 |   F1@1 |  F1@10 |   F1@5 | NDCG@-1 | NDCG@1 | NDCG@10 | NDCG@100 | NDCG@50 | Precision@-1 | Precision@1 | Precision@10 | Precision@5 | Recall@-1 | Recall@1 | Recall@10 | Recall@20 | Recall@5 | Recall@50 | Train (s) | Test (s)
---------------- + ------ + ------ + ------ + ------ + ------- + ------ + ------- + -------- + ------- + ------------ + ----------- + ------------ + ----------- + --------- + -------- + --------- + --------- + -------- + --------- + --------- + --------
MostPop          | 0.0008 | 0.0104 | 0.0074 | 0.0088 |  0.1383 | 0.0125 |  0.0203 |   0.0415 |  0.0330 |       0.0004 |      0.0125 |       0.0043 |      0.0059 |    1.0000 |   0.0097 |    0.0325 |    0.0494 |   0.0218 |    0.0874 |    0.0184 |  37.2808
MF               | 0.0008 | 0.0002 | 0.0009 | 0.0007 |  0.1078 | 0.0002 |  0.0016 |   0.0066 |  0.0040 |       0.0004 |      0.0002 |       0.0005 |      0.0005 |    1.0000 |   0.0002 |    0.0036 |    0.0069 |   0.0015 |    0.0142 |    0.1320 |  42.4332
online_ibpr      | 0.0008 | 0.0054 | 0.0032 | 0.0041 |  0.1168 | 0.0057 |  0.0101 |   0.0172 |  0.0142 |       0.0004 |      0.0057 |       0.0018 |      0.0026 |    1.0000 |   0.0053 |    0.0158 |    0.0213 |   0.0116 |    0.0342 |   53.8644 |  79.0437
GridSearch_BPR   | 0.0008 | 0.0104 | 0.0074 | 0.0088 |  0.1383 | 0.0125 |  0.0203 |   0.0415 |  0.0329 |       0.0004 |      0.0125 |       0.0043 |      0.0058 |    1.0000 |   0.0097 |    0.0325 |    0.0490 |   0.0218 |    0.0874 |  280.3325 |  42.4762
GridSearch_EASEᴿ | 0.0008 | 0.0222 | 0.0201 | 0.0251 |  0.1644 | 0.0308 |  0.0506 |   0.0773 |  0.0686 |       0.0004 |      0.0308 |       0.0125 |      0.0183 |    1.0000 |   0.0199 |    0.0780 |    0.1057 |   0.0566 |    0.1538 |   35.2392 |  41.9948
BiVAECF          | 0.0008 | 0.0101 | 0.0066 | 0.0084 |  0.1366 | 0.0120 |  0.0186 |   0.0381 |  0.0301 |       0.0004 |      0.0120 |       0.0038 |      0.0055 |    1.0000 |   0.0094 |    0.0290 |    0.0419 |   0.0210 |    0.0793 | 1415.4991 |  42.4637
