
VALIDATION:
...
                 |  F1@-1 |   F1@1 |  F1@10 |   F1@5 | NDCG@-1 | NDCG@1 | NDCG@10 | NDCG@100 | NDCG@50 | Precision@-1 | Precision@1 | Precision@10 | Precision@5 | Recall@-1 | Recall@1 | Recall@10 | Recall@20 | Recall@5 | Recall@50 | Time (s)
---------------- + ------ + ------ + ------ + ------ + ------- + ------ + ------- + -------- + ------- + ------------ + ----------- + ------------ + ----------- + --------- + -------- + --------- + --------- + -------- + --------- + --------
MostPop          | 0.0013 | 0.0184 | 0.0190 | 0.0233 |  0.1793 | 0.0201 |  0.0519 |   0.0965 |  0.0802 |       0.0006 |      0.0201 |       0.0108 |      0.0148 |    1.0000 |   0.0178 |    0.0915 |    0.1341 |   0.0626 |    0.2168 |  37.6024
MF               | 0.0013 | 0.0002 | 0.0014 | 0.0017 |  0.1172 | 0.0002 |  0.0028 |   0.0143 |  0.0090 |       0.0006 |      0.0002 |       0.0008 |      0.0011 |    1.0000 |   0.0002 |    0.0065 |    0.0110 |   0.0043 |    0.0354 |  40.9210
online_ibpr      | 0.0013 | 0.0021 | 0.0019 | 0.0023 |  0.1178 | 0.0021 |  0.0052 |   0.0145 |  0.0101 |       0.0006 |      0.0021 |       0.0011 |      0.0014 |    1.0000 |   0.0020 |    0.0092 |    0.0151 |   0.0062 |    0.0311 |  57.6504
BiVAECF          | 0.0013 | 0.0175 | 0.0166 | 0.0196 |  0.1731 | 0.0194 |  0.0454 |   0.0868 |  0.0717 |       0.0006 |      0.0194 |       0.0094 |      0.0124 |    1.0000 |   0.0167 |    0.0799 |    0.1195 |   0.0529 |    0.1971 |  41.2931
GridSearch_BPR   | 0.0013 | 0.0184 | 0.0191 | 0.0233 |  0.1793 | 0.0201 |  0.0519 |   0.0965 |  0.0802 |       0.0006 |      0.0201 |       0.0109 |      0.0148 |    1.0000 |   0.0178 |    0.0916 |    0.1342 |   0.0626 |    0.2170 |  38.9657
GridSearch_EASEᴿ | 0.0013 | 0.0325 | 0.0290 | 0.0349 |  0.2018 | 0.0366 |  0.0790 |   0.1269 |  0.1125 |       0.0006 |      0.0366 |       0.0168 |      0.0225 |    1.0000 |   0.0309 |    0.1342 |    0.1879 |   0.0916 |    0.2795 |  38.4844

TEST:
...
                 |  F1@-1 |   F1@1 |  F1@10 |   F1@5 | NDCG@-1 | NDCG@1 | NDCG@10 | NDCG@100 | NDCG@50 | Precision@-1 | Precision@1 | Precision@10 | Precision@5 | Recall@-1 | Recall@1 | Recall@10 | Recall@20 | Recall@5 | Recall@50 | Train (s) | Test (s)
---------------- + ------ + ------ + ------ + ------ + ------- + ------ + ------- + -------- + ------- + ------------ + ----------- + ------------ + ----------- + --------- + -------- + --------- + --------- + -------- + --------- + --------- + --------
MostPop          | 0.0013 | 0.0183 | 0.0189 | 0.0230 |  0.1788 | 0.0200 |  0.0515 |   0.0959 |  0.0797 |       0.0006 |      0.0200 |       0.0108 |      0.0146 |    1.0000 |   0.0176 |    0.0912 |    0.1346 |   0.0620 |    0.2161 |    0.0280 |  38.9163
MF               | 0.0013 | 0.0003 | 0.0015 | 0.0017 |  0.1172 | 0.0003 |  0.0030 |   0.0145 |  0.0091 |       0.0006 |      0.0003 |       0.0008 |      0.0011 |    1.0000 |   0.0003 |    0.0069 |    0.0114 |   0.0044 |    0.0355 |    0.2624 |  42.3113
online_ibpr      | 0.0013 | 0.0025 | 0.0020 | 0.0023 |  0.1181 | 0.0027 |  0.0056 |   0.0147 |  0.0104 |       0.0006 |      0.0027 |       0.0011 |      0.0014 |    1.0000 |   0.0024 |    0.0096 |    0.0155 |   0.0062 |    0.0313 |   64.2453 |  59.3286
BiVAECF          | 0.0013 | 0.0168 | 0.0165 | 0.0197 |  0.1725 | 0.0188 |  0.0449 |   0.0862 |  0.0713 |       0.0006 |      0.0188 |       0.0094 |      0.0124 |    1.0000 |   0.0159 |    0.0791 |    0.1176 |   0.0532 |    0.1963 |  997.8453 |  42.7086
GridSearch_BPR   | 0.0013 | 0.0183 | 0.0190 | 0.0230 |  0.1788 | 0.0200 |  0.0515 |   0.0959 |  0.0798 |       0.0006 |      0.0200 |       0.0108 |      0.0146 |    1.0000 |   0.0176 |    0.0916 |    0.1344 |   0.0620 |    0.2164 |  237.3916 |  40.1234
GridSearch_EASEᴿ | 0.0013 | 0.0327 | 0.0284 | 0.0347 |  0.2014 | 0.0372 |  0.0782 |   0.1263 |  0.1120 |       0.0006 |      0.0372 |       0.0164 |      0.0224 |    1.0000 |   0.0310 |    0.1318 |    0.1850 |   0.0909 |    0.2789 |   27.9478 |  39.6105
