
VALIDATION:
...
                 |  F1@-1 |   F1@1 |  F1@10 |   F1@5 | NDCG@-1 | NDCG@1 | NDCG@10 | NDCG@100 | NDCG@50 | Precision@-1 | Precision@1 | Precision@10 | Precision@5 | Recall@-1 | Recall@1 | Recall@10 | Recall@20 | Recall@5 | Recall@50 | Time (s)
---------------- + ------ + ------ + ------ + ------ + ------- + ------ + ------- + -------- + ------- + ------------ + ----------- + ------------ + ----------- + --------- + -------- + --------- + --------- + -------- + --------- + --------
MostPop          | 0.0203 | 0.2052 | 0.1423 | 0.1870 |  0.4990 | 0.2324 |  0.4201 |   0.4967 |  0.4844 |       0.0103 |      0.2324 |       0.0820 |      0.1202 |    1.0000 |   0.1940 |    0.6530 |    0.7828 |   0.4871 |    0.9171 |   6.7351
MF               | 0.0203 | 0.1221 | 0.0773 | 0.1103 |  0.3727 | 0.1359 |  0.2408 |   0.3644 |  0.3373 |       0.0103 |      0.1359 |       0.0444 |      0.0703 |    1.0000 |   0.1165 |    0.3622 |    0.4909 |   0.2930 |    0.7886 |   7.0600
online_ibpr      | 0.0203 | 0.0143 | 0.0179 | 0.0203 |  0.2090 | 0.0165 |  0.0457 |   0.1532 |  0.1002 |       0.0103 |      0.0165 |       0.0105 |      0.0134 |    1.0000 |   0.0135 |    0.0799 |    0.1406 |   0.0516 |    0.3243 |   7.3339
BiVAECF          | 0.0203 | 0.1802 | 0.1427 | 0.1854 |  0.4865 | 0.2042 |  0.4083 |   0.4814 |  0.4709 |       0.0103 |      0.2042 |       0.0824 |      0.1195 |    1.0000 |   0.1707 |    0.6530 |    0.7855 |   0.4803 |    0.9085 |   7.5637
GridSearch_BPR   | 0.0203 | 0.2052 | 0.1421 | 0.1871 |  0.4990 | 0.2325 |  0.4200 |   0.4965 |  0.4842 |       0.0103 |      0.2325 |       0.0819 |      0.1203 |    1.0000 |   0.1940 |    0.6521 |    0.7828 |   0.4874 |    0.9157 |   7.5256
GridSearch_EASEᴿ | 0.0203 | 0.2241 | 0.1495 | 0.2017 |  0.5156 | 0.2551 |  0.4433 |   0.5119 |  0.5008 |       0.0103 |      0.2551 |       0.0865 |      0.1305 |    1.0000 |   0.2116 |    0.6770 |    0.7989 |   0.5188 |    0.9117 |   7.2189

TEST:
...
                 |  F1@-1 |   F1@1 |  F1@10 |   F1@5 | NDCG@-1 | NDCG@1 | NDCG@10 | NDCG@100 | NDCG@50 | Precision@-1 | Precision@1 | Precision@10 | Precision@5 | Recall@-1 | Recall@1 | Recall@10 | Recall@20 | Recall@5 | Recall@50 | Train (s) | Test (s)
---------------- + ------ + ------ + ------ + ------ + ------- + ------ + ------- + -------- + ------- + ------------ + ----------- + ------------ + ----------- + --------- + -------- + --------- + --------- + -------- + --------- + --------- + --------
MostPop          | 0.0205 | 0.2169 | 0.1438 | 0.1890 |  0.5052 | 0.2488 |  0.4282 |   0.5028 |  0.4901 |       0.0105 |      0.2488 |       0.0830 |      0.1219 |    1.0000 |   0.2044 |    0.6586 |    0.7811 |   0.4912 |    0.9128 |    0.0049 |   7.0491
MF               | 0.0205 | 0.1185 | 0.0771 | 0.1081 |  0.3705 | 0.1342 |  0.2381 |   0.3625 |  0.3346 |       0.0105 |      0.1342 |       0.0444 |      0.0692 |    1.0000 |   0.1126 |    0.3588 |    0.4840 |   0.2866 |    0.7854 |    0.0901 |   7.2905
online_ibpr      | 0.0205 | 0.0163 | 0.0187 | 0.0217 |  0.2121 | 0.0186 |  0.0488 |   0.1576 |  0.1050 |       0.0105 |      0.0186 |       0.0110 |      0.0143 |    1.0000 |   0.0154 |    0.0834 |    0.1458 |   0.0556 |    0.3352 |   10.4009 |   7.7261
BiVAECF          | 0.0205 | 0.1878 | 0.1433 | 0.1893 |  0.4907 | 0.2165 |  0.4132 |   0.4857 |  0.4743 |       0.0105 |      0.2165 |       0.0829 |      0.1226 |    1.0000 |   0.1770 |    0.6533 |    0.7817 |   0.4883 |    0.9024 |   99.7093 |   7.8410
GridSearch_BPR   | 0.0205 | 0.2169 | 0.1435 | 0.1894 |  0.5052 | 0.2488 |  0.4278 |   0.5026 |  0.4901 |       0.0105 |      0.2488 |       0.0828 |      0.1222 |    1.0000 |   0.2044 |    0.6569 |    0.7809 |   0.4921 |    0.9125 |   31.4143 |   7.7903
GridSearch_EASEᴿ | 0.0205 | 0.2319 | 0.1509 | 0.2075 |  0.5241 | 0.2672 |  0.4534 |   0.5210 |  0.5095 |       0.0105 |      0.2672 |       0.0875 |      0.1349 |    1.0000 |   0.2182 |    0.6824 |    0.7962 |   0.5318 |    0.9121 |    4.0188 |   7.2487
