
VALIDATION:
...
                 |  F1@-1 |   F1@1 |  F1@10 |   F1@5 | NDCG@-1 | NDCG@1 | NDCG@10 | NDCG@100 | NDCG@50 | Precision@-1 | Precision@1 | Precision@10 | Precision@5 | Recall@-1 | Recall@1 | Recall@10 | Recall@20 | Recall@5 | Recall@50 | Time (s)
---------------- + ------ + ------ + ------ + ------ + ------- + ------ + ------- + -------- + ------- + ------------ + ----------- + ------------ + ----------- + --------- + -------- + --------- + --------- + -------- + --------- + --------
MostPop          | 0.0203 | 0.2052 | 0.1423 | 0.1870 |  0.4990 | 0.2324 |  0.4201 |   0.4967 |  0.4844 |       0.0103 |      0.2324 |       0.0820 |      0.1202 |    1.0000 |   0.1940 |    0.6530 |    0.7828 |   0.4871 |    0.9171 |   9.0450
MF               | 0.0203 | 0.1308 | 0.0743 | 0.0863 |  0.3535 | 0.1464 |  0.2205 |   0.3452 |  0.3146 |       0.0103 |      0.1464 |       0.0426 |      0.0553 |    1.0000 |   0.1246 |    0.3498 |    0.4817 |   0.2275 |    0.7704 |   9.3838
online_ibpr      | 0.0203 | 0.0073 | 0.0176 | 0.0171 |  0.2056 | 0.0096 |  0.0378 |   0.1672 |  0.1031 |       0.0103 |      0.0096 |       0.0104 |      0.0116 |    1.0000 |   0.0066 |    0.0764 |    0.1399 |   0.0418 |    0.3716 |   6.9796
GridSearch_BPR   | 0.0203 | 0.2052 | 0.1421 | 0.1871 |  0.4990 | 0.2325 |  0.4200 |   0.4965 |  0.4842 |       0.0103 |      0.2325 |       0.0819 |      0.1203 |    1.0000 |   0.1940 |    0.6521 |    0.7828 |   0.4874 |    0.9157 |   7.8277
GridSearch_EASEᴿ | 0.0203 | 0.2241 | 0.1495 | 0.2017 |  0.5156 | 0.2551 |  0.4433 |   0.5119 |  0.5008 |       0.0103 |      0.2551 |       0.0865 |      0.1305 |    1.0000 |   0.2116 |    0.6770 |    0.7989 |   0.5188 |    0.9117 |   7.5078
BiVAECF          | 0.0203 | 0.1715 | 0.1347 | 0.1667 |  0.4670 | 0.1949 |  0.3784 |   0.4624 |  0.4529 |       0.0103 |      0.1949 |       0.0778 |      0.1077 |    1.0000 |   0.1623 |    0.6140 |    0.7847 |   0.4321 |    0.9176 |   7.7184

TEST:
...
                 |  F1@-1 |   F1@1 |  F1@10 |   F1@5 | NDCG@-1 | NDCG@1 | NDCG@10 | NDCG@100 | NDCG@50 | Precision@-1 | Precision@1 | Precision@10 | Precision@5 | Recall@-1 | Recall@1 | Recall@10 | Recall@20 | Recall@5 | Recall@50 | Train (s) | Test (s)
---------------- + ------ + ------ + ------ + ------ + ------- + ------ + ------- + -------- + ------- + ------------ + ----------- + ------------ + ----------- + --------- + -------- + --------- + --------- + -------- + --------- + --------- + --------
MostPop          | 0.0205 | 0.2169 | 0.1438 | 0.1890 |  0.5052 | 0.2488 |  0.4282 |   0.5028 |  0.4901 |       0.0105 |      0.2488 |       0.0830 |      0.1219 |    1.0000 |   0.2044 |    0.6586 |    0.7811 |   0.4912 |    0.9128 |    0.0049 |   7.9133
MF               | 0.0205 | 0.1293 | 0.0733 | 0.0872 |  0.3516 | 0.1463 |  0.2172 |   0.3436 |  0.3130 |       0.0105 |      0.1463 |       0.0421 |      0.0561 |    1.0000 |   0.1227 |    0.3433 |    0.4780 |   0.2293 |    0.7714 |    0.4446 |   9.8255
online_ibpr      | 0.0205 | 0.0093 | 0.0176 | 0.0168 |  0.2062 | 0.0113 |  0.0383 |   0.1683 |  0.1034 |       0.0105 |      0.0113 |       0.0105 |      0.0114 |    1.0000 |   0.0087 |    0.0756 |    0.1375 |   0.0404 |    0.3683 |   12.9928 |   7.1999
GridSearch_BPR   | 0.0205 | 0.2169 | 0.1435 | 0.1894 |  0.5052 | 0.2488 |  0.4278 |   0.5026 |  0.4901 |       0.0105 |      0.2488 |       0.0828 |      0.1222 |    1.0000 |   0.2044 |    0.6569 |    0.7809 |   0.4921 |    0.9125 |   52.7765 |   7.5424
GridSearch_EASEᴿ | 0.0205 | 0.2319 | 0.1509 | 0.2075 |  0.5241 | 0.2672 |  0.4534 |   0.5210 |  0.5095 |       0.0105 |      0.2672 |       0.0875 |      0.1349 |    1.0000 |   0.2182 |    0.6824 |    0.7962 |   0.5318 |    0.9121 |    4.3565 |   7.7814
BiVAECF          | 0.0205 | 0.1834 | 0.1357 | 0.1697 |  0.4743 | 0.2094 |  0.3871 |   0.4689 |  0.4594 |       0.0105 |      0.2094 |       0.0786 |      0.1100 |    1.0000 |   0.1736 |    0.6176 |    0.7810 |   0.4385 |    0.9120 |  100.5543 |   7.7199
